<?xml version="1.0" ?>
<!DOCTYPE coverage SYSTEM "http://cobertura.sourceforge.net/xml/coverage-04.dtd">
<coverage lines-valid="340" lines-covered="127" line-rate="0.3735" branches-valid="154" branches-covered="60" branch-rate="0.3896" timestamp="1757397994502" complexity="0" version="0.1">
  <sources>
    <source>/Users/Richao/KandyWarz/candyWarz</source>
  </sources>
  <packages>
    <package name="constants" line-rate="0.6666" branch-rate="1">
      <classes>
        <class name="jokerIds.ts" filename="src/constants/jokerIds.ts" line-rate="0.6666" branch-rate="1">
          <methods>
            <method name="hasJokerById" hits="0" signature="()V">
              <lines>
                <line number="100" hits="0"/>
              </lines>
            </method>
            <method name="(anonymous_1)" hits="0" signature="()V">
              <lines>
                <line number="104" hits="0"/>
              </lines>
            </method>
            <method name="findJokerById" hits="0" signature="()V">
              <lines>
                <line number="108" hits="0"/>
              </lines>
            </method>
            <method name="(anonymous_3)" hits="0" signature="()V">
              <lines>
                <line number="109" hits="0"/>
              </lines>
            </method>
          </methods>
          <lines>
            <line number="5" hits="2" branch="false"/>
            <line number="60" hits="2" branch="false"/>
            <line number="100" hits="2" branch="false"/>
            <line number="104" hits="0" branch="false"/>
            <line number="108" hits="2" branch="false"/>
            <line number="109" hits="0" branch="false"/>
          </lines>
        </class>
      </classes>
    </package>
    <package name="types" line-rate="0" branch-rate="1">
      <classes>
        <class name="index.tsx" filename="src/types/index.tsx" line-rate="0" branch-rate="1">
          <methods>
          </methods>
          <lines>
            <line number="1" hits="0" branch="false"/>
          </lines>
        </class>
      </classes>
    </package>
    <package name="utils" line-rate="0.3693" branch-rate="0.3896">
      <classes>
        <class name="jokerEffectEngine.ts" filename="src/utils/jokerEffectEngine.ts" line-rate="0.7826000000000001" branch-rate="0.5312">
          <methods>
            <method name="(anonymous_0)" hits="46" signature="()V">
              <lines>
                <line number="85" hits="46"/>
              </lines>
            </method>
            <method name="(anonymous_1)" hits="0" signature="()V">
              <lines>
                <line number="94" hits="0"/>
              </lines>
            </method>
            <method name="(anonymous_2)" hits="44" signature="()V">
              <lines>
                <line number="99" hits="44"/>
              </lines>
            </method>
            <method name="(anonymous_3)" hits="36" signature="()V">
              <lines>
                <line number="154" hits="36"/>
              </lines>
            </method>
            <method name="(anonymous_4)" hits="6" signature="()V">
              <lines>
                <line number="172" hits="6"/>
              </lines>
            </method>
            <method name="(anonymous_5)" hits="19" signature="()V">
              <lines>
                <line number="177" hits="19"/>
              </lines>
            </method>
            <method name="(anonymous_6)" hits="19" signature="()V">
              <lines>
                <line number="178" hits="19"/>
              </lines>
            </method>
            <method name="(anonymous_7)" hits="19" signature="()V">
              <lines>
                <line number="179" hits="19"/>
              </lines>
            </method>
            <method name="(anonymous_8)" hits="8" signature="()V">
              <lines>
                <line number="200" hits="8"/>
              </lines>
            </method>
            <method name="(anonymous_9)" hits="6" signature="()V">
              <lines>
                <line number="209" hits="6"/>
              </lines>
            </method>
            <method name="(anonymous_10)" hits="1" signature="()V">
              <lines>
                <line number="213" hits="1"/>
              </lines>
            </method>
            <method name="(anonymous_11)" hits="1" signature="()V">
              <lines>
                <line number="216" hits="1"/>
              </lines>
            </method>
            <method name="(anonymous_12)" hits="2" signature="()V">
              <lines>
                <line number="225" hits="2"/>
              </lines>
            </method>
            <method name="(anonymous_13)" hits="1" signature="()V">
              <lines>
                <line number="226" hits="1"/>
              </lines>
            </method>
            <method name="(anonymous_14)" hits="61" signature="()V">
              <lines>
                <line number="230" hits="61"/>
              </lines>
            </method>
            <method name="(anonymous_15)" hits="0" signature="()V">
              <lines>
                <line number="235" hits="0"/>
              </lines>
            </method>
            <method name="convertLegacyJoker" hits="0" signature="()V">
              <lines>
                <line number="1049" hits="0"/>
              </lines>
            </method>
            <method name="(anonymous_17)" hits="24" signature="()V">
              <lines>
                <line number="1064" hits="24"/>
              </lines>
            </method>
            <method name="(anonymous_18)" hits="1152" signature="()V">
              <lines>
                <line number="1065" hits="1152"/>
              </lines>
            </method>
          </methods>
          <lines>
            <line number="77" hits="3" branch="false"/>
            <line number="81" hits="57" branch="false"/>
            <line number="82" hits="57" branch="false"/>
            <line number="86" hits="46" branch="false"/>
            <line number="87" hits="39" branch="false"/>
            <line number="88" hits="39" branch="false"/>
            <line number="95" hits="0" branch="false"/>
            <line number="107" hits="44" branch="false"/>
            <line number="109" hits="44" branch="false"/>
            <line number="110" hits="44" branch="false"/>
            <line number="111" hits="44" branch="true" condition-coverage="100% (2/2)"/>
            <line number="114" hits="29" branch="true" condition-coverage="100% (2/2)"/>
            <line number="118" hits="3" branch="false"/>
            <line number="120" hits="26" branch="true" condition-coverage="100% (2/2)"/>
            <line number="124" hits="1" branch="false"/>
            <line number="128" hits="25" branch="true" condition-coverage="50% (1/2)"/>
            <line number="129" hits="0" branch="true" condition-coverage="0% (0/2)"/>
            <line number="133" hits="0" branch="false"/>
            <line number="134" hits="0" branch="true" condition-coverage="0% (0/2)"/>
            <line number="138" hits="0" branch="false"/>
            <line number="139" hits="0" branch="true" condition-coverage="0% (0/2)"/>
            <line number="143" hits="0" branch="false"/>
            <line number="146" hits="25" branch="false"/>
            <line number="150" hits="44" branch="false"/>
            <line number="163" hits="36" branch="false"/>
            <line number="164" hits="36" branch="false"/>
            <line number="166" hits="36" branch="true" condition-coverage="100% (2/2)"/>
            <line number="167" hits="8" branch="false"/>
            <line number="170" hits="8" branch="false"/>
            <line number="172" hits="6" branch="false"/>
            <line number="177" hits="36" branch="false"/>
            <line number="178" hits="36" branch="false"/>
            <line number="179" hits="36" branch="false"/>
            <line number="182" hits="36" branch="true" condition-coverage="50% (1/2)"/>
            <line number="183" hits="0" branch="false"/>
            <line number="187" hits="36" branch="false"/>
            <line number="188" hits="9" branch="false"/>
            <line number="192" hits="36" branch="false"/>
            <line number="193" hits="10" branch="false"/>
            <line number="196" hits="36" branch="false"/>
            <line number="208" hits="8" branch="false"/>
            <line number="209" hits="8" branch="false"/>
            <line number="214" hits="1" branch="false"/>
            <line number="215" hits="1" branch="false"/>
            <line number="216" hits="1" branch="false"/>
            <line number="218" hits="1" branch="true" condition-coverage="75% (3/4)"/>
            <line number="219" hits="1" branch="false"/>
            <line number="226" hits="2" branch="false"/>
            <line number="231" hits="61" branch="false"/>
            <line number="236" hits="0" branch="false"/>
            <line number="237" hits="0" branch="false"/>
            <line number="238" hits="0" branch="false"/>
            <line number="241" hits="0" branch="false"/>
            <line number="242" hits="0" branch="false"/>
            <line number="245" hits="0" branch="false"/>
            <line number="250" hits="3" branch="false"/>
            <line number="1049" hits="3" branch="false"/>
            <line number="1052" hits="0" branch="false"/>
            <line number="1064" hits="3" branch="false"/>
            <line number="1065" hits="1152" branch="false"/>
            <line number="1068" hits="3" branch="false"/>
            <line number="1069" hits="3" branch="false"/>
            <line number="1070" hits="3" branch="false"/>
            <line number="1071" hits="3" branch="false"/>
            <line number="1072" hits="3" branch="false"/>
            <line number="1073" hits="3" branch="false"/>
            <line number="1074" hits="3" branch="false"/>
            <line number="1075" hits="3" branch="false"/>
            <line number="1077" hits="3" branch="false"/>
          </lines>
        </class>
        <class name="jokerService.ts" filename="src/utils/jokerService.ts" line-rate="0.4107" branch-rate="0.43">
          <methods>
            <method name="(anonymous_0)" hits="0" signature="()V">
              <lines>
                <line number="9" hits="0"/>
              </lines>
            </method>
            <method name="(anonymous_1)" hits="2" signature="()V">
              <lines>
                <line number="21" hits="2"/>
              </lines>
            </method>
            <method name="(anonymous_2)" hits="21" signature="()V">
              <lines>
                <line number="24" hits="21"/>
              </lines>
            </method>
            <method name="(anonymous_3)" hits="14" signature="()V">
              <lines>
                <line number="29" hits="14"/>
              </lines>
            </method>
            <method name="(anonymous_4)" hits="14" signature="()V">
              <lines>
                <line number="30" hits="14"/>
              </lines>
            </method>
            <method name="(anonymous_5)" hits="54" signature="()V">
              <lines>
                <line number="33" hits="54"/>
              </lines>
            </method>
            <method name="(anonymous_6)" hits="7" signature="()V">
              <lines>
                <line number="40" hits="7"/>
              </lines>
            </method>
            <method name="(anonymous_7)" hits="2" signature="()V">
              <lines>
                <line number="55" hits="2"/>
              </lines>
            </method>
            <method name="(anonymous_8)" hits="7" signature="()V">
              <lines>
                <line number="63" hits="7"/>
              </lines>
            </method>
            <method name="(anonymous_9)" hits="120" signature="()V">
              <lines>
                <line number="67" hits="120"/>
              </lines>
            </method>
            <method name="(anonymous_10)" hits="2" signature="()V">
              <lines>
                <line number="140" hits="2"/>
              </lines>
            </method>
            <method name="(anonymous_11)" hits="48" signature="()V">
              <lines>
                <line number="152" hits="48"/>
              </lines>
            </method>
            <method name="(anonymous_12)" hits="3" signature="()V">
              <lines>
                <line number="168" hits="3"/>
              </lines>
            </method>
            <method name="(anonymous_13)" hits="68" signature="()V">
              <lines>
                <line number="181" hits="68"/>
              </lines>
            </method>
            <method name="(anonymous_14)" hits="2" signature="()V">
              <lines>
                <line number="198" hits="2"/>
              </lines>
            </method>
            <method name="(anonymous_15)" hits="3" signature="()V">
              <lines>
                <line number="207" hits="3"/>
              </lines>
            </method>
            <method name="(anonymous_16)" hits="96" signature="()V">
              <lines>
                <line number="217" hits="96"/>
              </lines>
            </method>
            <method name="(anonymous_17)" hits="2" signature="()V">
              <lines>
                <line number="234" hits="2"/>
              </lines>
            </method>
            <method name="(anonymous_18)" hits="0" signature="()V">
              <lines>
                <line number="241" hits="0"/>
              </lines>
            </method>
            <method name="(anonymous_19)" hits="0" signature="()V">
              <lines>
                <line number="270" hits="0"/>
              </lines>
            </method>
            <method name="(anonymous_20)" hits="0" signature="()V">
              <lines>
                <line number="273" hits="0"/>
              </lines>
            </method>
            <method name="(anonymous_21)" hits="0" signature="()V">
              <lines>
                <line number="280" hits="0"/>
              </lines>
            </method>
            <method name="(anonymous_22)" hits="0" signature="()V">
              <lines>
                <line number="283" hits="0"/>
              </lines>
            </method>
            <method name="(anonymous_23)" hits="0" signature="()V">
              <lines>
                <line number="330" hits="0"/>
              </lines>
            </method>
            <method name="(anonymous_24)" hits="0" signature="()V">
              <lines>
                <line number="333" hits="0"/>
              </lines>
            </method>
            <method name="(anonymous_25)" hits="0" signature="()V">
              <lines>
                <line number="338" hits="0"/>
              </lines>
            </method>
            <method name="(anonymous_26)" hits="0" signature="()V">
              <lines>
                <line number="365" hits="0"/>
              </lines>
            </method>
            <method name="(anonymous_27)" hits="0" signature="()V">
              <lines>
                <line number="368" hits="0"/>
              </lines>
            </method>
            <method name="(anonymous_28)" hits="0" signature="()V">
              <lines>
                <line number="371" hits="0"/>
              </lines>
            </method>
            <method name="(anonymous_29)" hits="0" signature="()V">
              <lines>
                <line number="376" hits="0"/>
              </lines>
            </method>
            <method name="(anonymous_30)" hits="0" signature="()V">
              <lines>
                <line number="379" hits="0"/>
              </lines>
            </method>
            <method name="(anonymous_31)" hits="0" signature="()V">
              <lines>
                <line number="391" hits="0"/>
              </lines>
            </method>
            <method name="(anonymous_32)" hits="0" signature="()V">
              <lines>
                <line number="398" hits="0"/>
              </lines>
            </method>
            <method name="(anonymous_33)" hits="0" signature="()V">
              <lines>
                <line number="403" hits="0"/>
              </lines>
            </method>
            <method name="(anonymous_34)" hits="0" signature="()V">
              <lines>
                <line number="421" hits="0"/>
              </lines>
            </method>
            <method name="(anonymous_35)" hits="0" signature="()V">
              <lines>
                <line number="430" hits="0"/>
              </lines>
            </method>
            <method name="(anonymous_36)" hits="0" signature="()V">
              <lines>
                <line number="434" hits="0"/>
              </lines>
            </method>
          </methods>
          <lines>
            <line number="2" hits="2" branch="false"/>
            <line number="9" hits="2" branch="false"/>
            <line number="13" hits="0" branch="false"/>
            <line number="14" hits="0" branch="false"/>
            <line number="17" hits="2" branch="false"/>
            <line number="19" hits="2" branch="false"/>
            <line number="25" hits="21" branch="false"/>
            <line number="30" hits="14" branch="false"/>
            <line number="34" hits="54" branch="true" condition-coverage="100% (2/2)"/>
            <line number="35" hits="2" branch="false"/>
            <line number="37" hits="54" branch="false"/>
            <line number="49" hits="7" branch="true" condition-coverage="100% (2/2)"/>
            <line number="50" hits="2" branch="false"/>
            <line number="53" hits="2" branch="false"/>
            <line number="55" hits="2" branch="false"/>
            <line number="60" hits="7" branch="false"/>
            <line number="63" hits="7" branch="false"/>
            <line number="65" hits="7" branch="false"/>
            <line number="66" hits="7" branch="false"/>
            <line number="67" hits="120" branch="false"/>
            <line number="70" hits="7" branch="true" condition-coverage="100% (2/2)"/>
            <line number="71" hits="2" branch="false"/>
            <line number="74" hits="2" branch="false"/>
            <line number="75" hits="2" branch="true" condition-coverage="50% (1/2)"/>
            <line number="76" hits="2" branch="false"/>
            <line number="82" hits="7" branch="true" condition-coverage="100% (2/2)"/>
            <line number="84" hits="6" branch="true" condition-coverage="100% (4/4)"/>
            <line number="86" hits="2" branch="true" condition-coverage="100% (4/4)"/>
            <line number="87" hits="1" branch="false"/>
            <line number="89" hits="4" branch="true" condition-coverage="100% (4/4)"/>
            <line number="91" hits="2" branch="true" condition-coverage="100% (4/4)"/>
            <line number="92" hits="1" branch="false"/>
            <line number="94" hits="2" branch="true" condition-coverage="50% (2/4)"/>
            <line number="96" hits="0" branch="false"/>
            <line number="99" hits="2" branch="true" condition-coverage="50% (1/2)"/>
            <line number="100" hits="2" branch="false"/>
            <line number="104" hits="2" branch="false"/>
            <line number="110" hits="7" branch="false"/>
            <line number="114" hits="7" branch="true" condition-coverage="100% (2/2)"/>
            <line number="115" hits="2" branch="false"/>
            <line number="119" hits="7" branch="true" condition-coverage="100% (2/2)"/>
            <line number="120" hits="2" branch="false"/>
            <line number="124" hits="2" branch="true" condition-coverage="50% (1/2)"/>
            <line number="126" hits="2" branch="false"/>
            <line number="127" hits="2" branch="false"/>
            <line number="128" hits="2" branch="false"/>
            <line number="129" hits="2" branch="false"/>
            <line number="133" hits="2" branch="false"/>
            <line number="136" hits="7" branch="false"/>
            <line number="145" hits="2" branch="false"/>
            <line number="149" hits="2" branch="true" condition-coverage="100% (2/2)"/>
            <line number="151" hits="1" branch="false"/>
            <line number="152" hits="48" branch="false"/>
            <line number="154" hits="1" branch="true" condition-coverage="50% (1/2)"/>
            <line number="157" hits="0" branch="false"/>
            <line number="158" hits="0" branch="false"/>
            <line number="160" hits="0" branch="false"/>
            <line number="164" hits="0" branch="false"/>
            <line number="174" hits="3" branch="false"/>
            <line number="178" hits="3" branch="true" condition-coverage="100% (2/2)"/>
            <line number="180" hits="2" branch="false"/>
            <line number="181" hits="68" branch="false"/>
            <line number="183" hits="2" branch="true" condition-coverage="50% (1/2)"/>
            <line number="186" hits="2" branch="false"/>
            <line number="187" hits="2" branch="true" condition-coverage="50% (1/2)"/>
            <line number="189" hits="2" branch="false"/>
            <line number="194" hits="2" branch="false"/>
            <line number="199" hits="2" branch="false"/>
            <line number="203" hits="2" branch="false"/>
            <line number="213" hits="3" branch="false"/>
            <line number="214" hits="3" branch="true" condition-coverage="100% (2/2)"/>
            <line number="216" hits="2" branch="false"/>
            <line number="217" hits="96" branch="false"/>
            <line number="219" hits="2" branch="true" condition-coverage="50% (1/2)"/>
            <line number="222" hits="0" branch="false"/>
            <line number="223" hits="0" branch="true" condition-coverage="0% (0/2)"/>
            <line number="225" hits="0" branch="false"/>
            <line number="230" hits="0" branch="false"/>
            <line number="235" hits="2" branch="false"/>
            <line number="236" hits="2" branch="false"/>
            <line number="256" hits="0" branch="false"/>
            <line number="267" hits="0" branch="false"/>
            <line number="270" hits="0" branch="false"/>
            <line number="271" hits="0" branch="false"/>
            <line number="272" hits="0" branch="false"/>
            <line number="273" hits="0" branch="false"/>
            <line number="276" hits="0" branch="true" condition-coverage="0% (0/2)"/>
            <line number="279" hits="0" branch="false"/>
            <line number="280" hits="0" branch="false"/>
            <line number="283" hits="0" branch="false"/>
            <line number="284" hits="0" branch="false"/>
            <line number="285" hits="0" branch="false"/>
            <line number="288" hits="0" branch="true" condition-coverage="0% (0/2)"/>
            <line number="289" hits="0" branch="true" condition-coverage="0% (0/2)"/>
            <line number="290" hits="0" branch="false"/>
            <line number="291" hits="0" branch="true" condition-coverage="0% (0/2)"/>
            <line number="292" hits="0" branch="true" condition-coverage="0% (0/2)"/>
            <line number="293" hits="0" branch="false"/>
            <line number="294" hits="0" branch="true" condition-coverage="0% (0/2)"/>
            <line number="295" hits="0" branch="false"/>
            <line number="296" hits="0" branch="true" condition-coverage="0% (0/2)"/>
            <line number="297" hits="0" branch="false"/>
            <line number="298" hits="0" branch="true" condition-coverage="0% (0/2)"/>
            <line number="299" hits="0" branch="false"/>
            <line number="301" hits="0" branch="true" condition-coverage="0% (0/2)"/>
            <line number="302" hits="0" branch="false"/>
            <line number="303" hits="0" branch="false"/>
            <line number="305" hits="0" branch="true" condition-coverage="0% (0/2)"/>
            <line number="306" hits="0" branch="false"/>
            <line number="307" hits="0" branch="false"/>
            <line number="308" hits="0" branch="false"/>
            <line number="309" hits="0" branch="true" condition-coverage="0% (0/2)"/>
            <line number="310" hits="0" branch="false"/>
            <line number="311" hits="0" branch="false"/>
            <line number="312" hits="0" branch="false"/>
            <line number="315" hits="0" branch="false"/>
            <line number="326" hits="0" branch="false"/>
            <line number="327" hits="0" branch="false"/>
            <line number="328" hits="0" branch="false"/>
            <line number="330" hits="0" branch="false"/>
            <line number="331" hits="0" branch="false"/>
            <line number="332" hits="0" branch="false"/>
            <line number="333" hits="0" branch="false"/>
            <line number="336" hits="0" branch="true" condition-coverage="0% (0/2)"/>
            <line number="337" hits="0" branch="false"/>
            <line number="338" hits="0" branch="false"/>
            <line number="341" hits="0" branch="true" condition-coverage="0% (0/2)"/>
            <line number="342" hits="0" branch="false"/>
            <line number="344" hits="0" branch="true" condition-coverage="0% (0/2)"/>
            <line number="345" hits="0" branch="false"/>
            <line number="346" hits="0" branch="true" condition-coverage="0% (0/2)"/>
            <line number="347" hits="0" branch="false"/>
            <line number="348" hits="0" branch="true" condition-coverage="0% (0/2)"/>
            <line number="349" hits="0" branch="false"/>
            <line number="356" hits="0" branch="false"/>
            <line number="360" hits="0" branch="false"/>
            <line number="361" hits="0" branch="false"/>
            <line number="366" hits="0" branch="false"/>
            <line number="368" hits="0" branch="false"/>
            <line number="369" hits="0" branch="false"/>
            <line number="370" hits="0" branch="false"/>
            <line number="371" hits="0" branch="false"/>
            <line number="374" hits="0" branch="true" condition-coverage="0% (0/2)"/>
            <line number="375" hits="0" branch="false"/>
            <line number="376" hits="0" branch="false"/>
            <line number="379" hits="0" branch="false"/>
            <line number="380" hits="0" branch="true" condition-coverage="0% (0/2)"/>
            <line number="381" hits="0" branch="false"/>
            <line number="387" hits="0" branch="false"/>
            <line number="395" hits="0" branch="false"/>
            <line number="396" hits="0" branch="false"/>
            <line number="397" hits="0" branch="false"/>
            <line number="398" hits="0" branch="false"/>
            <line number="401" hits="0" branch="true" condition-coverage="0% (0/2)"/>
            <line number="402" hits="0" branch="false"/>
            <line number="404" hits="0" branch="true" condition-coverage="0% (0/2)"/>
            <line number="408" hits="0" branch="true" condition-coverage="0% (0/2)"/>
            <line number="409" hits="0" branch="false"/>
            <line number="418" hits="0" branch="false"/>
            <line number="427" hits="0" branch="false"/>
            <line number="430" hits="0" branch="false"/>
            <line number="431" hits="0" branch="true" condition-coverage="0% (0/2)"/>
            <line number="432" hits="0" branch="false"/>
            <line number="433" hits="0" branch="false"/>
            <line number="434" hits="0" branch="false"/>
            <line number="436" hits="0" branch="true" condition-coverage="0% (0/2)"/>
            <line number="437" hits="0" branch="false"/>
            <line number="443" hits="0" branch="false"/>
          </lines>
        </class>
        <class name="persistence.ts" filename="src/utils/persistence.ts" line-rate="0" branch-rate="0">
          <methods>
            <method name="(anonymous_1)" hits="0" signature="()V">
              <lines>
                <line number="14" hits="0"/>
              </lines>
            </method>
            <method name="(anonymous_2)" hits="0" signature="()V">
              <lines>
                <line number="25" hits="0"/>
              </lines>
            </method>
            <method name="(anonymous_3)" hits="0" signature="()V">
              <lines>
                <line number="39" hits="0"/>
              </lines>
            </method>
            <method name="(anonymous_4)" hits="0" signature="()V">
              <lines>
                <line number="50" hits="0"/>
              </lines>
            </method>
            <method name="(anonymous_5)" hits="0" signature="()V">
              <lines>
                <line number="62" hits="0"/>
              </lines>
            </method>
            <method name="(anonymous_6)" hits="0" signature="()V">
              <lines>
                <line number="65" hits="0"/>
              </lines>
            </method>
            <method name="(anonymous_7)" hits="0" signature="()V">
              <lines>
                <line number="68" hits="0"/>
              </lines>
            </method>
            <method name="(anonymous_8)" hits="0" signature="()V">
              <lines>
                <line number="71" hits="0"/>
              </lines>
            </method>
            <method name="(anonymous_9)" hits="0" signature="()V">
              <lines>
                <line number="74" hits="0"/>
              </lines>
            </method>
            <method name="(anonymous_10)" hits="0" signature="()V">
              <lines>
                <line number="77" hits="0"/>
              </lines>
            </method>
            <method name="(anonymous_11)" hits="0" signature="()V">
              <lines>
                <line number="80" hits="0"/>
              </lines>
            </method>
            <method name="(anonymous_12)" hits="0" signature="()V">
              <lines>
                <line number="83" hits="0"/>
              </lines>
            </method>
            <method name="(anonymous_13)" hits="0" signature="()V">
              <lines>
                <line number="86" hits="0"/>
              </lines>
            </method>
            <method name="(anonymous_14)" hits="0" signature="()V">
              <lines>
                <line number="89" hits="0"/>
              </lines>
            </method>
            <method name="(anonymous_15)" hits="0" signature="()V">
              <lines>
                <line number="92" hits="0"/>
              </lines>
            </method>
            <method name="(anonymous_16)" hits="0" signature="()V">
              <lines>
                <line number="95" hits="0"/>
              </lines>
            </method>
          </methods>
          <lines>
            <line number="1" hits="0" branch="false"/>
            <line number="4" hits="0" branch="false"/>
            <line number="14" hits="0" branch="false"/>
            <line number="15" hits="0" branch="false"/>
            <line number="16" hits="0" branch="false"/>
            <line number="17" hits="0" branch="false"/>
            <line number="18" hits="0" branch="false"/>
            <line number="20" hits="0" branch="false"/>
            <line number="21" hits="0" branch="false"/>
            <line number="25" hits="0" branch="false"/>
            <line number="26" hits="0" branch="false"/>
            <line number="27" hits="0" branch="false"/>
            <line number="28" hits="0" branch="true" condition-coverage="0% (0/2)"/>
            <line number="29" hits="0" branch="false"/>
            <line number="30" hits="0" branch="false"/>
            <line number="32" hits="0" branch="false"/>
            <line number="34" hits="0" branch="false"/>
            <line number="35" hits="0" branch="false"/>
            <line number="39" hits="0" branch="false"/>
            <line number="40" hits="0" branch="false"/>
            <line number="41" hits="0" branch="false"/>
            <line number="42" hits="0" branch="false"/>
            <line number="43" hits="0" branch="false"/>
            <line number="45" hits="0" branch="false"/>
            <line number="46" hits="0" branch="false"/>
            <line number="50" hits="0" branch="false"/>
            <line number="51" hits="0" branch="false"/>
            <line number="52" hits="0" branch="false"/>
            <line number="53" hits="0" branch="false"/>
            <line number="54" hits="0" branch="false"/>
            <line number="56" hits="0" branch="false"/>
            <line number="57" hits="0" branch="false"/>
            <line number="62" hits="0" branch="false"/>
            <line number="63" hits="0" branch="true" condition-coverage="0% (0/2)"/>
            <line number="65" hits="0" branch="false"/>
            <line number="66" hits="0" branch="true" condition-coverage="0% (0/2)"/>
            <line number="68" hits="0" branch="false"/>
            <line number="69" hits="0" branch="false"/>
            <line number="71" hits="0" branch="false"/>
            <line number="72" hits="0" branch="false"/>
            <line number="74" hits="0" branch="false"/>
            <line number="75" hits="0" branch="false"/>
            <line number="77" hits="0" branch="false"/>
            <line number="78" hits="0" branch="false"/>
            <line number="80" hits="0" branch="false"/>
            <line number="81" hits="0" branch="false"/>
            <line number="83" hits="0" branch="false"/>
            <line number="84" hits="0" branch="false"/>
            <line number="86" hits="0" branch="false"/>
            <line number="87" hits="0" branch="false"/>
            <line number="89" hits="0" branch="false"/>
            <line number="90" hits="0" branch="false"/>
            <line number="92" hits="0" branch="false"/>
            <line number="93" hits="0" branch="false"/>
            <line number="95" hits="0" branch="false"/>
            <line number="96" hits="0" branch="false"/>
            <line number="97" hits="0" branch="false"/>
          </lines>
        </class>
        <class name="responsive.ts" filename="src/utils/responsive.ts" line-rate="0" branch-rate="0">
          <methods>
            <method name="(anonymous_0)" hits="0" signature="()V">
              <lines>
                <line number="4" hits="0"/>
              </lines>
            </method>
            <method name="(anonymous_1)" hits="0" signature="()V">
              <lines>
                <line number="10" hits="0"/>
              </lines>
            </method>
            <method name="(anonymous_2)" hits="0" signature="()V">
              <lines>
                <line number="21" hits="0"/>
              </lines>
            </method>
            <method name="(anonymous_3)" hits="0" signature="()V">
              <lines>
                <line number="22" hits="0"/>
              </lines>
            </method>
            <method name="(anonymous_4)" hits="0" signature="()V">
              <lines>
                <line number="23" hits="0"/>
              </lines>
            </method>
            <method name="(anonymous_5)" hits="0" signature="()V">
              <lines>
                <line number="24" hits="0"/>
              </lines>
            </method>
            <method name="(anonymous_6)" hits="0" signature="()V">
              <lines>
                <line number="27" hits="0"/>
              </lines>
            </method>
            <method name="(anonymous_7)" hits="0" signature="()V">
              <lines>
                <line number="47" hits="0"/>
              </lines>
            </method>
            <method name="(anonymous_8)" hits="0" signature="()V">
              <lines>
                <line number="48" hits="0"/>
              </lines>
            </method>
            <method name="(anonymous_9)" hits="0" signature="()V">
              <lines>
                <line number="51" hits="0"/>
              </lines>
            </method>
            <method name="(anonymous_10)" hits="0" signature="()V">
              <lines>
                <line number="52" hits="0"/>
              </lines>
            </method>
            <method name="(anonymous_11)" hits="0" signature="()V">
              <lines>
                <line number="55" hits="0"/>
              </lines>
            </method>
            <method name="(anonymous_12)" hits="0" signature="()V">
              <lines>
                <line number="56" hits="0"/>
              </lines>
            </method>
            <method name="(anonymous_13)" hits="0" signature="()V">
              <lines>
                <line number="59" hits="0"/>
              </lines>
            </method>
            <method name="(anonymous_14)" hits="0" signature="()V">
              <lines>
                <line number="60" hits="0"/>
              </lines>
            </method>
            <method name="(anonymous_15)" hits="0" signature="()V">
              <lines>
                <line number="61" hits="0"/>
              </lines>
            </method>
            <method name="(anonymous_16)" hits="0" signature="()V">
              <lines>
                <line number="64" hits="0"/>
              </lines>
            </method>
            <method name="(anonymous_17)" hits="0" signature="()V">
              <lines>
                <line number="65" hits="0"/>
              </lines>
            </method>
            <method name="(anonymous_18)" hits="0" signature="()V">
              <lines>
                <line number="66" hits="0"/>
              </lines>
            </method>
            <method name="(anonymous_19)" hits="0" signature="()V">
              <lines>
                <line number="67" hits="0"/>
              </lines>
            </method>
            <method name="(anonymous_20)" hits="0" signature="()V">
              <lines>
                <line number="70" hits="0"/>
              </lines>
            </method>
            <method name="(anonymous_21)" hits="0" signature="()V">
              <lines>
                <line number="71" hits="0"/>
              </lines>
            </method>
            <method name="(anonymous_22)" hits="0" signature="()V">
              <lines>
                <line number="74" hits="0"/>
              </lines>
            </method>
          </methods>
          <lines>
            <line number="1" hits="0" branch="false"/>
            <line number="4" hits="0" branch="false"/>
            <line number="5" hits="0" branch="false"/>
            <line number="6" hits="0" branch="false"/>
            <line number="10" hits="0" branch="false"/>
            <line number="11" hits="0" branch="false"/>
            <line number="13" hits="0" branch="true" condition-coverage="0% (0/2)"/>
            <line number="14" hits="0" branch="true" condition-coverage="0% (0/2)"/>
            <line number="15" hits="0" branch="true" condition-coverage="0% (0/2)"/>
            <line number="16" hits="0" branch="true" condition-coverage="0% (0/2)"/>
            <line number="17" hits="0" branch="false"/>
            <line number="21" hits="0" branch="false"/>
            <line number="22" hits="0" branch="false"/>
            <line number="23" hits="0" branch="false"/>
            <line number="24" hits="0" branch="false"/>
            <line number="27" hits="0" branch="false"/>
            <line number="33" hits="0" branch="false"/>
            <line number="34" hits="0" branch="true" condition-coverage="0% (0/6)"/>
            <line number="35" hits="0" branch="false"/>
            <line number="36" hits="0" branch="false"/>
            <line number="37" hits="0" branch="false"/>
            <line number="40" hits="0" branch="false"/>
            <line number="45" hits="0" branch="false"/>
            <line number="47" hits="0" branch="false"/>
            <line number="48" hits="0" branch="false"/>
            <line number="51" hits="0" branch="false"/>
            <line number="52" hits="0" branch="false"/>
            <line number="55" hits="0" branch="false"/>
            <line number="56" hits="0" branch="false"/>
            <line number="59" hits="0" branch="false"/>
            <line number="60" hits="0" branch="false"/>
            <line number="61" hits="0" branch="false"/>
            <line number="64" hits="0" branch="false"/>
            <line number="65" hits="0" branch="false"/>
            <line number="66" hits="0" branch="false"/>
            <line number="67" hits="0" branch="false"/>
            <line number="70" hits="0" branch="false"/>
            <line number="71" hits="0" branch="false"/>
            <line number="74" hits="0" branch="true" condition-coverage="0% (0/2)"/>
          </lines>
        </class>
      </classes>
    </package>
  </packages>
</coverage>
