{"/Users/Richao/KandyWarz/candyWarz/src/constants/jokerIds.ts": {"path":"/Users/Richao/KandyWarz/candyWarz/src/constants/jokerIds.ts","statementMap":{"0":{"start":{"line":5,"column":25},"end":{"line":71,"column":10}},"1":{"start":{"line":74,"column":51},"end":{"line":123,"column":1}},"2":{"start":{"line":130,"column":2},"end":{"line":130,"column":45}},"3":{"start":{"line":130,"column":28},"end":{"line":130,"column":43}},"4":{"start":{"line":135,"column":2},"end":{"line":135,"column":45}},"5":{"start":{"line":135,"column":28},"end":{"line":135,"column":43}}},"fnMap":{"0":{"name":"hasJokerById","decl":{"start":{"line":126,"column":16},"end":{"line":126,"column":28}},"loc":{"start":{"line":129,"column":11},"end":{"line":131,"column":1}},"line":129},"1":{"name":"(anonymous_1)","decl":{"start":{"line":130,"column":21},"end":{"line":130,"column":22}},"loc":{"start":{"line":130,"column":28},"end":{"line":130,"column":43}},"line":130},"2":{"name":"findJokerById","decl":{"start":{"line":134,"column":16},"end":{"line":134,"column":29}},"loc":{"start":{"line":134,"column":96},"end":{"line":136,"column":1}},"line":134},"3":{"name":"(anonymous_3)","decl":{"start":{"line":135,"column":21},"end":{"line":135,"column":22}},"loc":{"start":{"line":135,"column":28},"end":{"line":135,"column":43}},"line":135}},"branchMap":{},"s":{"0":0,"1":0,"2":0,"3":0,"4":0,"5":0},"f":{"0":0,"1":0,"2":0,"3":0},"b":{}}
,"/Users/Richao/KandyWarz/candyWarz/src/context/FlavorTextContext.tsx": {"path":"/Users/Richao/KandyWarz/candyWarz/src/context/FlavorTextContext.tsx","statementMap":{"0":{"start":{"line":15,"column":53},"end":{"line":75,"column":1}},"1":{"start":{"line":77,"column":29},"end":{"line":130,"column":1}},"2":{"start":{"line":78,"column":19},"end":{"line":78,"column":35}},"3":{"start":{"line":79,"column":26},"end":{"line":79,"column":67}},"4":{"start":{"line":79,"column":50},"end":{"line":79,"column":66}},"5":{"start":{"line":81,"column":19},"end":{"line":92,"column":16}},"6":{"start":{"line":82,"column":18},"end":{"line":82,"column":38}},"7":{"start":{"line":83,"column":4},"end":{"line":89,"column":5}},"8":{"start":{"line":84,"column":6},"end":{"line":84,"column":63}},"9":{"start":{"line":85,"column":27},"end":{"line":85,"column":48}},"10":{"start":{"line":86,"column":25},"end":{"line":86,"column":86}},"11":{"start":{"line":87,"column":6},"end":{"line":87,"column":71}},"12":{"start":{"line":88,"column":6},"end":{"line":88,"column":13}},"13":{"start":{"line":90,"column":23},"end":{"line":90,"column":70}},"14":{"start":{"line":91,"column":4},"end":{"line":91,"column":58}},"15":{"start":{"line":94,"column":20},"end":{"line":96,"column":16}},"16":{"start":{"line":95,"column":4},"end":{"line":95,"column":31}},"17":{"start":{"line":98,"column":24},"end":{"line":100,"column":16}},"18":{"start":{"line":99,"column":4},"end":{"line":99,"column":28}},"19":{"start":{"line":102,"column":24},"end":{"line":104,"column":16}},"20":{"start":{"line":103,"column":4},"end":{"line":103,"column":32}},"21":{"start":{"line":106,"column":32},"end":{"line":108,"column":16}},"22":{"start":{"line":107,"column":4},"end":{"line":107,"column":32}},"23":{"start":{"line":111,"column":2},"end":{"line":129,"column":5}},"24":{"start":{"line":111,"column":24},"end":{"line":120,"column":3}}},"fnMap":{"0":{"name":"(anonymous_0)","decl":{"start":{"line":77,"column":29},"end":{"line":77,"column":30}},"loc":{"start":{"line":77,"column":35},"end":{"line":130,"column":1}},"line":77},"1":{"name":"(anonymous_1)","decl":{"start":{"line":79,"column":41},"end":{"line":79,"column":42}},"loc":{"start":{"line":79,"column":50},"end":{"line":79,"column":66}},"line":79},"2":{"name":"(anonymous_2)","decl":{"start":{"line":81,"column":31},"end":{"line":81,"column":32}},"loc":{"start":{"line":81,"column":55},"end":{"line":92,"column":3}},"line":81},"3":{"name":"(anonymous_3)","decl":{"start":{"line":94,"column":32},"end":{"line":94,"column":33}},"loc":{"start":{"line":94,"column":53},"end":{"line":96,"column":3}},"line":94},"4":{"name":"(anonymous_4)","decl":{"start":{"line":98,"column":36},"end":{"line":98,"column":37}},"loc":{"start":{"line":98,"column":54},"end":{"line":100,"column":3}},"line":98},"5":{"name":"(anonymous_5)","decl":{"start":{"line":102,"column":36},"end":{"line":102,"column":37}},"loc":{"start":{"line":102,"column":58},"end":{"line":104,"column":3}},"line":102},"6":{"name":"(anonymous_6)","decl":{"start":{"line":106,"column":44},"end":{"line":106,"column":45}},"loc":{"start":{"line":106,"column":50},"end":{"line":108,"column":3}},"line":106},"7":{"name":"(anonymous_7)","decl":{"start":{"line":111,"column":17},"end":{"line":111,"column":18}},"loc":{"start":{"line":111,"column":24},"end":{"line":120,"column":3}},"line":111}},"branchMap":{"0":{"loc":{"start":{"line":83,"column":4},"end":{"line":89,"column":5}},"type":"if","locations":[{"start":{"line":83,"column":4},"end":{"line":89,"column":5}},{"start":{},"end":{}}],"line":83}},"s":{"0":0,"1":0,"2":0,"3":0,"4":0,"5":0,"6":0,"7":0,"8":0,"9":0,"10":0,"11":0,"12":0,"13":0,"14":0,"15":0,"16":0,"17":0,"18":0,"19":0,"20":0,"21":0,"22":0,"23":0,"24":0},"f":{"0":0,"1":0,"2":0,"3":0,"4":0,"5":0,"6":0,"7":0},"b":{"0":[0,0]}}
,"/Users/Richao/KandyWarz/candyWarz/src/data/tutorialSequences.ts": {"path":"/Users/Richao/KandyWarz/candyWarz/src/data/tutorialSequences.ts","statementMap":{"0":{"start":{"line":1,"column":34},"end":{"line":155,"column":1}},"1":{"start":{"line":157,"column":33},"end":{"line":164,"column":10}}},"fnMap":{},"branchMap":{},"s":{"0":0,"1":0},"f":{},"b":{}}
,"/Users/Richao/KandyWarz/candyWarz/src/hooks/useCandySales.ts": {"path":"/Users/Richao/KandyWarz/candyWarz/src/hooks/useCandySales.ts","statementMap":{"0":{"start":{"line":12,"column":29},"end":{"line":67,"column":1}},"1":{"start":{"line":13,"column":19},"end":{"line":13,"column":35}},"2":{"start":{"line":14,"column":26},"end":{"line":14,"column":67}},"3":{"start":{"line":14,"column":50},"end":{"line":14,"column":66}},"4":{"start":{"line":16,"column":21},"end":{"line":18,"column":16}},"5":{"start":{"line":17,"column":4},"end":{"line":17,"column":28}},"6":{"start":{"line":20,"column":22},"end":{"line":22,"column":16}},"7":{"start":{"line":21,"column":4},"end":{"line":21,"column":30}},"8":{"start":{"line":24,"column":24},"end":{"line":26,"column":16}},"9":{"start":{"line":25,"column":4},"end":{"line":25,"column":27}},"10":{"start":{"line":28,"column":16},"end":{"line":30,"column":16}},"11":{"start":{"line":29,"column":4},"end":{"line":29,"column":32}},"12":{"start":{"line":32,"column":27},"end":{"line":34,"column":29}},"13":{"start":{"line":33,"column":4},"end":{"line":33,"column":72}},"14":{"start":{"line":33,"column":48},"end":{"line":33,"column":70}},"15":{"start":{"line":36,"column":29},"end":{"line":38,"column":24}},"16":{"start":{"line":37,"column":4},"end":{"line":37,"column":79}},"17":{"start":{"line":37,"column":58},"end":{"line":37,"column":74}},"18":{"start":{"line":40,"column":24},"end":{"line":42,"column":16}},"19":{"start":{"line":41,"column":4},"end":{"line":41,"column":28}},"20":{"start":{"line":44,"column":21},"end":{"line":46,"column":16}},"21":{"start":{"line":45,"column":4},"end":{"line":45,"column":32}},"22":{"start":{"line":48,"column":33},"end":{"line":51,"column":8}},"23":{"start":{"line":50,"column":4},"end":{"line":50,"column":13}},"24":{"start":{"line":53,"column":2},"end":{"line":66,"column":4}}},"fnMap":{"0":{"name":"(anonymous_0)","decl":{"start":{"line":12,"column":29},"end":{"line":12,"column":30}},"loc":{"start":{"line":12,"column":35},"end":{"line":67,"column":1}},"line":12},"1":{"name":"(anonymous_1)","decl":{"start":{"line":14,"column":41},"end":{"line":14,"column":42}},"loc":{"start":{"line":14,"column":50},"end":{"line":14,"column":66}},"line":14},"2":{"name":"(anonymous_2)","decl":{"start":{"line":16,"column":33},"end":{"line":16,"column":34}},"loc":{"start":{"line":16,"column":48},"end":{"line":18,"column":3}},"line":16},"3":{"name":"(anonymous_3)","decl":{"start":{"line":20,"column":34},"end":{"line":20,"column":35}},"loc":{"start":{"line":20,"column":52},"end":{"line":22,"column":3}},"line":20},"4":{"name":"(anonymous_4)","decl":{"start":{"line":24,"column":36},"end":{"line":24,"column":37}},"loc":{"start":{"line":24,"column":42},"end":{"line":26,"column":3}},"line":24},"5":{"name":"(anonymous_5)","decl":{"start":{"line":28,"column":28},"end":{"line":28,"column":29}},"loc":{"start":{"line":28,"column":34},"end":{"line":30,"column":3}},"line":28},"6":{"name":"(anonymous_6)","decl":{"start":{"line":32,"column":39},"end":{"line":32,"column":40}},"loc":{"start":{"line":32,"column":59},"end":{"line":34,"column":3}},"line":32},"7":{"name":"(anonymous_7)","decl":{"start":{"line":33,"column":40},"end":{"line":33,"column":41}},"loc":{"start":{"line":33,"column":48},"end":{"line":33,"column":70}},"line":33},"8":{"name":"(anonymous_8)","decl":{"start":{"line":36,"column":41},"end":{"line":36,"column":42}},"loc":{"start":{"line":36,"column":61},"end":{"line":38,"column":3}},"line":36},"9":{"name":"(anonymous_9)","decl":{"start":{"line":37,"column":43},"end":{"line":37,"column":44}},"loc":{"start":{"line":37,"column":58},"end":{"line":37,"column":74}},"line":37},"10":{"name":"(anonymous_10)","decl":{"start":{"line":40,"column":36},"end":{"line":40,"column":37}},"loc":{"start":{"line":40,"column":51},"end":{"line":42,"column":3}},"line":40},"11":{"name":"(anonymous_11)","decl":{"start":{"line":44,"column":33},"end":{"line":44,"column":34}},"loc":{"start":{"line":44,"column":39},"end":{"line":46,"column":3}},"line":44},"12":{"name":"(anonymous_12)","decl":{"start":{"line":48,"column":45},"end":{"line":48,"column":46}},"loc":{"start":{"line":48,"column":51},"end":{"line":51,"column":3}},"line":48}},"branchMap":{},"s":{"0":0,"1":0,"2":0,"3":0,"4":0,"5":0,"6":0,"7":0,"8":0,"9":0,"10":0,"11":0,"12":0,"13":0,"14":0,"15":0,"16":0,"17":0,"18":0,"19":0,"20":0,"21":0,"22":0,"23":0,"24":0},"f":{"0":0,"1":0,"2":0,"3":0,"4":0,"5":0,"6":0,"7":0,"8":0,"9":0,"10":0,"11":0,"12":0},"b":{}}
,"/Users/Richao/KandyWarz/candyWarz/src/hooks/useComputedJokerEffects.ts": {"path":"/Users/Richao/KandyWarz/candyWarz/src/hooks/useComputedJokerEffects.ts","statementMap":{"0":{"start":{"line":16,"column":39},"end":{"line":71,"column":1}},"1":{"start":{"line":17,"column":19},"end":{"line":17,"column":35}},"2":{"start":{"line":18,"column":24},"end":{"line":18,"column":37}},"3":{"start":{"line":21,"column":17},"end":{"line":21,"column":60}},"4":{"start":{"line":21,"column":41},"end":{"line":21,"column":59}},"5":{"start":{"line":22,"column":24},"end":{"line":22,"column":74}},"6":{"start":{"line":22,"column":48},"end":{"line":22,"column":73}},"7":{"start":{"line":23,"column":26},"end":{"line":23,"column":78}},"8":{"start":{"line":23,"column":50},"end":{"line":23,"column":77}},"9":{"start":{"line":24,"column":22},"end":{"line":24,"column":69}},"10":{"start":{"line":24,"column":46},"end":{"line":24,"column":68}},"11":{"start":{"line":25,"column":29},"end":{"line":25,"column":82}},"12":{"start":{"line":25,"column":53},"end":{"line":25,"column":81}},"13":{"start":{"line":28,"column":2},"end":{"line":38,"column":34}},"14":{"start":{"line":29,"column":4},"end":{"line":37,"column":5}},"15":{"start":{"line":30,"column":6},"end":{"line":34,"column":7}},"16":{"start":{"line":31,"column":8},"end":{"line":31,"column":75}},"17":{"start":{"line":32,"column":8},"end":{"line":32,"column":37}},"18":{"start":{"line":33,"column":8},"end":{"line":33,"column":38}},"19":{"start":{"line":36,"column":6},"end":{"line":36,"column":58}},"20":{"start":{"line":41,"column":2},"end":{"line":45,"column":24}},"21":{"start":{"line":42,"column":4},"end":{"line":44,"column":5}},"22":{"start":{"line":43,"column":6},"end":{"line":43,"column":36}},"23":{"start":{"line":48,"column":2},"end":{"line":61,"column":73}},"24":{"start":{"line":49,"column":4},"end":{"line":60,"column":5}},"25":{"start":{"line":51,"column":6},"end":{"line":57,"column":7}},"26":{"start":{"line":52,"column":8},"end":{"line":52,"column":72}},"27":{"start":{"line":53,"column":8},"end":{"line":56,"column":12}},"28":{"start":{"line":59,"column":6},"end":{"line":59,"column":62}},"29":{"start":{"line":64,"column":2},"end":{"line":70,"column":4}}},"fnMap":{"0":{"name":"(anonymous_0)","decl":{"start":{"line":16,"column":39},"end":{"line":16,"column":40}},"loc":{"start":{"line":16,"column":45},"end":{"line":71,"column":1}},"line":16},"1":{"name":"(anonymous_1)","decl":{"start":{"line":21,"column":32},"end":{"line":21,"column":33}},"loc":{"start":{"line":21,"column":41},"end":{"line":21,"column":59}},"line":21},"2":{"name":"(anonymous_2)","decl":{"start":{"line":22,"column":39},"end":{"line":22,"column":40}},"loc":{"start":{"line":22,"column":48},"end":{"line":22,"column":73}},"line":22},"3":{"name":"(anonymous_3)","decl":{"start":{"line":23,"column":41},"end":{"line":23,"column":42}},"loc":{"start":{"line":23,"column":50},"end":{"line":23,"column":77}},"line":23},"4":{"name":"(anonymous_4)","decl":{"start":{"line":24,"column":37},"end":{"line":24,"column":38}},"loc":{"start":{"line":24,"column":46},"end":{"line":24,"column":68}},"line":24},"5":{"name":"(anonymous_5)","decl":{"start":{"line":25,"column":44},"end":{"line":25,"column":45}},"loc":{"start":{"line":25,"column":53},"end":{"line":25,"column":81}},"line":25},"6":{"name":"(anonymous_6)","decl":{"start":{"line":28,"column":12},"end":{"line":28,"column":13}},"loc":{"start":{"line":28,"column":18},"end":{"line":38,"column":3}},"line":28},"7":{"name":"(anonymous_7)","decl":{"start":{"line":41,"column":12},"end":{"line":41,"column":13}},"loc":{"start":{"line":41,"column":18},"end":{"line":45,"column":3}},"line":41},"8":{"name":"(anonymous_8)","decl":{"start":{"line":48,"column":12},"end":{"line":48,"column":13}},"loc":{"start":{"line":48,"column":18},"end":{"line":61,"column":3}},"line":48}},"branchMap":{"0":{"loc":{"start":{"line":30,"column":6},"end":{"line":34,"column":7}},"type":"if","locations":[{"start":{"line":30,"column":6},"end":{"line":34,"column":7}},{"start":{},"end":{}}],"line":30},"1":{"loc":{"start":{"line":30,"column":10},"end":{"line":30,"column":52}},"type":"binary-expr","locations":[{"start":{"line":30,"column":10},"end":{"line":30,"column":26}},{"start":{"line":30,"column":30},"end":{"line":30,"column":52}}],"line":30},"2":{"loc":{"start":{"line":42,"column":4},"end":{"line":44,"column":5}},"type":"if","locations":[{"start":{"line":42,"column":4},"end":{"line":44,"column":5}},{"start":{},"end":{}}],"line":42},"3":{"loc":{"start":{"line":51,"column":6},"end":{"line":57,"column":7}},"type":"if","locations":[{"start":{"line":51,"column":6},"end":{"line":57,"column":7}},{"start":{},"end":{}}],"line":51}},"s":{"0":0,"1":0,"2":0,"3":0,"4":0,"5":0,"6":0,"7":0,"8":0,"9":0,"10":0,"11":0,"12":0,"13":0,"14":0,"15":0,"16":0,"17":0,"18":0,"19":0,"20":0,"21":0,"22":0,"23":0,"24":0,"25":0,"26":0,"27":0,"28":0,"29":0},"f":{"0":0,"1":0,"2":0,"3":0,"4":0,"5":0,"6":0,"7":0,"8":0},"b":{"0":[0,0],"1":[0,0],"2":[0,0],"3":[0,0]}}
,"/Users/Richao/KandyWarz/candyWarz/src/hooks/useDailyStats.ts": {"path":"/Users/Richao/KandyWarz/candyWarz/src/hooks/useDailyStats.ts","statementMap":{"0":{"start":{"line":13,"column":29},"end":{"line":98,"column":1}},"1":{"start":{"line":14,"column":19},"end":{"line":14,"column":35}},"2":{"start":{"line":15,"column":26},"end":{"line":15,"column":67}},"3":{"start":{"line":15,"column":50},"end":{"line":15,"column":66}},"4":{"start":{"line":16,"column":22},"end":{"line":16,"column":55}},"5":{"start":{"line":18,"column":27},"end":{"line":20,"column":16}},"6":{"start":{"line":19,"column":4},"end":{"line":19,"column":35}},"7":{"start":{"line":22,"column":27},"end":{"line":24,"column":16}},"8":{"start":{"line":23,"column":4},"end":{"line":23,"column":33}},"9":{"start":{"line":26,"column":27},"end":{"line":28,"column":16}},"10":{"start":{"line":27,"column":4},"end":{"line":27,"column":40}},"11":{"start":{"line":30,"column":34},"end":{"line":32,"column":16}},"12":{"start":{"line":31,"column":4},"end":{"line":31,"column":50}},"13":{"start":{"line":34,"column":21},"end":{"line":36,"column":16}},"14":{"start":{"line":35,"column":4},"end":{"line":35,"column":32}},"15":{"start":{"line":38,"column":16},"end":{"line":40,"column":16}},"16":{"start":{"line":39,"column":4},"end":{"line":39,"column":32}},"17":{"start":{"line":42,"column":32},"end":{"line":44,"column":16}},"18":{"start":{"line":43,"column":4},"end":{"line":43,"column":32}},"19":{"start":{"line":46,"column":24},"end":{"line":57,"column":39}},"20":{"start":{"line":47,"column":23},"end":{"line":47,"column":100}},"21":{"start":{"line":48,"column":4},"end":{"line":48,"column":82}},"22":{"start":{"line":49,"column":19},"end":{"line":54,"column":5}},"23":{"start":{"line":55,"column":4},"end":{"line":55,"column":69}},"24":{"start":{"line":56,"column":4},"end":{"line":56,"column":18}},"25":{"start":{"line":59,"column":20},"end":{"line":61,"column":49}},"26":{"start":{"line":60,"column":4},"end":{"line":60,"column":105}},"27":{"start":{"line":63,"column":19},"end":{"line":65,"column":49}},"28":{"start":{"line":64,"column":4},"end":{"line":64,"column":109}},"29":{"start":{"line":67,"column":23},"end":{"line":69,"column":49}},"30":{"start":{"line":68,"column":4},"end":{"line":68,"column":117}},"31":{"start":{"line":71,"column":27},"end":{"line":74,"column":8}},"32":{"start":{"line":73,"column":4},"end":{"line":73,"column":57}},"33":{"start":{"line":76,"column":24},"end":{"line":78,"column":34}},"34":{"start":{"line":77,"column":4},"end":{"line":77,"column":63}},"35":{"start":{"line":77,"column":48},"end":{"line":77,"column":61}},"36":{"start":{"line":80,"column":2},"end":{"line":97,"column":4}}},"fnMap":{"0":{"name":"(anonymous_0)","decl":{"start":{"line":13,"column":29},"end":{"line":13,"column":30}},"loc":{"start":{"line":13,"column":35},"end":{"line":98,"column":1}},"line":13},"1":{"name":"(anonymous_1)","decl":{"start":{"line":15,"column":41},"end":{"line":15,"column":42}},"loc":{"start":{"line":15,"column":50},"end":{"line":15,"column":66}},"line":15},"2":{"name":"(anonymous_2)","decl":{"start":{"line":18,"column":39},"end":{"line":18,"column":40}},"loc":{"start":{"line":18,"column":57},"end":{"line":20,"column":3}},"line":18},"3":{"name":"(anonymous_3)","decl":{"start":{"line":22,"column":39},"end":{"line":22,"column":40}},"loc":{"start":{"line":22,"column":55},"end":{"line":24,"column":3}},"line":22},"4":{"name":"(anonymous_4)","decl":{"start":{"line":26,"column":39},"end":{"line":26,"column":40}},"loc":{"start":{"line":26,"column":55},"end":{"line":28,"column":3}},"line":26},"5":{"name":"(anonymous_5)","decl":{"start":{"line":30,"column":46},"end":{"line":30,"column":47}},"loc":{"start":{"line":30,"column":69},"end":{"line":32,"column":3}},"line":30},"6":{"name":"(anonymous_6)","decl":{"start":{"line":34,"column":33},"end":{"line":34,"column":34}},"loc":{"start":{"line":34,"column":39},"end":{"line":36,"column":3}},"line":34},"7":{"name":"(anonymous_7)","decl":{"start":{"line":38,"column":28},"end":{"line":38,"column":29}},"loc":{"start":{"line":38,"column":34},"end":{"line":40,"column":3}},"line":38},"8":{"name":"(anonymous_8)","decl":{"start":{"line":42,"column":44},"end":{"line":42,"column":45}},"loc":{"start":{"line":42,"column":50},"end":{"line":44,"column":3}},"line":42},"9":{"name":"(anonymous_9)","decl":{"start":{"line":46,"column":36},"end":{"line":46,"column":37}},"loc":{"start":{"line":46,"column":42},"end":{"line":57,"column":3}},"line":46},"10":{"name":"(anonymous_10)","decl":{"start":{"line":59,"column":32},"end":{"line":59,"column":33}},"loc":{"start":{"line":59,"column":52},"end":{"line":61,"column":3}},"line":59},"11":{"name":"(anonymous_11)","decl":{"start":{"line":63,"column":31},"end":{"line":63,"column":32}},"loc":{"start":{"line":63,"column":51},"end":{"line":65,"column":3}},"line":63},"12":{"name":"(anonymous_12)","decl":{"start":{"line":67,"column":35},"end":{"line":67,"column":36}},"loc":{"start":{"line":67,"column":57},"end":{"line":69,"column":3}},"line":67},"13":{"name":"(anonymous_13)","decl":{"start":{"line":71,"column":39},"end":{"line":71,"column":40}},"loc":{"start":{"line":71,"column":59},"end":{"line":74,"column":3}},"line":71},"14":{"name":"(anonymous_14)","decl":{"start":{"line":76,"column":36},"end":{"line":76,"column":37}},"loc":{"start":{"line":76,"column":53},"end":{"line":78,"column":3}},"line":76},"15":{"name":"(anonymous_15)","decl":{"start":{"line":77,"column":43},"end":{"line":77,"column":44}},"loc":{"start":{"line":77,"column":48},"end":{"line":77,"column":61}},"line":77}},"branchMap":{"0":{"loc":{"start":{"line":47,"column":23},"end":{"line":47,"column":100}},"type":"binary-expr","locations":[{"start":{"line":47,"column":23},"end":{"line":47,"column":54}},{"start":{"line":47,"column":58},"end":{"line":47,"column":100}}],"line":47},"1":{"loc":{"start":{"line":50,"column":14},"end":{"line":50,"column":36}},"type":"binary-expr","locations":[{"start":{"line":50,"column":14},"end":{"line":50,"column":31}},{"start":{"line":50,"column":35},"end":{"line":50,"column":36}}],"line":50},"2":{"loc":{"start":{"line":51,"column":13},"end":{"line":51,"column":37}},"type":"binary-expr","locations":[{"start":{"line":51,"column":13},"end":{"line":51,"column":32}},{"start":{"line":51,"column":36},"end":{"line":51,"column":37}}],"line":51},"3":{"loc":{"start":{"line":52,"column":19},"end":{"line":52,"column":46}},"type":"binary-expr","locations":[{"start":{"line":52,"column":19},"end":{"line":52,"column":41}},{"start":{"line":52,"column":45},"end":{"line":52,"column":46}}],"line":52},"4":{"loc":{"start":{"line":53,"column":16},"end":{"line":53,"column":38}},"type":"binary-expr","locations":[{"start":{"line":53,"column":16},"end":{"line":53,"column":33}},{"start":{"line":53,"column":37},"end":{"line":53,"column":38}}],"line":53},"5":{"loc":{"start":{"line":53,"column":43},"end":{"line":53,"column":67}},"type":"binary-expr","locations":[{"start":{"line":53,"column":43},"end":{"line":53,"column":62}},{"start":{"line":53,"column":66},"end":{"line":53,"column":67}}],"line":53},"6":{"loc":{"start":{"line":60,"column":46},"end":{"line":60,"column":90}},"type":"binary-expr","locations":[{"start":{"line":60,"column":46},"end":{"line":60,"column":85}},{"start":{"line":60,"column":89},"end":{"line":60,"column":90}}],"line":60},"7":{"loc":{"start":{"line":64,"column":48},"end":{"line":64,"column":94}},"type":"binary-expr","locations":[{"start":{"line":64,"column":48},"end":{"line":64,"column":89}},{"start":{"line":64,"column":93},"end":{"line":64,"column":94}}],"line":64},"8":{"loc":{"start":{"line":68,"column":51},"end":{"line":68,"column":100}},"type":"binary-expr","locations":[{"start":{"line":68,"column":51},"end":{"line":68,"column":95}},{"start":{"line":68,"column":99},"end":{"line":68,"column":100}}],"line":68}},"s":{"0":0,"1":0,"2":0,"3":0,"4":0,"5":0,"6":0,"7":0,"8":0,"9":0,"10":0,"11":0,"12":0,"13":0,"14":0,"15":0,"16":0,"17":0,"18":0,"19":0,"20":0,"21":0,"22":0,"23":0,"24":0,"25":0,"26":0,"27":0,"28":0,"29":0,"30":0,"31":0,"32":0,"33":0,"34":0,"35":0,"36":0},"f":{"0":0,"1":0,"2":0,"3":0,"4":0,"5":0,"6":0,"7":0,"8":0,"9":0,"10":0,"11":0,"12":0,"13":0,"14":0,"15":0},"b":{"0":[0,0],"1":[0,0],"2":[0,0],"3":[0,0],"4":[0,0],"5":[0,0],"6":[0,0],"7":[0,0],"8":[0,0]}}
,"/Users/Richao/KandyWarz/candyWarz/src/hooks/useDiamondHand.ts": {"path":"/Users/Richao/KandyWarz/candyWarz/src/hooks/useDiamondHand.ts","statementMap":{"0":{"start":{"line":9,"column":30},"end":{"line":48,"column":1}},"1":{"start":{"line":10,"column":26},"end":{"line":10,"column":35}},"2":{"start":{"line":11,"column":37},"end":{"line":11,"column":51}},"3":{"start":{"line":12,"column":21},"end":{"line":12,"column":32}},"4":{"start":{"line":13,"column":28},"end":{"line":13,"column":39}},"5":{"start":{"line":15,"column":38},"end":{"line":15,"column":59}},"6":{"start":{"line":18,"column":2},"end":{"line":23,"column":20}},"7":{"start":{"line":19,"column":4},"end":{"line":22,"column":5}},"8":{"start":{"line":20,"column":6},"end":{"line":20,"column":30}},"9":{"start":{"line":21,"column":6},"end":{"line":21,"column":33}},"10":{"start":{"line":25,"column":32},"end":{"line":40,"column":48}},"11":{"start":{"line":27,"column":29},"end":{"line":27,"column":74}},"12":{"start":{"line":28,"column":4},"end":{"line":28,"column":34}},"13":{"start":{"line":28,"column":27},"end":{"line":28,"column":34}},"14":{"start":{"line":31,"column":29},"end":{"line":31,"column":53}},"15":{"start":{"line":33,"column":4},"end":{"line":39,"column":5}},"16":{"start":{"line":35,"column":26},"end":{"line":35,"column":47}},"17":{"start":{"line":37,"column":6},"end":{"line":37,"column":28}},"18":{"start":{"line":38,"column":6},"end":{"line":38,"column":104}},"19":{"start":{"line":43,"column":21},"end":{"line":45,"column":3}},"20":{"start":{"line":47,"column":2},"end":{"line":47,"column":24}}},"fnMap":{"0":{"name":"(anonymous_0)","decl":{"start":{"line":9,"column":30},"end":{"line":9,"column":31}},"loc":{"start":{"line":9,"column":36},"end":{"line":48,"column":1}},"line":9},"1":{"name":"(anonymous_1)","decl":{"start":{"line":18,"column":12},"end":{"line":18,"column":13}},"loc":{"start":{"line":18,"column":18},"end":{"line":23,"column":3}},"line":18},"2":{"name":"(anonymous_2)","decl":{"start":{"line":25,"column":44},"end":{"line":25,"column":45}},"loc":{"start":{"line":25,"column":50},"end":{"line":40,"column":3}},"line":25},"3":{"name":"(anonymous_3)","decl":{"start":{"line":43,"column":21},"end":{"line":43,"column":22}},"loc":{"start":{"line":43,"column":27},"end":{"line":45,"column":3}},"line":43}},"branchMap":{"0":{"loc":{"start":{"line":19,"column":4},"end":{"line":22,"column":5}},"type":"if","locations":[{"start":{"line":19,"column":4},"end":{"line":22,"column":5}},{"start":{},"end":{}}],"line":19},"1":{"loc":{"start":{"line":19,"column":8},"end":{"line":19,"column":53}},"type":"binary-expr","locations":[{"start":{"line":19,"column":8},"end":{"line":19,"column":34}},{"start":{"line":19,"column":38},"end":{"line":19,"column":53}}],"line":19},"2":{"loc":{"start":{"line":28,"column":4},"end":{"line":28,"column":34}},"type":"if","locations":[{"start":{"line":28,"column":4},"end":{"line":28,"column":34}},{"start":{},"end":{}}],"line":28},"3":{"loc":{"start":{"line":33,"column":4},"end":{"line":39,"column":5}},"type":"if","locations":[{"start":{"line":33,"column":4},"end":{"line":39,"column":5}},{"start":{},"end":{}}],"line":33}},"s":{"0":0,"1":0,"2":0,"3":0,"4":0,"5":0,"6":0,"7":0,"8":0,"9":0,"10":0,"11":0,"12":0,"13":0,"14":0,"15":0,"16":0,"17":0,"18":0,"19":0,"20":0},"f":{"0":0,"1":0,"2":0,"3":0},"b":{"0":[0,0],"1":[0,0],"2":[0,0],"3":[0,0]}}
,"/Users/Richao/KandyWarz/candyWarz/src/hooks/useDroughtRelief.ts": {"path":"/Users/Richao/KandyWarz/candyWarz/src/hooks/useDroughtRelief.ts","statementMap":{"0":{"start":{"line":9,"column":32},"end":{"line":124,"column":1}},"1":{"start":{"line":10,"column":26},"end":{"line":10,"column":35}},"2":{"start":{"line":11,"column":21},"end":{"line":11,"column":32}},"3":{"start":{"line":12,"column":28},"end":{"line":12,"column":39}},"4":{"start":{"line":13,"column":29},"end":{"line":13,"column":77}},"5":{"start":{"line":16,"column":42},"end":{"line":16,"column":65}},"6":{"start":{"line":17,"column":38},"end":{"line":17,"column":59}},"7":{"start":{"line":20,"column":2},"end":{"line":28,"column":20}},"8":{"start":{"line":21,"column":4},"end":{"line":27,"column":5}},"9":{"start":{"line":23,"column":6},"end":{"line":23,"column":32}},"10":{"start":{"line":26,"column":6},"end":{"line":26,"column":33}},"11":{"start":{"line":30,"column":34},"end":{"line":61,"column":3}},"12":{"start":{"line":32,"column":4},"end":{"line":32,"column":31}},"13":{"start":{"line":32,"column":24},"end":{"line":32,"column":31}},"14":{"start":{"line":35,"column":31},"end":{"line":35,"column":78}},"15":{"start":{"line":36,"column":4},"end":{"line":36,"column":36}},"16":{"start":{"line":36,"column":29},"end":{"line":36,"column":36}},"17":{"start":{"line":39,"column":4},"end":{"line":60,"column":5}},"18":{"start":{"line":40,"column":31},"end":{"line":40,"column":53}},"19":{"start":{"line":41,"column":40},"end":{"line":41,"column":85}},"20":{"start":{"line":41,"column":75},"end":{"line":41,"column":84}},"21":{"start":{"line":43,"column":6},"end":{"line":59,"column":7}},"22":{"start":{"line":45,"column":28},"end":{"line":45,"column":46}},"23":{"start":{"line":47,"column":8},"end":{"line":58,"column":9}},"24":{"start":{"line":48,"column":10},"end":{"line":48,"column":32}},"25":{"start":{"line":49,"column":10},"end":{"line":49,"column":109}},"26":{"start":{"line":52,"column":10},"end":{"line":54,"column":19}},"27":{"start":{"line":53,"column":12},"end":{"line":53,"column":166}},"28":{"start":{"line":57,"column":10},"end":{"line":57,"column":30}},"29":{"start":{"line":64,"column":21},"end":{"line":84,"column":3}},"30":{"start":{"line":65,"column":4},"end":{"line":83,"column":7}},"31":{"start":{"line":66,"column":25},"end":{"line":66,"column":34}},"32":{"start":{"line":69,"column":6},"end":{"line":79,"column":7}},"33":{"start":{"line":71,"column":8},"end":{"line":73,"column":9}},"34":{"start":{"line":72,"column":10},"end":{"line":72,"column":33}},"35":{"start":{"line":75,"column":8},"end":{"line":75,"column":30}},"36":{"start":{"line":78,"column":8},"end":{"line":78,"column":39}},"37":{"start":{"line":82,"column":6},"end":{"line":82,"column":34}},"38":{"start":{"line":87,"column":33},"end":{"line":102,"column":3}},"39":{"start":{"line":88,"column":4},"end":{"line":101,"column":7}},"40":{"start":{"line":89,"column":25},"end":{"line":89,"column":34}},"41":{"start":{"line":92,"column":6},"end":{"line":94,"column":7}},"42":{"start":{"line":93,"column":8},"end":{"line":93,"column":31}},"43":{"start":{"line":97,"column":6},"end":{"line":97,"column":38}},"44":{"start":{"line":100,"column":6},"end":{"line":100,"column":34}},"45":{"start":{"line":105,"column":2},"end":{"line":121,"column":32}},"46":{"start":{"line":106,"column":4},"end":{"line":120,"column":5}},"47":{"start":{"line":108,"column":6},"end":{"line":119,"column":9}},"48":{"start":{"line":109,"column":27},"end":{"line":109,"column":36}},"49":{"start":{"line":112,"column":8},"end":{"line":116,"column":9}},"50":{"start":{"line":113,"column":10},"end":{"line":115,"column":11}},"51":{"start":{"line":114,"column":12},"end":{"line":114,"column":35}},"52":{"start":{"line":118,"column":8},"end":{"line":118,"column":36}},"53":{"start":{"line":123,"column":2},"end":{"line":123,"column":48}}},"fnMap":{"0":{"name":"(anonymous_0)","decl":{"start":{"line":9,"column":32},"end":{"line":9,"column":33}},"loc":{"start":{"line":9,"column":38},"end":{"line":124,"column":1}},"line":9},"1":{"name":"(anonymous_1)","decl":{"start":{"line":20,"column":12},"end":{"line":20,"column":13}},"loc":{"start":{"line":20,"column":18},"end":{"line":28,"column":3}},"line":20},"2":{"name":"(anonymous_2)","decl":{"start":{"line":30,"column":34},"end":{"line":30,"column":35}},"loc":{"start":{"line":30,"column":40},"end":{"line":61,"column":3}},"line":30},"3":{"name":"(anonymous_3)","decl":{"start":{"line":41,"column":63},"end":{"line":41,"column":64}},"loc":{"start":{"line":41,"column":75},"end":{"line":41,"column":84}},"line":41},"4":{"name":"(anonymous_4)","decl":{"start":{"line":52,"column":21},"end":{"line":52,"column":22}},"loc":{"start":{"line":52,"column":27},"end":{"line":54,"column":11}},"line":52},"5":{"name":"(anonymous_5)","decl":{"start":{"line":64,"column":21},"end":{"line":64,"column":22}},"loc":{"start":{"line":64,"column":27},"end":{"line":84,"column":3}},"line":64},"6":{"name":"(anonymous_6)","decl":{"start":{"line":65,"column":20},"end":{"line":65,"column":21}},"loc":{"start":{"line":65,"column":28},"end":{"line":83,"column":5}},"line":65},"7":{"name":"(anonymous_7)","decl":{"start":{"line":87,"column":33},"end":{"line":87,"column":34}},"loc":{"start":{"line":87,"column":39},"end":{"line":102,"column":3}},"line":87},"8":{"name":"(anonymous_8)","decl":{"start":{"line":88,"column":20},"end":{"line":88,"column":21}},"loc":{"start":{"line":88,"column":28},"end":{"line":101,"column":5}},"line":88},"9":{"name":"(anonymous_9)","decl":{"start":{"line":105,"column":12},"end":{"line":105,"column":13}},"loc":{"start":{"line":105,"column":18},"end":{"line":121,"column":3}},"line":105},"10":{"name":"(anonymous_10)","decl":{"start":{"line":108,"column":22},"end":{"line":108,"column":23}},"loc":{"start":{"line":108,"column":30},"end":{"line":119,"column":7}},"line":108}},"branchMap":{"0":{"loc":{"start":{"line":21,"column":4},"end":{"line":27,"column":5}},"type":"if","locations":[{"start":{"line":21,"column":4},"end":{"line":27,"column":5}},{"start":{},"end":{}}],"line":21},"1":{"loc":{"start":{"line":32,"column":4},"end":{"line":32,"column":31}},"type":"if","locations":[{"start":{"line":32,"column":4},"end":{"line":32,"column":31}},{"start":{},"end":{}}],"line":32},"2":{"loc":{"start":{"line":36,"column":4},"end":{"line":36,"column":36}},"type":"if","locations":[{"start":{"line":36,"column":4},"end":{"line":36,"column":36}},{"start":{},"end":{}}],"line":36},"3":{"loc":{"start":{"line":39,"column":4},"end":{"line":60,"column":5}},"type":"if","locations":[{"start":{"line":39,"column":4},"end":{"line":60,"column":5}},{"start":{},"end":{}}],"line":39},"4":{"loc":{"start":{"line":43,"column":6},"end":{"line":59,"column":7}},"type":"if","locations":[{"start":{"line":43,"column":6},"end":{"line":59,"column":7}},{"start":{},"end":{}}],"line":43},"5":{"loc":{"start":{"line":47,"column":8},"end":{"line":58,"column":9}},"type":"if","locations":[{"start":{"line":47,"column":8},"end":{"line":58,"column":9}},{"start":{},"end":{}}],"line":47},"6":{"loc":{"start":{"line":69,"column":6},"end":{"line":79,"column":7}},"type":"if","locations":[{"start":{"line":69,"column":6},"end":{"line":79,"column":7}},{"start":{"line":76,"column":13},"end":{"line":79,"column":7}}],"line":69},"7":{"loc":{"start":{"line":69,"column":10},"end":{"line":69,"column":72}},"type":"binary-expr","locations":[{"start":{"line":69,"column":10},"end":{"line":69,"column":33}},{"start":{"line":69,"column":37},"end":{"line":69,"column":72}}],"line":69},"8":{"loc":{"start":{"line":106,"column":4},"end":{"line":120,"column":5}},"type":"if","locations":[{"start":{"line":106,"column":4},"end":{"line":120,"column":5}},{"start":{},"end":{}}],"line":106},"9":{"loc":{"start":{"line":112,"column":8},"end":{"line":116,"column":9}},"type":"if","locations":[{"start":{"line":112,"column":8},"end":{"line":116,"column":9}},{"start":{},"end":{}}],"line":112}},"s":{"0":0,"1":0,"2":0,"3":0,"4":0,"5":0,"6":0,"7":0,"8":0,"9":0,"10":0,"11":0,"12":0,"13":0,"14":0,"15":0,"16":0,"17":0,"18":0,"19":0,"20":0,"21":0,"22":0,"23":0,"24":0,"25":0,"26":0,"27":0,"28":0,"29":0,"30":0,"31":0,"32":0,"33":0,"34":0,"35":0,"36":0,"37":0,"38":0,"39":0,"40":0,"41":0,"42":0,"43":0,"44":0,"45":0,"46":0,"47":0,"48":0,"49":0,"50":0,"51":0,"52":0,"53":0},"f":{"0":0,"1":0,"2":0,"3":0,"4":0,"5":0,"6":0,"7":0,"8":0,"9":0,"10":0},"b":{"0":[0,0],"1":[0,0],"2":[0,0],"3":[0,0],"4":[0,0],"5":[0,0],"6":[0,0],"7":[0,0],"8":[0,0],"9":[0,0]}}
,"/Users/Richao/KandyWarz/candyWarz/src/hooks/useEmptyInventoryBonus.ts": {"path":"/Users/Richao/KandyWarz/candyWarz/src/hooks/useEmptyInventoryBonus.ts","statementMap":{"0":{"start":{"line":10,"column":38},"end":{"line":37,"column":1}},"1":{"start":{"line":11,"column":26},"end":{"line":11,"column":35}},"2":{"start":{"line":12,"column":37},"end":{"line":12,"column":51}},"3":{"start":{"line":13,"column":21},"end":{"line":13,"column":32}},"4":{"start":{"line":14,"column":28},"end":{"line":14,"column":39}},"5":{"start":{"line":15,"column":30},"end":{"line":15,"column":79}},"6":{"start":{"line":17,"column":2},"end":{"line":36,"column":28}},"7":{"start":{"line":19,"column":4},"end":{"line":19,"column":34}},"8":{"start":{"line":19,"column":27},"end":{"line":19,"column":34}},"9":{"start":{"line":22,"column":30},"end":{"line":22,"column":80}},"10":{"start":{"line":23,"column":4},"end":{"line":23,"column":35}},"11":{"start":{"line":23,"column":28},"end":{"line":23,"column":35}},"12":{"start":{"line":26,"column":27},"end":{"line":26,"column":51}},"13":{"start":{"line":27,"column":4},"end":{"line":35,"column":5}},"14":{"start":{"line":29,"column":26},"end":{"line":29,"column":45}},"15":{"start":{"line":31,"column":6},"end":{"line":34,"column":7}},"16":{"start":{"line":32,"column":8},"end":{"line":32,"column":30}},"17":{"start":{"line":33,"column":8},"end":{"line":33,"column":102}}},"fnMap":{"0":{"name":"(anonymous_0)","decl":{"start":{"line":10,"column":38},"end":{"line":10,"column":39}},"loc":{"start":{"line":10,"column":44},"end":{"line":37,"column":1}},"line":10},"1":{"name":"(anonymous_1)","decl":{"start":{"line":17,"column":12},"end":{"line":17,"column":13}},"loc":{"start":{"line":17,"column":18},"end":{"line":36,"column":3}},"line":17}},"branchMap":{"0":{"loc":{"start":{"line":19,"column":4},"end":{"line":19,"column":34}},"type":"if","locations":[{"start":{"line":19,"column":4},"end":{"line":19,"column":34}},{"start":{},"end":{}}],"line":19},"1":{"loc":{"start":{"line":23,"column":4},"end":{"line":23,"column":35}},"type":"if","locations":[{"start":{"line":23,"column":4},"end":{"line":23,"column":35}},{"start":{},"end":{}}],"line":23},"2":{"loc":{"start":{"line":27,"column":4},"end":{"line":35,"column":5}},"type":"if","locations":[{"start":{"line":27,"column":4},"end":{"line":35,"column":5}},{"start":{},"end":{}}],"line":27},"3":{"loc":{"start":{"line":31,"column":6},"end":{"line":34,"column":7}},"type":"if","locations":[{"start":{"line":31,"column":6},"end":{"line":34,"column":7}},{"start":{},"end":{}}],"line":31}},"s":{"0":0,"1":0,"2":0,"3":0,"4":0,"5":0,"6":0,"7":0,"8":0,"9":0,"10":0,"11":0,"12":0,"13":0,"14":0,"15":0,"16":0,"17":0},"f":{"0":0,"1":0},"b":{"0":[0,0],"1":[0,0],"2":[0,0],"3":[0,0]}}
,"/Users/Richao/KandyWarz/candyWarz/src/hooks/useEventHandler.ts": {"path":"/Users/Richao/KandyWarz/candyWarz/src/hooks/useEventHandler.ts","statementMap":{"0":{"start":{"line":12,"column":31},"end":{"line":56,"column":1}},"1":{"start":{"line":13,"column":19},"end":{"line":13,"column":35}},"2":{"start":{"line":14,"column":28},"end":{"line":14,"column":71}},"3":{"start":{"line":14,"column":52},"end":{"line":14,"column":70}},"4":{"start":{"line":16,"column":22},"end":{"line":18,"column":16}},"5":{"start":{"line":17,"column":4},"end":{"line":17,"column":41}},"6":{"start":{"line":20,"column":21},"end":{"line":22,"column":16}},"7":{"start":{"line":21,"column":4},"end":{"line":21,"column":34}},"8":{"start":{"line":24,"column":24},"end":{"line":26,"column":16}},"9":{"start":{"line":25,"column":4},"end":{"line":25,"column":44}},"10":{"start":{"line":28,"column":26},"end":{"line":30,"column":16}},"11":{"start":{"line":29,"column":4},"end":{"line":29,"column":43}},"12":{"start":{"line":32,"column":23},"end":{"line":34,"column":16}},"13":{"start":{"line":33,"column":4},"end":{"line":33,"column":34}},"14":{"start":{"line":36,"column":16},"end":{"line":38,"column":16}},"15":{"start":{"line":37,"column":4},"end":{"line":37,"column":34}},"16":{"start":{"line":40,"column":25},"end":{"line":42,"column":38}},"17":{"start":{"line":41,"column":4},"end":{"line":41,"column":51}},"18":{"start":{"line":44,"column":2},"end":{"line":55,"column":4}}},"fnMap":{"0":{"name":"(anonymous_0)","decl":{"start":{"line":12,"column":31},"end":{"line":12,"column":32}},"loc":{"start":{"line":12,"column":37},"end":{"line":56,"column":1}},"line":12},"1":{"name":"(anonymous_1)","decl":{"start":{"line":14,"column":43},"end":{"line":14,"column":44}},"loc":{"start":{"line":14,"column":52},"end":{"line":14,"column":70}},"line":14},"2":{"name":"(anonymous_2)","decl":{"start":{"line":16,"column":34},"end":{"line":16,"column":35}},"loc":{"start":{"line":16,"column":54},"end":{"line":18,"column":3}},"line":16},"3":{"name":"(anonymous_3)","decl":{"start":{"line":20,"column":33},"end":{"line":20,"column":34}},"loc":{"start":{"line":20,"column":39},"end":{"line":22,"column":3}},"line":20},"4":{"name":"(anonymous_4)","decl":{"start":{"line":24,"column":36},"end":{"line":24,"column":37}},"loc":{"start":{"line":24,"column":63},"end":{"line":26,"column":3}},"line":24},"5":{"name":"(anonymous_5)","decl":{"start":{"line":28,"column":38},"end":{"line":28,"column":39}},"loc":{"start":{"line":28,"column":58},"end":{"line":30,"column":3}},"line":28},"6":{"name":"(anonymous_6)","decl":{"start":{"line":32,"column":35},"end":{"line":32,"column":36}},"loc":{"start":{"line":32,"column":41},"end":{"line":34,"column":3}},"line":32},"7":{"name":"(anonymous_7)","decl":{"start":{"line":36,"column":28},"end":{"line":36,"column":29}},"loc":{"start":{"line":36,"column":34},"end":{"line":38,"column":3}},"line":36},"8":{"name":"(anonymous_8)","decl":{"start":{"line":40,"column":37},"end":{"line":40,"column":38}},"loc":{"start":{"line":40,"column":43},"end":{"line":42,"column":3}},"line":40}},"branchMap":{},"s":{"0":0,"1":0,"2":0,"3":0,"4":0,"5":0,"6":0,"7":0,"8":0,"9":0,"10":0,"11":0,"12":0,"13":0,"14":0,"15":0,"16":0,"17":0,"18":0},"f":{"0":0,"1":0,"2":0,"3":0,"4":0,"5":0,"6":0,"7":0,"8":0},"b":{}}
,"/Users/Richao/KandyWarz/candyWarz/src/hooks/useGame.ts": {"path":"/Users/Richao/KandyWarz/candyWarz/src/hooks/useGame.ts","statementMap":{"0":{"start":{"line":17,"column":23},"end":{"line":81,"column":1}},"1":{"start":{"line":18,"column":19},"end":{"line":18,"column":35}},"2":{"start":{"line":19,"column":20},"end":{"line":19,"column":55}},"3":{"start":{"line":19,"column":44},"end":{"line":19,"column":54}},"4":{"start":{"line":20,"column":14},"end":{"line":20,"column":39}},"5":{"start":{"line":21,"column":17},"end":{"line":21,"column":45}},"6":{"start":{"line":23,"column":32},"end":{"line":25,"column":16}},"7":{"start":{"line":24,"column":4},"end":{"line":24,"column":40}},"8":{"start":{"line":27,"column":33},"end":{"line":29,"column":16}},"9":{"start":{"line":28,"column":4},"end":{"line":28,"column":33}},"10":{"start":{"line":31,"column":28},"end":{"line":33,"column":16}},"11":{"start":{"line":32,"column":4},"end":{"line":32,"column":28}},"12":{"start":{"line":35,"column":26},"end":{"line":37,"column":16}},"13":{"start":{"line":36,"column":4},"end":{"line":36,"column":26}},"14":{"start":{"line":39,"column":39},"end":{"line":42,"column":16}},"15":{"start":{"line":40,"column":4},"end":{"line":40,"column":39}},"16":{"start":{"line":41,"column":4},"end":{"line":41,"column":16}},"17":{"start":{"line":44,"column":29},"end":{"line":47,"column":16}},"18":{"start":{"line":45,"column":4},"end":{"line":45,"column":41}},"19":{"start":{"line":46,"column":4},"end":{"line":46,"column":16}},"20":{"start":{"line":49,"column":35},"end":{"line":51,"column":16}},"21":{"start":{"line":50,"column":4},"end":{"line":50,"column":35}},"22":{"start":{"line":53,"column":34},"end":{"line":55,"column":16}},"23":{"start":{"line":54,"column":4},"end":{"line":54,"column":38}},"24":{"start":{"line":57,"column":34},"end":{"line":59,"column":16}},"25":{"start":{"line":58,"column":4},"end":{"line":58,"column":42}},"26":{"start":{"line":61,"column":2},"end":{"line":80,"column":4}}},"fnMap":{"0":{"name":"(anonymous_0)","decl":{"start":{"line":17,"column":23},"end":{"line":17,"column":24}},"loc":{"start":{"line":17,"column":29},"end":{"line":81,"column":1}},"line":17},"1":{"name":"(anonymous_1)","decl":{"start":{"line":19,"column":35},"end":{"line":19,"column":36}},"loc":{"start":{"line":19,"column":44},"end":{"line":19,"column":54}},"line":19},"2":{"name":"(anonymous_2)","decl":{"start":{"line":23,"column":44},"end":{"line":23,"column":45}},"loc":{"start":{"line":23,"column":97},"end":{"line":25,"column":3}},"line":23},"3":{"name":"(anonymous_3)","decl":{"start":{"line":27,"column":45},"end":{"line":27,"column":46}},"loc":{"start":{"line":27,"column":51},"end":{"line":29,"column":3}},"line":27},"4":{"name":"(anonymous_4)","decl":{"start":{"line":31,"column":40},"end":{"line":31,"column":41}},"loc":{"start":{"line":31,"column":46},"end":{"line":33,"column":3}},"line":31},"5":{"name":"(anonymous_5)","decl":{"start":{"line":35,"column":38},"end":{"line":35,"column":39}},"loc":{"start":{"line":35,"column":44},"end":{"line":37,"column":3}},"line":35},"6":{"name":"(anonymous_6)","decl":{"start":{"line":39,"column":51},"end":{"line":39,"column":52}},"loc":{"start":{"line":39,"column":57},"end":{"line":42,"column":3}},"line":39},"7":{"name":"(anonymous_7)","decl":{"start":{"line":44,"column":41},"end":{"line":44,"column":42}},"loc":{"start":{"line":44,"column":67},"end":{"line":47,"column":3}},"line":44},"8":{"name":"(anonymous_8)","decl":{"start":{"line":49,"column":47},"end":{"line":49,"column":48}},"loc":{"start":{"line":49,"column":53},"end":{"line":51,"column":3}},"line":49},"9":{"name":"(anonymous_9)","decl":{"start":{"line":53,"column":46},"end":{"line":53,"column":47}},"loc":{"start":{"line":53,"column":83},"end":{"line":55,"column":3}},"line":53},"10":{"name":"(anonymous_10)","decl":{"start":{"line":57,"column":46},"end":{"line":57,"column":47}},"loc":{"start":{"line":57,"column":69},"end":{"line":59,"column":3}},"line":57}},"branchMap":{},"s":{"0":0,"1":0,"2":0,"3":0,"4":0,"5":0,"6":0,"7":0,"8":0,"9":0,"10":0,"11":0,"12":0,"13":0,"14":0,"15":0,"16":0,"17":0,"18":0,"19":0,"20":0,"21":0,"22":0,"23":0,"24":0,"25":0,"26":0},"f":{"0":0,"1":0,"2":0,"3":0,"4":0,"5":0,"6":0,"7":0,"8":0,"9":0,"10":0},"b":{}}
,"/Users/Richao/KandyWarz/candyWarz/src/hooks/useHallPass.ts": {"path":"/Users/Richao/KandyWarz/candyWarz/src/hooks/useHallPass.ts","statementMap":{"0":{"start":{"line":15,"column":27},"end":{"line":216,"column":1}},"1":{"start":{"line":16,"column":19},"end":{"line":16,"column":35}},"2":{"start":{"line":17,"column":20},"end":{"line":17,"column":55}},"3":{"start":{"line":18,"column":25},"end":{"line":18,"column":65}},"4":{"start":{"line":19,"column":23},"end":{"line":19,"column":61}},"5":{"start":{"line":20,"column":26},"end":{"line":20,"column":71}},"6":{"start":{"line":21,"column":24},"end":{"line":21,"column":65}},"7":{"start":{"line":21,"column":50},"end":{"line":21,"column":64}},"8":{"start":{"line":24,"column":2},"end":{"line":26,"column":17}},"9":{"start":{"line":25,"column":4},"end":{"line":25,"column":37}},"10":{"start":{"line":28,"column":21},"end":{"line":33,"column":3}},"11":{"start":{"line":30,"column":6},"end":{"line":30,"column":43}},"12":{"start":{"line":35,"column":21},"end":{"line":40,"column":3}},"13":{"start":{"line":37,"column":6},"end":{"line":37,"column":39}},"14":{"start":{"line":42,"column":25},"end":{"line":44,"column":16}},"15":{"start":{"line":43,"column":4},"end":{"line":43,"column":39}},"16":{"start":{"line":46,"column":25},"end":{"line":51,"column":3}},"17":{"start":{"line":48,"column":6},"end":{"line":48,"column":60}},"18":{"start":{"line":54,"column":25},"end":{"line":60,"column":3}},"19":{"start":{"line":56,"column":21},"end":{"line":56,"column":71}},"20":{"start":{"line":56,"column":49},"end":{"line":56,"column":70}},"21":{"start":{"line":57,"column":6},"end":{"line":57,"column":32}},"22":{"start":{"line":62,"column":28},"end":{"line":64,"column":22}},"23":{"start":{"line":63,"column":4},"end":{"line":63,"column":46}},"24":{"start":{"line":66,"column":28},"end":{"line":68,"column":22}},"25":{"start":{"line":67,"column":4},"end":{"line":67,"column":45}},"26":{"start":{"line":70,"column":28},"end":{"line":72,"column":22}},"27":{"start":{"line":71,"column":4},"end":{"line":71,"column":45}},"28":{"start":{"line":74,"column":24},"end":{"line":76,"column":22}},"29":{"start":{"line":75,"column":4},"end":{"line":75,"column":41}},"30":{"start":{"line":78,"column":27},"end":{"line":85,"column":3}},"31":{"start":{"line":80,"column":6},"end":{"line":82,"column":8}},"32":{"start":{"line":81,"column":15},"end":{"line":81,"column":74}},"33":{"start":{"line":88,"column":30},"end":{"line":94,"column":3}},"34":{"start":{"line":90,"column":20},"end":{"line":90,"column":39}},"35":{"start":{"line":91,"column":6},"end":{"line":91,"column":79}},"36":{"start":{"line":96,"column":30},"end":{"line":104,"column":3}},"37":{"start":{"line":98,"column":20},"end":{"line":98,"column":39}},"38":{"start":{"line":99,"column":6},"end":{"line":101,"column":24}},"39":{"start":{"line":106,"column":30},"end":{"line":112,"column":3}},"40":{"start":{"line":108,"column":20},"end":{"line":108,"column":39}},"41":{"start":{"line":109,"column":6},"end":{"line":109,"column":35}},"42":{"start":{"line":115,"column":34},"end":{"line":185,"column":3}},"43":{"start":{"line":131,"column":35},"end":{"line":131,"column":37}},"44":{"start":{"line":134,"column":6},"end":{"line":175,"column":9}},"45":{"start":{"line":135,"column":8},"end":{"line":135,"column":36}},"46":{"start":{"line":135,"column":29},"end":{"line":135,"column":36}},"47":{"start":{"line":137,"column":8},"end":{"line":174,"column":9}},"48":{"start":{"line":139,"column":12},"end":{"line":139,"column":69}},"49":{"start":{"line":139,"column":44},"end":{"line":139,"column":69}},"50":{"start":{"line":140,"column":12},"end":{"line":140,"column":18}},"51":{"start":{"line":142,"column":12},"end":{"line":142,"column":69}},"52":{"start":{"line":142,"column":44},"end":{"line":142,"column":69}},"53":{"start":{"line":143,"column":12},"end":{"line":143,"column":18}},"54":{"start":{"line":145,"column":12},"end":{"line":145,"column":74}},"55":{"start":{"line":145,"column":49},"end":{"line":145,"column":74}},"56":{"start":{"line":146,"column":12},"end":{"line":146,"column":18}},"57":{"start":{"line":148,"column":12},"end":{"line":148,"column":69}},"58":{"start":{"line":148,"column":44},"end":{"line":148,"column":69}},"59":{"start":{"line":149,"column":12},"end":{"line":149,"column":18}},"60":{"start":{"line":151,"column":12},"end":{"line":152,"column":39}},"61":{"start":{"line":152,"column":14},"end":{"line":152,"column":39}},"62":{"start":{"line":153,"column":12},"end":{"line":153,"column":18}},"63":{"start":{"line":155,"column":12},"end":{"line":155,"column":70}},"64":{"start":{"line":155,"column":45},"end":{"line":155,"column":70}},"65":{"start":{"line":156,"column":12},"end":{"line":156,"column":18}},"66":{"start":{"line":158,"column":12},"end":{"line":162,"column":39}},"67":{"start":{"line":162,"column":14},"end":{"line":162,"column":39}},"68":{"start":{"line":163,"column":12},"end":{"line":163,"column":18}},"69":{"start":{"line":165,"column":12},"end":{"line":165,"column":61}},"70":{"start":{"line":165,"column":36},"end":{"line":165,"column":61}},"71":{"start":{"line":166,"column":12},"end":{"line":166,"column":18}},"72":{"start":{"line":168,"column":12},"end":{"line":169,"column":39}},"73":{"start":{"line":169,"column":14},"end":{"line":169,"column":39}},"74":{"start":{"line":170,"column":12},"end":{"line":170,"column":18}},"75":{"start":{"line":172,"column":12},"end":{"line":172,"column":68}},"76":{"start":{"line":172,"column":43},"end":{"line":172,"column":68}},"77":{"start":{"line":173,"column":12},"end":{"line":173,"column":18}},"78":{"start":{"line":178,"column":6},"end":{"line":180,"column":9}},"79":{"start":{"line":179,"column":8},"end":{"line":179,"column":45}},"80":{"start":{"line":182,"column":6},"end":{"line":182,"column":24}},"81":{"start":{"line":187,"column":2},"end":{"line":215,"column":4}}},"fnMap":{"0":{"name":"(anonymous_0)","decl":{"start":{"line":15,"column":27},"end":{"line":15,"column":28}},"loc":{"start":{"line":15,"column":33},"end":{"line":216,"column":1}},"line":15},"1":{"name":"(anonymous_1)","decl":{"start":{"line":21,"column":39},"end":{"line":21,"column":40}},"loc":{"start":{"line":21,"column":50},"end":{"line":21,"column":64}},"line":21},"2":{"name":"(anonymous_2)","decl":{"start":{"line":24,"column":12},"end":{"line":24,"column":13}},"loc":{"start":{"line":24,"column":18},"end":{"line":26,"column":3}},"line":24},"3":{"name":"(anonymous_3)","decl":{"start":{"line":29,"column":4},"end":{"line":29,"column":5}},"loc":{"start":{"line":29,"column":24},"end":{"line":31,"column":5}},"line":29},"4":{"name":"(anonymous_4)","decl":{"start":{"line":36,"column":4},"end":{"line":36,"column":5}},"loc":{"start":{"line":36,"column":31},"end":{"line":38,"column":5}},"line":36},"5":{"name":"(anonymous_5)","decl":{"start":{"line":42,"column":37},"end":{"line":42,"column":38}},"loc":{"start":{"line":42,"column":43},"end":{"line":44,"column":3}},"line":42},"6":{"name":"(anonymous_6)","decl":{"start":{"line":47,"column":4},"end":{"line":47,"column":5}},"loc":{"start":{"line":47,"column":24},"end":{"line":49,"column":5}},"line":47},"7":{"name":"(anonymous_7)","decl":{"start":{"line":55,"column":4},"end":{"line":55,"column":5}},"loc":{"start":{"line":55,"column":52},"end":{"line":58,"column":5}},"line":55},"8":{"name":"(anonymous_8)","decl":{"start":{"line":56,"column":42},"end":{"line":56,"column":43}},"loc":{"start":{"line":56,"column":49},"end":{"line":56,"column":70}},"line":56},"9":{"name":"(anonymous_9)","decl":{"start":{"line":62,"column":40},"end":{"line":62,"column":41}},"loc":{"start":{"line":62,"column":54},"end":{"line":64,"column":3}},"line":62},"10":{"name":"(anonymous_10)","decl":{"start":{"line":66,"column":40},"end":{"line":66,"column":41}},"loc":{"start":{"line":66,"column":54},"end":{"line":68,"column":3}},"line":66},"11":{"name":"(anonymous_11)","decl":{"start":{"line":70,"column":40},"end":{"line":70,"column":41}},"loc":{"start":{"line":70,"column":54},"end":{"line":72,"column":3}},"line":70},"12":{"name":"(anonymous_12)","decl":{"start":{"line":74,"column":36},"end":{"line":74,"column":37}},"loc":{"start":{"line":74,"column":50},"end":{"line":76,"column":3}},"line":74},"13":{"name":"(anonymous_13)","decl":{"start":{"line":79,"column":4},"end":{"line":79,"column":5}},"loc":{"start":{"line":79,"column":38},"end":{"line":83,"column":5}},"line":79},"14":{"name":"(anonymous_14)","decl":{"start":{"line":81,"column":8},"end":{"line":81,"column":9}},"loc":{"start":{"line":81,"column":15},"end":{"line":81,"column":74}},"line":81},"15":{"name":"(anonymous_15)","decl":{"start":{"line":89,"column":4},"end":{"line":89,"column":5}},"loc":{"start":{"line":89,"column":35},"end":{"line":92,"column":5}},"line":89},"16":{"name":"(anonymous_16)","decl":{"start":{"line":97,"column":4},"end":{"line":97,"column":5}},"loc":{"start":{"line":97,"column":39},"end":{"line":102,"column":5}},"line":97},"17":{"name":"(anonymous_17)","decl":{"start":{"line":107,"column":4},"end":{"line":107,"column":5}},"loc":{"start":{"line":107,"column":39},"end":{"line":110,"column":5}},"line":107},"18":{"name":"(anonymous_18)","decl":{"start":{"line":116,"column":4},"end":{"line":116,"column":5}},"loc":{"start":{"line":130,"column":9},"end":{"line":183,"column":5}},"line":130},"19":{"name":"(anonymous_19)","decl":{"start":{"line":134,"column":24},"end":{"line":134,"column":25}},"loc":{"start":{"line":134,"column":34},"end":{"line":175,"column":7}},"line":134},"20":{"name":"(anonymous_20)","decl":{"start":{"line":178,"column":25},"end":{"line":178,"column":26}},"loc":{"start":{"line":178,"column":37},"end":{"line":180,"column":7}},"line":178}},"branchMap":{"0":{"loc":{"start":{"line":57,"column":13},"end":{"line":57,"column":31}},"type":"binary-expr","locations":[{"start":{"line":57,"column":13},"end":{"line":57,"column":26}},{"start":{"line":57,"column":30},"end":{"line":57,"column":31}}],"line":57},"1":{"loc":{"start":{"line":81,"column":15},"end":{"line":81,"column":74}},"type":"binary-expr","locations":[{"start":{"line":81,"column":15},"end":{"line":81,"column":35}},{"start":{"line":81,"column":39},"end":{"line":81,"column":74}}],"line":81},"2":{"loc":{"start":{"line":91,"column":13},"end":{"line":91,"column":78}},"type":"cond-expr","locations":[{"start":{"line":91,"column":25},"end":{"line":91,"column":66}},{"start":{"line":91,"column":69},"end":{"line":91,"column":78}}],"line":91},"3":{"loc":{"start":{"line":99,"column":13},"end":{"line":101,"column":23}},"type":"cond-expr","locations":[{"start":{"line":100,"column":10},"end":{"line":100,"column":55}},{"start":{"line":101,"column":10},"end":{"line":101,"column":23}}],"line":99},"4":{"loc":{"start":{"line":135,"column":8},"end":{"line":135,"column":36}},"type":"if","locations":[{"start":{"line":135,"column":8},"end":{"line":135,"column":36}},{"start":{},"end":{}}],"line":135},"5":{"loc":{"start":{"line":137,"column":8},"end":{"line":174,"column":9}},"type":"switch","locations":[{"start":{"line":138,"column":10},"end":{"line":140,"column":18}},{"start":{"line":141,"column":10},"end":{"line":143,"column":18}},{"start":{"line":144,"column":10},"end":{"line":146,"column":18}},{"start":{"line":147,"column":10},"end":{"line":149,"column":18}},{"start":{"line":150,"column":10},"end":{"line":153,"column":18}},{"start":{"line":154,"column":10},"end":{"line":156,"column":18}},{"start":{"line":157,"column":10},"end":{"line":163,"column":18}},{"start":{"line":164,"column":10},"end":{"line":166,"column":18}},{"start":{"line":167,"column":10},"end":{"line":170,"column":18}},{"start":{"line":171,"column":10},"end":{"line":173,"column":18}}],"line":137},"6":{"loc":{"start":{"line":139,"column":12},"end":{"line":139,"column":69}},"type":"if","locations":[{"start":{"line":139,"column":12},"end":{"line":139,"column":69}},{"start":{},"end":{}}],"line":139},"7":{"loc":{"start":{"line":142,"column":12},"end":{"line":142,"column":69}},"type":"if","locations":[{"start":{"line":142,"column":12},"end":{"line":142,"column":69}},{"start":{},"end":{}}],"line":142},"8":{"loc":{"start":{"line":145,"column":12},"end":{"line":145,"column":74}},"type":"if","locations":[{"start":{"line":145,"column":12},"end":{"line":145,"column":74}},{"start":{},"end":{}}],"line":145},"9":{"loc":{"start":{"line":148,"column":12},"end":{"line":148,"column":69}},"type":"if","locations":[{"start":{"line":148,"column":12},"end":{"line":148,"column":69}},{"start":{},"end":{}}],"line":148},"10":{"loc":{"start":{"line":151,"column":12},"end":{"line":152,"column":39}},"type":"if","locations":[{"start":{"line":151,"column":12},"end":{"line":152,"column":39}},{"start":{},"end":{}}],"line":151},"11":{"loc":{"start":{"line":155,"column":12},"end":{"line":155,"column":70}},"type":"if","locations":[{"start":{"line":155,"column":12},"end":{"line":155,"column":70}},{"start":{},"end":{}}],"line":155},"12":{"loc":{"start":{"line":158,"column":12},"end":{"line":162,"column":39}},"type":"if","locations":[{"start":{"line":158,"column":12},"end":{"line":162,"column":39}},{"start":{},"end":{}}],"line":158},"13":{"loc":{"start":{"line":159,"column":14},"end":{"line":160,"column":55}},"type":"binary-expr","locations":[{"start":{"line":159,"column":14},"end":{"line":159,"column":38}},{"start":{"line":160,"column":14},"end":{"line":160,"column":55}}],"line":159},"14":{"loc":{"start":{"line":165,"column":12},"end":{"line":165,"column":61}},"type":"if","locations":[{"start":{"line":165,"column":12},"end":{"line":165,"column":61}},{"start":{},"end":{}}],"line":165},"15":{"loc":{"start":{"line":168,"column":12},"end":{"line":169,"column":39}},"type":"if","locations":[{"start":{"line":168,"column":12},"end":{"line":169,"column":39}},{"start":{},"end":{}}],"line":168},"16":{"loc":{"start":{"line":168,"column":16},"end":{"line":168,"column":74}},"type":"binary-expr","locations":[{"start":{"line":168,"column":16},"end":{"line":168,"column":40}},{"start":{"line":168,"column":44},"end":{"line":168,"column":74}}],"line":168},"17":{"loc":{"start":{"line":172,"column":12},"end":{"line":172,"column":68}},"type":"if","locations":[{"start":{"line":172,"column":12},"end":{"line":172,"column":68}},{"start":{},"end":{}}],"line":172}},"s":{"0":0,"1":0,"2":0,"3":0,"4":0,"5":0,"6":0,"7":0,"8":0,"9":0,"10":0,"11":0,"12":0,"13":0,"14":0,"15":0,"16":0,"17":0,"18":0,"19":0,"20":0,"21":0,"22":0,"23":0,"24":0,"25":0,"26":0,"27":0,"28":0,"29":0,"30":0,"31":0,"32":0,"33":0,"34":0,"35":0,"36":0,"37":0,"38":0,"39":0,"40":0,"41":0,"42":0,"43":0,"44":0,"45":0,"46":0,"47":0,"48":0,"49":0,"50":0,"51":0,"52":0,"53":0,"54":0,"55":0,"56":0,"57":0,"58":0,"59":0,"60":0,"61":0,"62":0,"63":0,"64":0,"65":0,"66":0,"67":0,"68":0,"69":0,"70":0,"71":0,"72":0,"73":0,"74":0,"75":0,"76":0,"77":0,"78":0,"79":0,"80":0,"81":0},"f":{"0":0,"1":0,"2":0,"3":0,"4":0,"5":0,"6":0,"7":0,"8":0,"9":0,"10":0,"11":0,"12":0,"13":0,"14":0,"15":0,"16":0,"17":0,"18":0,"19":0,"20":0},"b":{"0":[0,0],"1":[0,0],"2":[0,0],"3":[0,0],"4":[0,0],"5":[0,0,0,0,0,0,0,0,0,0],"6":[0,0],"7":[0,0],"8":[0,0],"9":[0,0],"10":[0,0],"11":[0,0],"12":[0,0],"13":[0,0],"14":[0,0],"15":[0,0],"16":[0,0],"17":[0,0]}}
,"/Users/Richao/KandyWarz/candyWarz/src/hooks/useInventory.ts": {"path":"/Users/Richao/KandyWarz/candyWarz/src/hooks/useInventory.ts","statementMap":{"0":{"start":{"line":16,"column":28},"end":{"line":127,"column":1}},"1":{"start":{"line":17,"column":19},"end":{"line":17,"column":35}},"2":{"start":{"line":18,"column":25},"end":{"line":18,"column":65}},"3":{"start":{"line":18,"column":49},"end":{"line":18,"column":64}},"4":{"start":{"line":19,"column":25},"end":{"line":19,"column":61}},"5":{"start":{"line":20,"column":26},"end":{"line":20,"column":63}},"6":{"start":{"line":23,"column":25},"end":{"line":26,"column":16}},"7":{"start":{"line":24,"column":4},"end":{"line":24,"column":60}},"8":{"start":{"line":25,"column":4},"end":{"line":25,"column":16}},"9":{"start":{"line":28,"column":30},"end":{"line":31,"column":16}},"10":{"start":{"line":29,"column":4},"end":{"line":29,"column":50}},"11":{"start":{"line":30,"column":4},"end":{"line":30,"column":16}},"12":{"start":{"line":33,"column":27},"end":{"line":42,"column":16}},"13":{"start":{"line":39,"column":4},"end":{"line":39,"column":68}},"14":{"start":{"line":40,"column":4},"end":{"line":40,"column":93}},"15":{"start":{"line":41,"column":4},"end":{"line":41,"column":16}},"16":{"start":{"line":44,"column":33},"end":{"line":46,"column":16}},"17":{"start":{"line":45,"column":4},"end":{"line":45,"column":31}},"18":{"start":{"line":48,"column":34},"end":{"line":58,"column":42}},"19":{"start":{"line":49,"column":27},"end":{"line":49,"column":28}},"20":{"start":{"line":50,"column":4},"end":{"line":56,"column":7}},"21":{"start":{"line":51,"column":31},"end":{"line":51,"column":67}},"22":{"start":{"line":52,"column":6},"end":{"line":52,"column":43}},"23":{"start":{"line":53,"column":6},"end":{"line":55,"column":7}},"24":{"start":{"line":54,"column":8},"end":{"line":54,"column":75}},"25":{"start":{"line":57,"column":4},"end":{"line":57,"column":28}},"26":{"start":{"line":60,"column":33},"end":{"line":62,"column":22}},"27":{"start":{"line":61,"column":4},"end":{"line":61,"column":26}},"28":{"start":{"line":65,"column":33},"end":{"line":65,"column":77}},"29":{"start":{"line":66,"column":21},"end":{"line":66,"column":57}},"30":{"start":{"line":66,"column":45},"end":{"line":66,"column":56}},"31":{"start":{"line":67,"column":26},"end":{"line":67,"column":71}},"32":{"start":{"line":70,"column":2},"end":{"line":75,"column":45}},"33":{"start":{"line":71,"column":4},"end":{"line":74,"column":5}},"34":{"start":{"line":72,"column":6},"end":{"line":72,"column":75}},"35":{"start":{"line":73,"column":6},"end":{"line":73,"column":36}},"36":{"start":{"line":77,"column":28},"end":{"line":81,"column":47}},"37":{"start":{"line":79,"column":23},"end":{"line":79,"column":97}},"38":{"start":{"line":80,"column":4},"end":{"line":80,"column":22}},"39":{"start":{"line":84,"column":25},"end":{"line":86,"column":16}},"40":{"start":{"line":85,"column":4},"end":{"line":85,"column":30}},"41":{"start":{"line":88,"column":28},"end":{"line":90,"column":16}},"42":{"start":{"line":89,"column":4},"end":{"line":89,"column":53}},"43":{"start":{"line":92,"column":31},"end":{"line":94,"column":16}},"44":{"start":{"line":93,"column":4},"end":{"line":93,"column":31}},"45":{"start":{"line":96,"column":32},"end":{"line":98,"column":16}},"46":{"start":{"line":97,"column":4},"end":{"line":97,"column":35}},"47":{"start":{"line":100,"column":31},"end":{"line":102,"column":16}},"48":{"start":{"line":101,"column":4},"end":{"line":101,"column":31}},"49":{"start":{"line":104,"column":2},"end":{"line":126,"column":4}}},"fnMap":{"0":{"name":"(anonymous_0)","decl":{"start":{"line":16,"column":28},"end":{"line":16,"column":29}},"loc":{"start":{"line":16,"column":34},"end":{"line":127,"column":1}},"line":16},"1":{"name":"(anonymous_1)","decl":{"start":{"line":18,"column":40},"end":{"line":18,"column":41}},"loc":{"start":{"line":18,"column":49},"end":{"line":18,"column":64}},"line":18},"2":{"name":"(anonymous_2)","decl":{"start":{"line":23,"column":37},"end":{"line":23,"column":38}},"loc":{"start":{"line":23,"column":97},"end":{"line":26,"column":3}},"line":23},"3":{"name":"(anonymous_3)","decl":{"start":{"line":28,"column":42},"end":{"line":28,"column":43}},"loc":{"start":{"line":28,"column":87},"end":{"line":31,"column":3}},"line":28},"4":{"name":"(anonymous_4)","decl":{"start":{"line":33,"column":39},"end":{"line":33,"column":40}},"loc":{"start":{"line":38,"column":16},"end":{"line":42,"column":3}},"line":38},"5":{"name":"(anonymous_5)","decl":{"start":{"line":44,"column":45},"end":{"line":44,"column":46}},"loc":{"start":{"line":44,"column":51},"end":{"line":46,"column":3}},"line":44},"6":{"name":"(anonymous_6)","decl":{"start":{"line":48,"column":46},"end":{"line":48,"column":47}},"loc":{"start":{"line":48,"column":60},"end":{"line":58,"column":3}},"line":48},"7":{"name":"(anonymous_7)","decl":{"start":{"line":50,"column":37},"end":{"line":50,"column":38}},"loc":{"start":{"line":50,"column":45},"end":{"line":56,"column":5}},"line":50},"8":{"name":"(anonymous_8)","decl":{"start":{"line":60,"column":45},"end":{"line":60,"column":46}},"loc":{"start":{"line":60,"column":59},"end":{"line":62,"column":3}},"line":60},"9":{"name":"(anonymous_9)","decl":{"start":{"line":66,"column":36},"end":{"line":66,"column":37}},"loc":{"start":{"line":66,"column":45},"end":{"line":66,"column":56}},"line":66},"10":{"name":"(anonymous_10)","decl":{"start":{"line":70,"column":12},"end":{"line":70,"column":13}},"loc":{"start":{"line":70,"column":18},"end":{"line":75,"column":3}},"line":70},"11":{"name":"(anonymous_11)","decl":{"start":{"line":77,"column":40},"end":{"line":77,"column":41}},"loc":{"start":{"line":77,"column":54},"end":{"line":81,"column":3}},"line":77},"12":{"name":"(anonymous_12)","decl":{"start":{"line":84,"column":37},"end":{"line":84,"column":38}},"loc":{"start":{"line":84,"column":53},"end":{"line":86,"column":3}},"line":84},"13":{"name":"(anonymous_13)","decl":{"start":{"line":88,"column":40},"end":{"line":88,"column":41}},"loc":{"start":{"line":88,"column":80},"end":{"line":90,"column":3}},"line":88},"14":{"name":"(anonymous_14)","decl":{"start":{"line":92,"column":43},"end":{"line":92,"column":44}},"loc":{"start":{"line":92,"column":49},"end":{"line":94,"column":3}},"line":92},"15":{"name":"(anonymous_15)","decl":{"start":{"line":96,"column":44},"end":{"line":96,"column":45}},"loc":{"start":{"line":96,"column":61},"end":{"line":98,"column":3}},"line":96},"16":{"name":"(anonymous_16)","decl":{"start":{"line":100,"column":43},"end":{"line":100,"column":44}},"loc":{"start":{"line":100,"column":49},"end":{"line":102,"column":3}},"line":100}},"branchMap":{"0":{"loc":{"start":{"line":51,"column":43},"end":{"line":51,"column":61}},"type":"binary-expr","locations":[{"start":{"line":51,"column":43},"end":{"line":51,"column":56}},{"start":{"line":51,"column":60},"end":{"line":51,"column":61}}],"line":51},"1":{"loc":{"start":{"line":53,"column":6},"end":{"line":55,"column":7}},"type":"if","locations":[{"start":{"line":53,"column":6},"end":{"line":55,"column":7}},{"start":{},"end":{}}],"line":53},"2":{"loc":{"start":{"line":71,"column":4},"end":{"line":74,"column":5}},"type":"if","locations":[{"start":{"line":71,"column":4},"end":{"line":74,"column":5}},{"start":{},"end":{}}],"line":71}},"s":{"0":0,"1":0,"2":0,"3":0,"4":0,"5":0,"6":0,"7":0,"8":0,"9":0,"10":0,"11":0,"12":0,"13":0,"14":0,"15":0,"16":0,"17":0,"18":0,"19":0,"20":0,"21":0,"22":0,"23":0,"24":0,"25":0,"26":0,"27":0,"28":0,"29":0,"30":0,"31":0,"32":0,"33":0,"34":0,"35":0,"36":0,"37":0,"38":0,"39":0,"40":0,"41":0,"42":0,"43":0,"44":0,"45":0,"46":0,"47":0,"48":0,"49":0},"f":{"0":0,"1":0,"2":0,"3":0,"4":0,"5":0,"6":0,"7":0,"8":0,"9":0,"10":0,"11":0,"12":0,"13":0,"14":0,"15":0,"16":0},"b":{"0":[0,0],"1":[0,0],"2":[0,0]}}
,"/Users/Richao/KandyWarz/candyWarz/src/hooks/useJokers.ts": {"path":"/Users/Richao/KandyWarz/candyWarz/src/hooks/useJokers.ts","statementMap":{"0":{"start":{"line":21,"column":25},"end":{"line":106,"column":1}},"1":{"start":{"line":22,"column":19},"end":{"line":22,"column":35}},"2":{"start":{"line":23,"column":21},"end":{"line":23,"column":57}},"3":{"start":{"line":23,"column":45},"end":{"line":23,"column":56}},"4":{"start":{"line":24,"column":24},"end":{"line":24,"column":74}},"5":{"start":{"line":24,"column":48},"end":{"line":24,"column":73}},"6":{"start":{"line":25,"column":34},"end":{"line":25,"column":62}},"7":{"start":{"line":27,"column":25},"end":{"line":29,"column":16}},"8":{"start":{"line":28,"column":4},"end":{"line":28,"column":30}},"9":{"start":{"line":31,"column":28},"end":{"line":33,"column":16}},"10":{"start":{"line":32,"column":4},"end":{"line":32,"column":86}},"11":{"start":{"line":35,"column":19},"end":{"line":37,"column":25}},"12":{"start":{"line":36,"column":4},"end":{"line":36,"column":68}},"13":{"start":{"line":36,"column":39},"end":{"line":36,"column":66}},"14":{"start":{"line":39,"column":29},"end":{"line":43,"column":25}},"15":{"start":{"line":40,"column":4},"end":{"line":42,"column":6}},"16":{"start":{"line":41,"column":6},"end":{"line":41,"column":88}},"17":{"start":{"line":45,"column":24},"end":{"line":53,"column":16}},"18":{"start":{"line":50,"column":19},"end":{"line":50,"column":49}},"19":{"start":{"line":51,"column":4},"end":{"line":51,"column":38}},"20":{"start":{"line":52,"column":4},"end":{"line":52,"column":16}},"21":{"start":{"line":55,"column":28},"end":{"line":57,"column":16}},"22":{"start":{"line":56,"column":4},"end":{"line":56,"column":42}},"23":{"start":{"line":59,"column":24},"end":{"line":61,"column":16}},"24":{"start":{"line":60,"column":4},"end":{"line":60,"column":34}},"25":{"start":{"line":63,"column":31},"end":{"line":65,"column":29}},"26":{"start":{"line":64,"column":4},"end":{"line":64,"column":41}},"27":{"start":{"line":67,"column":33},"end":{"line":72,"column":29}},"28":{"start":{"line":68,"column":18},"end":{"line":68,"column":57}},"29":{"start":{"line":69,"column":4},"end":{"line":71,"column":5}},"30":{"start":{"line":70,"column":6},"end":{"line":70,"column":45}},"31":{"start":{"line":74,"column":26},"end":{"line":76,"column":16}},"32":{"start":{"line":75,"column":4},"end":{"line":75,"column":33}},"33":{"start":{"line":78,"column":28},"end":{"line":80,"column":16}},"34":{"start":{"line":79,"column":4},"end":{"line":79,"column":35}},"35":{"start":{"line":82,"column":28},"end":{"line":84,"column":16}},"36":{"start":{"line":83,"column":4},"end":{"line":83,"column":28}},"37":{"start":{"line":86,"column":2},"end":{"line":105,"column":4}}},"fnMap":{"0":{"name":"(anonymous_0)","decl":{"start":{"line":21,"column":25},"end":{"line":21,"column":26}},"loc":{"start":{"line":21,"column":31},"end":{"line":106,"column":1}},"line":21},"1":{"name":"(anonymous_1)","decl":{"start":{"line":23,"column":36},"end":{"line":23,"column":37}},"loc":{"start":{"line":23,"column":45},"end":{"line":23,"column":56}},"line":23},"2":{"name":"(anonymous_2)","decl":{"start":{"line":24,"column":39},"end":{"line":24,"column":40}},"loc":{"start":{"line":24,"column":48},"end":{"line":24,"column":73}},"line":24},"3":{"name":"(anonymous_3)","decl":{"start":{"line":27,"column":37},"end":{"line":27,"column":38}},"loc":{"start":{"line":27,"column":120},"end":{"line":29,"column":3}},"line":27},"4":{"name":"(anonymous_4)","decl":{"start":{"line":31,"column":40},"end":{"line":31,"column":41}},"loc":{"start":{"line":31,"column":70},"end":{"line":33,"column":3}},"line":31},"5":{"name":"(anonymous_5)","decl":{"start":{"line":35,"column":31},"end":{"line":35,"column":32}},"loc":{"start":{"line":35,"column":61},"end":{"line":37,"column":3}},"line":35},"6":{"name":"(anonymous_6)","decl":{"start":{"line":36,"column":34},"end":{"line":36,"column":35}},"loc":{"start":{"line":36,"column":39},"end":{"line":36,"column":66}},"line":36},"7":{"name":"(anonymous_7)","decl":{"start":{"line":39,"column":41},"end":{"line":39,"column":42}},"loc":{"start":{"line":39,"column":62},"end":{"line":43,"column":3}},"line":39},"8":{"name":"(anonymous_8)","decl":{"start":{"line":40,"column":36},"end":{"line":40,"column":37}},"loc":{"start":{"line":41,"column":6},"end":{"line":41,"column":88}},"line":41},"9":{"name":"(anonymous_9)","decl":{"start":{"line":45,"column":36},"end":{"line":45,"column":37}},"loc":{"start":{"line":49,"column":25},"end":{"line":53,"column":3}},"line":49},"10":{"name":"(anonymous_10)","decl":{"start":{"line":55,"column":40},"end":{"line":55,"column":41}},"loc":{"start":{"line":55,"column":61},"end":{"line":57,"column":3}},"line":55},"11":{"name":"(anonymous_11)","decl":{"start":{"line":59,"column":36},"end":{"line":59,"column":37}},"loc":{"start":{"line":59,"column":57},"end":{"line":61,"column":3}},"line":59},"12":{"name":"(anonymous_12)","decl":{"start":{"line":63,"column":43},"end":{"line":63,"column":44}},"loc":{"start":{"line":63,"column":69},"end":{"line":65,"column":3}},"line":63},"13":{"name":"(anonymous_13)","decl":{"start":{"line":67,"column":45},"end":{"line":67,"column":46}},"loc":{"start":{"line":67,"column":71},"end":{"line":72,"column":3}},"line":67},"14":{"name":"(anonymous_14)","decl":{"start":{"line":74,"column":38},"end":{"line":74,"column":39}},"loc":{"start":{"line":74,"column":59},"end":{"line":76,"column":3}},"line":74},"15":{"name":"(anonymous_15)","decl":{"start":{"line":78,"column":40},"end":{"line":78,"column":41}},"loc":{"start":{"line":78,"column":61},"end":{"line":80,"column":3}},"line":78},"16":{"name":"(anonymous_16)","decl":{"start":{"line":82,"column":40},"end":{"line":82,"column":41}},"loc":{"start":{"line":82,"column":46},"end":{"line":84,"column":3}},"line":82}},"branchMap":{"0":{"loc":{"start":{"line":32,"column":25},"end":{"line":32,"column":83}},"type":"cond-expr","locations":[{"start":{"line":32,"column":55},"end":{"line":32,"column":62}},{"start":{"line":32,"column":65},"end":{"line":32,"column":83}}],"line":32},"1":{"loc":{"start":{"line":41,"column":6},"end":{"line":41,"column":88}},"type":"binary-expr","locations":[{"start":{"line":41,"column":6},"end":{"line":41,"column":28}},{"start":{"line":41,"column":32},"end":{"line":41,"column":88}}],"line":41},"2":{"loc":{"start":{"line":69,"column":4},"end":{"line":71,"column":5}},"type":"if","locations":[{"start":{"line":69,"column":4},"end":{"line":71,"column":5}},{"start":{},"end":{}}],"line":69}},"s":{"0":0,"1":0,"2":0,"3":0,"4":0,"5":0,"6":0,"7":0,"8":0,"9":0,"10":0,"11":0,"12":0,"13":0,"14":0,"15":0,"16":0,"17":0,"18":0,"19":0,"20":0,"21":0,"22":0,"23":0,"24":0,"25":0,"26":0,"27":0,"28":0,"29":0,"30":0,"31":0,"32":0,"33":0,"34":0,"35":0,"36":0,"37":0},"f":{"0":0,"1":0,"2":0,"3":0,"4":0,"5":0,"6":0,"7":0,"8":0,"9":0,"10":0,"11":0,"12":0,"13":0,"14":0,"15":0,"16":0},"b":{"0":[0,0],"1":[0,0],"2":[0,0]}}
,"/Users/Richao/KandyWarz/candyWarz/src/hooks/useMinigameTracking.ts": {"path":"/Users/Richao/KandyWarz/candyWarz/src/hooks/useMinigameTracking.ts","statementMap":{"0":{"start":{"line":13,"column":35},"end":{"line":78,"column":1}},"1":{"start":{"line":14,"column":19},"end":{"line":14,"column":35}},"2":{"start":{"line":15,"column":24},"end":{"line":15,"column":71}},"3":{"start":{"line":15,"column":48},"end":{"line":15,"column":70}},"4":{"start":{"line":16,"column":26},"end":{"line":16,"column":63}},"5":{"start":{"line":17,"column":30},"end":{"line":17,"column":71}},"6":{"start":{"line":18,"column":32},"end":{"line":18,"column":75}},"7":{"start":{"line":19,"column":27},"end":{"line":19,"column":65}},"8":{"start":{"line":22,"column":2},"end":{"line":26,"column":41}},"9":{"start":{"line":23,"column":4},"end":{"line":25,"column":5}},"10":{"start":{"line":24,"column":6},"end":{"line":24,"column":45}},"11":{"start":{"line":28,"column":30},"end":{"line":43,"column":51}},"12":{"start":{"line":29,"column":4},"end":{"line":29,"column":51}},"13":{"start":{"line":30,"column":4},"end":{"line":30,"column":43}},"14":{"start":{"line":33,"column":24},"end":{"line":36,"column":5}},"15":{"start":{"line":38,"column":4},"end":{"line":38,"column":91}},"16":{"start":{"line":40,"column":4},"end":{"line":42,"column":5}},"17":{"start":{"line":41,"column":6},"end":{"line":41,"column":100}},"18":{"start":{"line":45,"column":28},"end":{"line":47,"column":23}},"19":{"start":{"line":46,"column":4},"end":{"line":46,"column":46}},"20":{"start":{"line":49,"column":37},"end":{"line":51,"column":27}},"21":{"start":{"line":50,"column":4},"end":{"line":50,"column":46}},"22":{"start":{"line":53,"column":32},"end":{"line":55,"column":34}},"23":{"start":{"line":54,"column":4},"end":{"line":54,"column":38}},"24":{"start":{"line":57,"column":40},"end":{"line":59,"column":55}},"25":{"start":{"line":58,"column":4},"end":{"line":58,"column":80}},"26":{"start":{"line":61,"column":2},"end":{"line":77,"column":4}}},"fnMap":{"0":{"name":"(anonymous_0)","decl":{"start":{"line":13,"column":35},"end":{"line":13,"column":36}},"loc":{"start":{"line":13,"column":41},"end":{"line":78,"column":1}},"line":13},"1":{"name":"(anonymous_1)","decl":{"start":{"line":15,"column":39},"end":{"line":15,"column":40}},"loc":{"start":{"line":15,"column":48},"end":{"line":15,"column":70}},"line":15},"2":{"name":"(anonymous_2)","decl":{"start":{"line":22,"column":12},"end":{"line":22,"column":13}},"loc":{"start":{"line":22,"column":18},"end":{"line":26,"column":3}},"line":22},"3":{"name":"(anonymous_3)","decl":{"start":{"line":28,"column":42},"end":{"line":28,"column":43}},"loc":{"start":{"line":28,"column":70},"end":{"line":43,"column":3}},"line":28},"4":{"name":"(anonymous_4)","decl":{"start":{"line":45,"column":40},"end":{"line":45,"column":41}},"loc":{"start":{"line":45,"column":77},"end":{"line":47,"column":3}},"line":45},"5":{"name":"(anonymous_5)","decl":{"start":{"line":49,"column":49},"end":{"line":49,"column":50}},"loc":{"start":{"line":49,"column":85},"end":{"line":51,"column":3}},"line":49},"6":{"name":"(anonymous_6)","decl":{"start":{"line":53,"column":44},"end":{"line":53,"column":45}},"loc":{"start":{"line":53,"column":66},"end":{"line":55,"column":3}},"line":53},"7":{"name":"(anonymous_7)","decl":{"start":{"line":57,"column":52},"end":{"line":57,"column":53}},"loc":{"start":{"line":57,"column":66},"end":{"line":59,"column":3}},"line":57}},"branchMap":{"0":{"loc":{"start":{"line":23,"column":4},"end":{"line":25,"column":5}},"type":"if","locations":[{"start":{"line":23,"column":4},"end":{"line":25,"column":5}},{"start":{},"end":{}}],"line":23},"1":{"loc":{"start":{"line":35,"column":14},"end":{"line":35,"column":104}},"type":"cond-expr","locations":[{"start":{"line":35,"column":51},"end":{"line":35,"column":74}},{"start":{"line":35,"column":77},"end":{"line":35,"column":104}}],"line":35},"2":{"loc":{"start":{"line":40,"column":4},"end":{"line":42,"column":5}},"type":"if","locations":[{"start":{"line":40,"column":4},"end":{"line":42,"column":5}},{"start":{},"end":{}}],"line":40},"3":{"loc":{"start":{"line":50,"column":11},"end":{"line":50,"column":45}},"type":"binary-expr","locations":[{"start":{"line":50,"column":11},"end":{"line":50,"column":40}},{"start":{"line":50,"column":44},"end":{"line":50,"column":45}}],"line":50}},"s":{"0":0,"1":0,"2":0,"3":0,"4":0,"5":0,"6":0,"7":0,"8":0,"9":0,"10":0,"11":0,"12":0,"13":0,"14":0,"15":0,"16":0,"17":0,"18":0,"19":0,"20":0,"21":0,"22":0,"23":0,"24":0,"25":0,"26":0},"f":{"0":0,"1":0,"2":0,"3":0,"4":0,"5":0,"6":0,"7":0},"b":{"0":[0,0],"1":[0,0],"2":[0,0],"3":[0,0]}}
[...]
25":{"start":{"line":54,"column":2},"end":{"line":84,"column":3}},"26":{"start":{"line":56,"column":29},"end":{"line":63,"column":5}},"27":{"start":{"line":64,"column":4},"end":{"line":64,"column":53}},"28":{"start":{"line":65,"column":4},"end":{"line":65,"column":91}},"29":{"start":{"line":68,"column":4},"end":{"line":68,"column":30}},"30":{"start":{"line":69,"column":4},"end":{"line":69,"column":69}},"31":{"start":{"line":72,"column":22},"end":{"line":72,"column":73}},"32":{"start":{"line":73,"column":4},"end":{"line":78,"column":5}},"33":{"start":{"line":74,"column":6},"end":{"line":74,"column":78}},"34":{"start":{"line":75,"column":6},"end":{"line":75,"column":61}},"35":{"start":{"line":77,"column":6},"end":{"line":77,"column":52}},"36":{"start":{"line":80,"column":4},"end":{"line":80,"column":16}},"37":{"start":{"line":82,"column":4},"end":{"line":82,"column":64}},"38":{"start":{"line":83,"column":4},"end":{"line":83,"column":17}},"39":{"start":{"line":87,"column":32},"end":{"line":96,"column":1}},"40":{"start":{"line":88,"column":2},"end":{"line":95,"column":3}},"41":{"start":{"line":89,"column":4},"end":{"line":89,"column":64}},"42":{"start":{"line":90,"column":4},"end":{"line":90,"column":54}},"43":{"start":{"line":91,"column":4},"end":{"line":91,"column":16}},"44":{"start":{"line":93,"column":4},"end":{"line":93,"column":59}},"45":{"start":{"line":94,"column":4},"end":{"line":94,"column":17}},"46":{"start":{"line":99,"column":29},"end":{"line":100,"column":59}},"47":{"start":{"line":100,"column":2},"end":{"line":100,"column":59}},"48":{"start":{"line":102,"column":29},"end":{"line":103,"column":62}},"49":{"start":{"line":103,"column":2},"end":{"line":103,"column":62}},"50":{"start":{"line":105,"column":29},"end":{"line":106,"column":45}},"51":{"start":{"line":106,"column":2},"end":{"line":106,"column":45}},"52":{"start":{"line":108,"column":29},"end":{"line":109,"column":52}},"53":{"start":{"line":109,"column":2},"end":{"line":109,"column":52}},"54":{"start":{"line":111,"column":26},"end":{"line":112,"column":39}},"55":{"start":{"line":112,"column":2},"end":{"line":112,"column":39}},"56":{"start":{"line":114,"column":26},"end":{"line":115,"column":46}},"57":{"start":{"line":115,"column":2},"end":{"line":115,"column":46}},"58":{"start":{"line":117,"column":26},"end":{"line":118,"column":39}},"59":{"start":{"line":118,"column":2},"end":{"line":118,"column":39}},"60":{"start":{"line":120,"column":26},"end":{"line":121,"column":46}},"61":{"start":{"line":121,"column":2},"end":{"line":121,"column":46}},"62":{"start":{"line":123,"column":24},"end":{"line":124,"column":35}},"63":{"start":{"line":124,"column":2},"end":{"line":124,"column":35}},"64":{"start":{"line":126,"column":24},"end":{"line":127,"column":42}},"65":{"start":{"line":127,"column":2},"end":{"line":127,"column":42}},"66":{"start":{"line":129,"column":35},"end":{"line":130,"column":61}},"67":{"start":{"line":130,"column":2},"end":{"line":130,"column":61}},"68":{"start":{"line":132,"column":35},"end":{"line":135,"column":1}},"69":{"start":{"line":133,"column":17},"end":{"line":133,"column":66}},"70":{"start":{"line":134,"column":2},"end":{"line":134,"column":25}},"71":{"start":{"line":137,"column":28},"end":{"line":138,"column":44}},"72":{"start":{"line":138,"column":2},"end":{"line":138,"column":44}},"73":{"start":{"line":140,"column":28},"end":{"line":141,"column":40}},"74":{"start":{"line":141,"column":2},"end":{"line":141,"column":40}},"75":{"start":{"line":143,"column":36},"end":{"line":144,"column":55}},"76":{"start":{"line":144,"column":2},"end":{"line":144,"column":55}},"77":{"start":{"line":146,"column":36},"end":{"line":147,"column":50}},"78":{"start":{"line":147,"column":2},"end":{"line":147,"column":50}},"79":{"start":{"line":149,"column":33},"end":{"line":150,"column":47}},"80":{"start":{"line":150,"column":2},"end":{"line":150,"column":47}},"81":{"start":{"line":152,"column":43},"end":{"line":158,"column":1}},"82":{"start":{"line":153,"column":22},"end":{"line":153,"column":74}},"83":{"start":{"line":154,"column":2},"end":{"line":156,"column":3}},"84":{"start":{"line":155,"column":4},"end":{"line":155,"column":51}},"85":{"start":{"line":157,"column":2},"end":{"line":157,"column":21}}},"fnMap":{"0":{"name":"(anonymous_0)","decl":{"start":{"line":17,"column":24},"end":{"line":17,"column":25}},"loc":{"start":{"line":17,"column":76},"end":{"line":26,"column":1}},"line":17},"1":{"name":"(anonymous_1)","decl":{"start":{"line":28,"column":24},"end":{"line":28,"column":25}},"loc":{"start":{"line":28,"column":79},"end":{"line":40,"column":1}},"line":28},"2":{"name":"(anonymous_2)","decl":{"start":{"line":42,"column":25},"end":{"line":42,"column":26}},"loc":{"start":{"line":42,"column":66},"end":{"line":51,"column":1}},"line":42},"3":{"name":"(anonymous_3)","decl":{"start":{"line":53,"column":33},"end":{"line":53,"column":34}},"loc":{"start":{"line":53,"column":63},"end":{"line":85,"column":1}},"line":53},"4":{"name":"(anonymous_4)","decl":{"start":{"line":87,"column":32},"end":{"line":87,"column":33}},"loc":{"start":{"line":87,"column":62},"end":{"line":96,"column":1}},"line":87},"5":{"name":"(anonymous_5)","decl":{"start":{"line":99,"column":29},"end":{"line":99,"column":30}},"loc":{"start":{"line":100,"column":2},"end":{"line":100,"column":59}},"line":100},"6":{"name":"(anonymous_6)","decl":{"start":{"line":102,"column":29},"end":{"line":102,"column":30}},"loc":{"start":{"line":103,"column":2},"end":{"line":103,"column":62}},"line":103},"7":{"name":"(anonymous_7)","decl":{"start":{"line":105,"column":29},"end":{"line":105,"column":30}},"loc":{"start":{"line":106,"column":2},"end":{"line":106,"column":45}},"line":106},"8":{"name":"(anonymous_8)","decl":{"start":{"line":108,"column":29},"end":{"line":108,"column":30}},"loc":{"start":{"line":109,"column":2},"end":{"line":109,"column":52}},"line":109},"9":{"name":"(anonymous_9)","decl":{"start":{"line":111,"column":26},"end":{"line":111,"column":27}},"loc":{"start":{"line":112,"column":2},"end":{"line":112,"column":39}},"line":112},"10":{"name":"(anonymous_10)","decl":{"start":{"line":114,"column":26},"end":{"line":114,"column":27}},"loc":{"start":{"line":115,"column":2},"end":{"line":115,"column":46}},"line":115},"11":{"name":"(anonymous_11)","decl":{"start":{"line":117,"column":26},"end":{"line":117,"column":27}},"loc":{"start":{"line":118,"column":2},"end":{"line":118,"column":39}},"line":118},"12":{"name":"(anonymous_12)","decl":{"start":{"line":120,"column":26},"end":{"line":120,"column":27}},"loc":{"start":{"line":121,"column":2},"end":{"line":121,"column":46}},"line":121},"13":{"name":"(anonymous_13)","decl":{"start":{"line":123,"column":24},"end":{"line":123,"column":25}},"loc":{"start":{"line":124,"column":2},"end":{"line":124,"column":35}},"line":124},"14":{"name":"(anonymous_14)","decl":{"start":{"line":126,"column":24},"end":{"line":126,"column":25}},"loc":{"start":{"line":127,"column":2},"end":{"line":127,"column":42}},"line":127},"15":{"name":"(anonymous_15)","decl":{"start":{"line":129,"column":35},"end":{"line":129,"column":36}},"loc":{"start":{"line":130,"column":2},"end":{"line":130,"column":61}},"line":130},"16":{"name":"(anonymous_16)","decl":{"start":{"line":132,"column":35},"end":{"line":132,"column":36}},"loc":{"start":{"line":132,"column":69},"end":{"line":135,"column":1}},"line":132},"17":{"name":"(anonymous_17)","decl":{"start":{"line":137,"column":28},"end":{"line":137,"column":29}},"loc":{"start":{"line":138,"column":2},"end":{"line":138,"column":44}},"line":138},"18":{"name":"(anonymous_18)","decl":{"start":{"line":140,"column":28},"end":{"line":140,"column":29}},"loc":{"start":{"line":141,"column":2},"end":{"line":141,"column":40}},"line":141},"19":{"name":"(anonymous_19)","decl":{"start":{"line":143,"column":36},"end":{"line":143,"column":37}},"loc":{"start":{"line":144,"column":2},"end":{"line":144,"column":55}},"line":144},"20":{"name":"(anonymous_20)","decl":{"start":{"line":146,"column":36},"end":{"line":146,"column":37}},"loc":{"start":{"line":147,"column":2},"end":{"line":147,"column":50}},"line":147},"21":{"name":"(anonymous_21)","decl":{"start":{"line":149,"column":33},"end":{"line":149,"column":34}},"loc":{"start":{"line":150,"column":2},"end":{"line":150,"column":47}},"line":150},"22":{"name":"(anonymous_22)","decl":{"start":{"line":152,"column":43},"end":{"line":152,"column":44}},"loc":{"start":{"line":152,"column":73},"end":{"line":158,"column":1}},"line":152}},"branchMap":{"0":{"loc":{"start":{"line":31,"column":4},"end":{"line":34,"column":5}},"type":"if","locations":[{"start":{"line":31,"column":4},"end":{"line":34,"column":5}},{"start":{},"end":{}}],"line":31},"1":{"loc":{"start":{"line":73,"column":4},"end":{"line":78,"column":5}},"type":"if","locations":[{"start":{"line":73,"column":4},"end":{"line":78,"column":5}},{"start":{"line":76,"column":11},"end":{"line":78,"column":5}}],"line":73},"2":{"loc":{"start":{"line":100,"column":11},"end":{"line":100,"column":47}},"type":"binary-expr","locations":[{"start":{"line":100,"column":11},"end":{"line":100,"column":20}},{"start":{"line":100,"column":24},"end":{"line":100,"column":47}}],"line":100},"3":{"loc":{"start":{"line":103,"column":11},"end":{"line":103,"column":47}},"type":"binary-expr","locations":[{"start":{"line":103,"column":11},"end":{"line":103,"column":20}},{"start":{"line":103,"column":24},"end":{"line":103,"column":47}}],"line":103},"4":{"loc":{"start":{"line":154,"column":2},"end":{"line":156,"column":3}},"type":"if","locations":[{"start":{"line":154,"column":2},"end":{"line":156,"column":3}},{"start":{},"end":{}}],"line":154}},"s":{"0":0,"1":0,"2":0,"3":0,"4":0,"5":0,"6":0,"7":0,"8":0,"9":0,"10":0,"11":0,"12":0,"13":0,"14":0,"15":0,"16":0,"17":0,"18":0,"19":0,"20":0,"21":0,"22":0,"23":0,"24":0,"25":0,"26":0,"27":0,"28":0,"29":0,"30":0,"31":0,"32":0,"33":0,"34":0,"35":0,"36":0,"37":0,"38":0,"39":0,"40":0,"41":0,"42":0,"43":0,"44":0,"45":0,"46":0,"47":0,"48":0,"49":0,"50":0,"51":0,"52":0,"53":0,"54":0,"55":0,"56":0,"57":0,"58":0,"59":0,"60":0,"61":0,"62":0,"63":0,"64":0,"65":0,"66":0,"67":0,"68":0,"69":0,"70":0,"71":0,"72":0,"73":0,"74":0,"75":0,"76":0,"77":0,"78":0,"79":0,"80":0,"81":0,"82":0,"83":0,"84":0,"85":0},"f":{"0":0,"1":0,"2":0,"3":0,"4":0,"5":0,"6":0,"7":0,"8":0,"9":0,"10":0,"11":0,"12":0,"13":0,"14":0,"15":0,"16":0,"17":0,"18":0,"19":0,"20":0,"21":0,"22":0},"b":{"0":[0,0],"1":[0,0],"2":[0,0],"3":[0,0],"4":[0,0]}}
,"/Users/Richao/KandyWarz/candyWarz/src/utils/responsive.ts": {"path":"/Users/Richao/KandyWarz/candyWarz/src/utils/responsive.ts","statementMap":{"0":{"start":{"line":4,"column":35},"end":{"line":7,"column":1}},"1":{"start":{"line":5,"column":28},"end":{"line":5,"column":52}},"2":{"start":{"line":6,"column":2},"end":{"line":6,"column":27}},"3":{"start":{"line":10,"column":33},"end":{"line":18,"column":1}},"4":{"start":{"line":11,"column":21},"end":{"line":11,"column":42}},"5":{"start":{"line":13,"column":2},"end":{"line":13,"column":42}},"6":{"start":{"line":13,"column":21},"end":{"line":13,"column":42}},"7":{"start":{"line":14,"column":2},"end":{"line":14,"column":36}},"8":{"start":{"line":14,"column":21},"end":{"line":14,"column":36}},"9":{"start":{"line":15,"column":2},"end":{"line":15,"column":37}},"10":{"start":{"line":15,"column":21},"end":{"line":15,"column":37}},"11":{"start":{"line":16,"column":2},"end":{"line":16,"column":36}},"12":{"start":{"line":16,"column":21},"end":{"line":16,"column":36}},"13":{"start":{"line":17,"column":2},"end":{"line":17,"column":23}},"14":{"start":{"line":21,"column":34},"end":{"line":21,"column":77}},"15":{"start":{"line":21,"column":40},"end":{"line":21,"column":77}},"16":{"start":{"line":22,"column":29},"end":{"line":22,"column":89}},"17":{"start":{"line":22,"column":35},"end":{"line":22,"column":89}},"18":{"start":{"line":23,"column":30},"end":{"line":23,"column":68}},"19":{"start":{"line":23,"column":36},"end":{"line":23,"column":68}},"20":{"start":{"line":24,"column":29},"end":{"line":24,"column":89}},"21":{"start":{"line":24,"column":35},"end":{"line":24,"column":89}},"22":{"start":{"line":27,"column":34},"end":{"line":42,"column":1}},"23":{"start":{"line":33,"column":19},"end":{"line":33,"column":38}},"24":{"start":{"line":34,"column":2},"end":{"line":41,"column":3}},"25":{"start":{"line":35,"column":24},"end":{"line":35,"column":47}},"26":{"start":{"line":36,"column":18},"end":{"line":36,"column":36}},"27":{"start":{"line":37,"column":19},"end":{"line":37,"column":38}},"28":{"start":{"line":40,"column":13},"end":{"line":40,"column":31}},"29":{"start":{"line":45,"column":33},"end":{"line":75,"column":1}},"30":{"start":{"line":47,"column":26},"end":{"line":47,"column":59}},"31":{"start":{"line":48,"column":32},"end":{"line":48,"column":66}},"32":{"start":{"line":51,"column":22},"end":{"line":51,"column":54}},"33":{"start":{"line":52,"column":23},"end":{"line":52,"column":56}},"34":{"start":{"line":55,"column":23},"end":{"line":55,"column":56}},"35":{"start":{"line":56,"column":24},"end":{"line":56,"column":57}},"36":{"start":{"line":59,"column":22},"end":{"line":59,"column":53}},"37":{"start":{"line":60,"column":23},"end":{"line":60,"column":55}},"38":{"start":{"line":61,"column":19},"end":{"line":61,"column":51}},"39":{"start":{"line":64,"column":19},"end":{"line":64,"column":53}},"40":{"start":{"line":65,"column":22},"end":{"line":65,"column":56}},"41":{"start":{"line":66,"column":18},"end":{"line":66,"column":52}},"42":{"start":{"line":67,"column":24},"end":{"line":67,"column":58}},"43":{"start":{"line":70,"column":21},"end":{"line":70,"column":54}},"44":{"start":{"line":71,"column":21},"end":{"line":71,"column":53}},"45":{"start":{"line":74,"column":23},"end":{"line":74,"column":62}}},"fnMap":{"0":{"name":"(anonymous_0)","decl":{"start":{"line":4,"column":35},"end":{"line":4,"column":36}},"loc":{"start":{"line":4,"column":41},"end":{"line":7,"column":1}},"line":4},"1":{"name":"(anonymous_1)","decl":{"start":{"line":10,"column":33},"end":{"line":10,"column":34}},"loc":{"start":{"line":10,"column":39},"end":{"line":18,"column":1}},"line":10},"2":{"name":"(anonymous_2)","decl":{"start":{"line":21,"column":34},"end":{"line":21,"column":35}},"loc":{"start":{"line":21,"column":40},"end":{"line":21,"column":77}},"line":21},"3":{"name":"(anonymous_3)","decl":{"start":{"line":22,"column":29},"end":{"line":22,"column":30}},"loc":{"start":{"line":22,"column":35},"end":{"line":22,"column":89}},"line":22},"4":{"name":"(anonymous_4)","decl":{"start":{"line":23,"column":30},"end":{"line":23,"column":31}},"loc":{"start":{"line":23,"column":36},"end":{"line":23,"column":68}},"line":23},"5":{"name":"(anonymous_5)","decl":{"start":{"line":24,"column":29},"end":{"line":24,"column":30}},"loc":{"start":{"line":24,"column":35},"end":{"line":24,"column":89}},"line":24},"6":{"name":"(anonymous_6)","decl":{"start":{"line":27,"column":34},"end":{"line":27,"column":35}},"loc":{"start":{"line":32,"column":5},"end":{"line":42,"column":1}},"line":32},"7":{"name":"(anonymous_7)","decl":{"start":{"line":47,"column":20},"end":{"line":47,"column":21}},"loc":{"start":{"line":47,"column":26},"end":{"line":47,"column":59}},"line":47},"8":{"name":"(anonymous_8)","decl":{"start":{"line":48,"column":26},"end":{"line":48,"column":27}},"loc":{"start":{"line":48,"column":32},"end":{"line":48,"column":66}},"line":48},"9":{"name":"(anonymous_9)","decl":{"start":{"line":51,"column":16},"end":{"line":51,"column":17}},"loc":{"start":{"line":51,"column":22},"end":{"line":51,"column":54}},"line":51},"10":{"name":"(anonymous_10)","decl":{"start":{"line":52,"column":17},"end":{"line":52,"column":18}},"loc":{"start":{"line":52,"column":23},"end":{"line":52,"column":56}},"line":52},"11":{"name":"(anonymous_11)","decl":{"start":{"line":55,"column":17},"end":{"line":55,"column":18}},"loc":{"start":{"line":55,"column":23},"end":{"line":55,"column":56}},"line":55},"12":{"name":"(anonymous_12)","decl":{"start":{"line":56,"column":18},"end":{"line":56,"column":19}},"loc":{"start":{"line":56,"column":24},"end":{"line":56,"column":57}},"line":56},"13":{"name":"(anonymous_13)","decl":{"start":{"line":59,"column":16},"end":{"line":59,"column":17}},"loc":{"start":{"line":59,"column":22},"end":{"line":59,"column":53}},"line":59},"14":{"name":"(anonymous_14)","decl":{"start":{"line":60,"column":17},"end":{"line":60,"column":18}},"loc":{"start":{"line":60,"column":23},"end":{"line":60,"column":55}},"line":60},"15":{"name":"(anonymous_15)","decl":{"start":{"line":61,"column":13},"end":{"line":61,"column":14}},"loc":{"start":{"line":61,"column":19},"end":{"line":61,"column":51}},"line":61},"16":{"name":"(anonymous_16)","decl":{"start":{"line":64,"column":13},"end":{"line":64,"column":14}},"loc":{"start":{"line":64,"column":19},"end":{"line":64,"column":53}},"line":64},"17":{"name":"(anonymous_17)","decl":{"start":{"line":65,"column":16},"end":{"line":65,"column":17}},"loc":{"start":{"line":65,"column":22},"end":{"line":65,"column":56}},"line":65},"18":{"name":"(anonymous_18)","decl":{"start":{"line":66,"column":12},"end":{"line":66,"column":13}},"loc":{"start":{"line":66,"column":18},"end":{"line":66,"column":52}},"line":66},"19":{"name":"(anonymous_19)","decl":{"start":{"line":67,"column":18},"end":{"line":67,"column":19}},"loc":{"start":{"line":67,"column":24},"end":{"line":67,"column":58}},"line":67},"20":{"name":"(anonymous_20)","decl":{"start":{"line":70,"column":15},"end":{"line":70,"column":16}},"loc":{"start":{"line":70,"column":21},"end":{"line":70,"column":54}},"line":70},"21":{"name":"(anonymous_21)","decl":{"start":{"line":71,"column":15},"end":{"line":71,"column":16}},"loc":{"start":{"line":71,"column":21},"end":{"line":71,"column":53}},"line":71},"22":{"name":"(anonymous_22)","decl":{"start":{"line":74,"column":17},"end":{"line":74,"column":18}},"loc":{"start":{"line":74,"column":23},"end":{"line":74,"column":62}},"line":74}},"branchMap":{"0":{"loc":{"start":{"line":13,"column":2},"end":{"line":13,"column":42}},"type":"if","locations":[{"start":{"line":13,"column":2},"end":{"line":13,"column":42}},{"start":{},"end":{}}],"line":13},"1":{"loc":{"start":{"line":14,"column":2},"end":{"line":14,"column":36}},"type":"if","locations":[{"start":{"line":14,"column":2},"end":{"line":14,"column":36}},{"start":{},"end":{}}],"line":14},"2":{"loc":{"start":{"line":15,"column":2},"end":{"line":15,"column":37}},"type":"if","locations":[{"start":{"line":15,"column":2},"end":{"line":15,"column":37}},{"start":{},"end":{}}],"line":15},"3":{"loc":{"start":{"line":16,"column":2},"end":{"line":16,"column":36}},"type":"if","locations":[{"start":{"line":16,"column":2},"end":{"line":16,"column":36}},{"start":{},"end":{}}],"line":16},"4":{"loc":{"start":{"line":34,"column":2},"end":{"line":41,"column":3}},"type":"switch","locations":[{"start":{"line":35,"column":4},"end":{"line":35,"column":47}},{"start":{"line":36,"column":4},"end":{"line":36,"column":36}},{"start":{"line":37,"column":4},"end":{"line":37,"column":38}},{"start":{"line":38,"column":4},"end":{"line":38,"column":17}},{"start":{"line":39,"column":4},"end":{"line":39,"column":23}},{"start":{"line":40,"column":4},"end":{"line":40,"column":31}}],"line":34},"5":{"loc":{"start":{"line":74,"column":23},"end":{"line":74,"column":62}},"type":"binary-expr","locations":[{"start":{"line":74,"column":23},"end":{"line":74,"column":43}},{"start":{"line":74,"column":47},"end":{"line":74,"column":62}}],"line":74}},"s":{"0":0,"1":0,"2":0,"3":0,"4":0,"5":0,"6":0,"7":0,"8":0,"9":0,"10":0,"11":0,"12":0,"13":0,"14":0,"15":0,"16":0,"17":0,"18":0,"19":0,"20":0,"21":0,"22":0,"23":0,"24":0,"25":0,"26":0,"27":0,"28":0,"29":0,"30":0,"31":0,"32":0,"33":0,"34":0,"35":0,"36":0,"37":0,"38":0,"39":0,"40":0,"41":0,"42":0,"43":0,"44":0,"45":0},"f":{"0":0,"1":0,"2":0,"3":0,"4":0,"5":0,"6":0,"7":0,"8":0,"9":0,"10":0,"11":0,"12":0,"13":0,"14":0,"15":0,"16":0,"17":0,"18":0,"19":0,"20":0,"21":0,"22":0},"b":{"0":[0,0],"1":[0,0],"2":[0,0],"3":[0,0],"4":[0,0,0,0,0,0],"5":[0,0]}}
}
