{"total": {"lines":{"total":340,"covered":127,"skipped":0,"pct":37.35},"statements":{"total":390,"covered":142,"skipped":0,"pct":36.41},"functions":{"total":99,"covered":33,"skipped":0,"pct":33.33},"branches":{"total":154,"covered":60,"skipped":0,"pct":38.96},"branchesTrue":{"total":0,"covered":0,"skipped":0,"pct":100}}
,"/Users/Richao/KandyWarz/candyWarz/src/constants/jokerIds.ts": {"lines":{"total":6,"covered":4,"skipped":0,"pct":66.66},"functions":{"total":4,"covered":0,"skipped":0,"pct":0},"statements":{"total":8,"covered":4,"skipped":0,"pct":50},"branches":{"total":0,"covered":0,"skipped":0,"pct":100}}
,"/Users/Richao/KandyWarz/candyWarz/src/types/index.tsx": {"lines":{"total":1,"covered":0,"skipped":0,"pct":0},"functions":{"total":0,"covered":0,"skipped":0,"pct":100},"statements":{"total":1,"covered":0,"skipped":0,"pct":0},"branches":{"total":0,"covered":0,"skipped":0,"pct":100}}
,"/Users/Richao/KandyWarz/candyWarz/src/utils/jokerEffectEngine.ts": {"lines":{"total":69,"covered":54,"skipped":0,"pct":78.26},"functions":{"total":19,"covered":16,"skipped":0,"pct":84.21},"statements":{"total":77,"covered":62,"skipped":0,"pct":80.51},"branches":{"total":32,"covered":17,"skipped":0,"pct":53.12}}
,"/Users/Richao/KandyWarz/candyWarz/src/utils/jokerService.ts": {"lines":{"total":168,"covered":69,"skipped":0,"pct":41.07},"functions":{"total":37,"covered":17,"skipped":0,"pct":45.94},"statements":{"total":177,"covered":76,"skipped":0,"pct":42.93},"branches":{"total":100,"covered":43,"skipped":0,"pct":43}}
,"/Users/Richao/KandyWarz/candyWarz/src/utils/persistence.ts": {"lines":{"total":57,"covered":0,"skipped":0,"pct":0},"functions":{"total":16,"covered":0,"skipped":0,"pct":0},"statements":{"total":73,"covered":0,"skipped":0,"pct":0},"branches":{"total":6,"covered":0,"skipped":0,"pct":0}}
,"/Users/Richao/KandyWarz/candyWarz/src/utils/responsive.ts": {"lines":{"total":39,"covered":0,"skipped":0,"pct":0},"functions":{"total":23,"covered":0,"skipped":0,"pct":0},"statements":{"total":54,"covered":0,"skipped":0,"pct":0},"branches":{"total":16,"covered":0,"skipped":0,"pct":0}}
}
