{"/Users/Richao/KandyWarz/candyWarz/src/constants/jokerIds.ts": {"path":"/Users/Richao/KandyWarz/candyWarz/src/constants/jokerIds.ts","statementMap":{"0":{"start":{"line":5,"column":25},"end":{"line":75,"column":10}},"1":{"start":{"line":78,"column":51},"end":{"line":132,"column":1}},"2":{"start":{"line":139,"column":2},"end":{"line":139,"column":45}},"3":{"start":{"line":139,"column":28},"end":{"line":139,"column":43}},"4":{"start":{"line":144,"column":2},"end":{"line":144,"column":45}},"5":{"start":{"line":144,"column":28},"end":{"line":144,"column":43}}},"fnMap":{"0":{"name":"hasJokerById","decl":{"start":{"line":135,"column":16},"end":{"line":135,"column":28}},"loc":{"start":{"line":138,"column":11},"end":{"line":140,"column":1}},"line":138},"1":{"name":"(anonymous_1)","decl":{"start":{"line":139,"column":21},"end":{"line":139,"column":22}},"loc":{"start":{"line":139,"column":28},"end":{"line":139,"column":43}},"line":139},"2":{"name":"findJokerById","decl":{"start":{"line":143,"column":16},"end":{"line":143,"column":29}},"loc":{"start":{"line":143,"column":96},"end":{"line":145,"column":1}},"line":143},"3":{"name":"(anonymous_3)","decl":{"start":{"line":144,"column":21},"end":{"line":144,"column":22}},"loc":{"start":{"line":144,"column":28},"end":{"line":144,"column":43}},"line":144}},"branchMap":{},"s":{"0":2,"1":2,"2":0,"3":0,"4":0,"5":0},"f":{"0":0,"1":0,"2":0,"3":0},"b":{},"_coverageSchema":"1a1c01bbd47fc00a2c39e90264f33305004495a9","hash":"3bd524cec8690250b932b78df988499b9cf2785a"}
,"/Users/Richao/KandyWarz/candyWarz/src/context/FlavorTextContext.tsx": {"path":"/Users/Richao/KandyWarz/candyWarz/src/context/FlavorTextContext.tsx","statementMap":{"0":{"start":{"line":15,"column":53},"end":{"line":75,"column":1}},"1":{"start":{"line":77,"column":29},"end":{"line":130,"column":1}},"2":{"start":{"line":78,"column":19},"end":{"line":78,"column":35}},"3":{"start":{"line":79,"column":26},"end":{"line":79,"column":67}},"4":{"start":{"line":79,"column":50},"end":{"line":79,"column":66}},"5":{"start":{"line":81,"column":19},"end":{"line":92,"column":16}},"6":{"start":{"line":82,"column":18},"end":{"line":82,"column":38}},"7":{"start":{"line":83,"column":4},"end":{"line":89,"column":5}},"8":{"start":{"line":84,"column":6},"end":{"line":84,"column":63}},"9":{"start":{"line":85,"column":27},"end":{"line":85,"column":48}},"10":{"start":{"line":86,"column":25},"end":{"line":86,"column":86}},"11":{"start":{"line":87,"column":6},"end":{"line":87,"column":71}},"12":{"start":{"line":88,"column":6},"end":{"line":88,"column":13}},"13":{"start":{"line":90,"column":23},"end":{"line":90,"column":70}},"14":{"start":{"line":91,"column":4},"end":{"line":91,"column":58}},"15":{"start":{"line":94,"column":20},"end":{"line":96,"column":16}},"16":{"start":{"line":95,"column":4},"end":{"line":95,"column":31}},"17":{"start":{"line":98,"column":24},"end":{"line":100,"column":16}},"18":{"start":{"line":99,"column":4},"end":{"line":99,"column":28}},"19":{"start":{"line":102,"column":24},"end":{"line":104,"column":16}},"20":{"start":{"line":103,"column":4},"end":{"line":103,"column":32}},"21":{"start":{"line":106,"column":32},"end":{"line":108,"column":16}},"22":{"start":{"line":107,"column":4},"end":{"line":107,"column":32}},"23":{"start":{"line":111,"column":2},"end":{"line":129,"column":5}},"24":{"start":{"line":111,"column":24},"end":{"line":120,"column":3}}},"fnMap":{"0":{"name":"(anonymous_0)","decl":{"start":{"line":77,"column":29},"end":{"line":77,"column":30}},"loc":{"start":{"line":77,"column":35},"end":{"line":130,"column":1}},"line":77},"1":{"name":"(anonymous_1)","decl":{"start":{"line":79,"column":41},"end":{"line":79,"column":42}},"loc":{"start":{"line":79,"column":50},"end":{"line":79,"column":66}},"line":79},"2":{"name":"(anonymous_2)","decl":{"start":{"line":81,"column":31},"end":{"line":81,"column":32}},"loc":{"start":{"line":81,"column":55},"end":{"line":92,"column":3}},"line":81},"3":{"name":"(anonymous_3)","decl":{"start":{"line":94,"column":32},"end":{"line":94,"column":33}},"loc":{"start":{"line":94,"column":53},"end":{"line":96,"column":3}},"line":94},"4":{"name":"(anonymous_4)","decl":{"start":{"line":98,"column":36},"end":{"line":98,"column":37}},"loc":{"start":{"line":98,"column":54},"end":{"line":100,"column":3}},"line":98},"5":{"name":"(anonymous_5)","decl":{"start":{"line":102,"column":36},"end":{"line":102,"column":37}},"loc":{"start":{"line":102,"column":58},"end":{"line":104,"column":3}},"line":102},"6":{"name":"(anonymous_6)","decl":{"start":{"line":106,"column":44},"end":{"line":106,"column":45}},"loc":{"start":{"line":106,"column":50},"end":{"line":108,"column":3}},"line":106},"7":{"name":"(anonymous_7)","decl":{"start":{"line":111,"column":17},"end":{"line":111,"column":18}},"loc":{"start":{"line":111,"column":24},"end":{"line":120,"column":3}},"line":111}},"branchMap":{"0":{"loc":{"start":{"line":83,"column":4},"end":{"line":89,"column":5}},"type":"if","locations":[{"start":{"line":83,"column":4},"end":{"line":89,"column":5}},{"start":{},"end":{}}],"line":83}},"s":{"0":0,"1":0,"2":0,"3":0,"4":0,"5":0,"6":0,"7":0,"8":0,"9":0,"10":0,"11":0,"12":0,"13":0,"14":0,"15":0,"16":0,"17":0,"18":0,"19":0,"20":0,"21":0,"22":0,"23":0,"24":0},"f":{"0":0,"1":0,"2":0,"3":0,"4":0,"5":0,"6":0,"7":0},"b":{"0":[0,0]}}
,"/Users/Richao/KandyWarz/candyWarz/src/data/tutorialSequences.ts": {"path":"/Users/Richao/KandyWarz/candyWarz/src/data/tutorialSequences.ts","statementMap":{"0":{"start":{"line":1,"column":34},"end":{"line":155,"column":1}},"1":{"start":{"line":157,"column":33},"end":{"line":164,"column":10}}},"fnMap":{},"branchMap":{},"s":{"0":0,"1":0},"f":{},"b":{}}
,"/Users/Richao/KandyWarz/candyWarz/src/hooks/useCandySales.ts": {"path":"/Users/Richao/KandyWarz/candyWarz/src/hooks/useCandySales.ts","statementMap":{"0":{"start":{"line":12,"column":29},"end":{"line":67,"column":1}},"1":{"start":{"line":13,"column":19},"end":{"line":13,"column":35}},"2":{"start":{"line":14,"column":26},"end":{"line":14,"column":67}},"3":{"start":{"line":14,"column":50},"end":{"line":14,"column":66}},"4":{"start":{"line":16,"column":21},"end":{"line":18,"column":16}},"5":{"start":{"line":17,"column":4},"end":{"line":17,"column":28}},"6":{"start":{"line":20,"column":22},"end":{"line":22,"column":16}},"7":{"start":{"line":21,"column":4},"end":{"line":21,"column":30}},"8":{"start":{"line":24,"column":24},"end":{"line":26,"column":16}},"9":{"start":{"line":25,"column":4},"end":{"line":25,"column":27}},"10":{"start":{"line":28,"column":16},"end":{"line":30,"column":16}},"11":{"start":{"line":29,"column":4},"end":{"line":29,"column":32}},"12":{"start":{"line":32,"column":27},"end":{"line":34,"column":29}},"13":{"start":{"line":33,"column":4},"end":{"line":33,"column":72}},"14":{"start":{"line":33,"column":48},"end":{"line":33,"column":70}},"15":{"start":{"line":36,"column":29},"end":{"line":38,"column":24}},"16":{"start":{"line":37,"column":4},"end":{"line":37,"column":79}},"17":{"start":{"line":37,"column":58},"end":{"line":37,"column":74}},"18":{"start":{"line":40,"column":24},"end":{"line":42,"column":16}},"19":{"start":{"line":41,"column":4},"end":{"line":41,"column":28}},"20":{"start":{"line":44,"column":21},"end":{"line":46,"column":16}},"21":{"start":{"line":45,"column":4},"end":{"line":45,"column":32}},"22":{"start":{"line":48,"column":33},"end":{"line":51,"column":8}},"23":{"start":{"line":50,"column":4},"end":{"line":50,"column":13}},"24":{"start":{"line":53,"column":2},"end":{"line":66,"column":4}}},"fnMap":{"0":{"name":"(anonymous_0)","decl":{"start":{"line":12,"column":29},"end":{"line":12,"column":30}},"loc":{"start":{"line":12,"column":35},"end":{"line":67,"column":1}},"line":12},"1":{"name":"(anonymous_1)","decl":{"start":{"line":14,"column":41},"end":{"line":14,"column":42}},"loc":{"start":{"line":14,"column":50},"end":{"line":14,"column":66}},"line":14},"2":{"name":"(anonymous_2)","decl":{"start":{"line":16,"column":33},"end":{"line":16,"column":34}},"loc":{"start":{"line":16,"column":48},"end":{"line":18,"column":3}},"line":16},"3":{"name":"(anonymous_3)","decl":{"start":{"line":20,"column":34},"end":{"line":20,"column":35}},"loc":{"start":{"line":20,"column":52},"end":{"line":22,"column":3}},"line":20},"4":{"name":"(anonymous_4)","decl":{"start":{"line":24,"column":36},"end":{"line":24,"column":37}},"loc":{"start":{"line":24,"column":42},"end":{"line":26,"column":3}},"line":24},"5":{"name":"(anonymous_5)","decl":{"start":{"line":28,"column":28},"end":{"line":28,"column":29}},"loc":{"start":{"line":28,"column":34},"end":{"line":30,"column":3}},"line":28},"6":{"name":"(anonymous_6)","decl":{"start":{"line":32,"column":39},"end":{"line":32,"column":40}},"loc":{"start":{"line":32,"column":59},"end":{"line":34,"column":3}},"line":32},"7":{"name":"(anonymous_7)","decl":{"start":{"line":33,"column":40},"end":{"line":33,"column":41}},"loc":{"start":{"line":33,"column":48},"end":{"line":33,"column":70}},"line":33},"8":{"name":"(anonymous_8)","decl":{"start":{"line":36,"column":41},"end":{"line":36,"column":42}},"loc":{"start":{"line":36,"column":61},"end":{"line":38,"column":3}},"line":36},"9":{"name":"(anonymous_9)","decl":{"start":{"line":37,"column":43},"end":{"line":37,"column":44}},"loc":{"start":{"line":37,"column":58},"end":{"line":37,"column":74}},"line":37},"10":{"name":"(anonymous_10)","decl":{"start":{"line":40,"column":36},"end":{"line":40,"column":37}},"loc":{"start":{"line":40,"column":51},"end":{"line":42,"column":3}},"line":40},"11":{"name":"(anonymous_11)","decl":{"start":{"line":44,"column":33},"end":{"line":44,"column":34}},"loc":{"start":{"line":44,"column":39},"end":{"line":46,"column":3}},"line":44},"12":{"name":"(anonymous_12)","decl":{"start":{"line":48,"column":45},"end":{"line":48,"column":46}},"loc":{"start":{"line":48,"column":51},"end":{"line":51,"column":3}},"line":48}},"branchMap":{},"s":{"0":0,"1":0,"2":0,"3":0,"4":0,"5":0,"6":0,"7":0,"8":0,"9":0,"10":0,"11":0,"12":0,"13":0,"14":0,"15":0,"16":0,"17":0,"18":0,"19":0,"20":0,"21":0,"22":0,"23":0,"24":0},"f":{"0":0,"1":0,"2":0,"3":0,"4":0,"5":0,"6":0,"7":0,"8":0,"9":0,"10":0,"11":0,"12":0},"b":{}}
,"/Users/Richao/KandyWarz/candyWarz/src/hooks/useComputedJokerEffects.ts": {"path":"/Users/Richao/KandyWarz/candyWarz/src/hooks/useComputedJokerEffects.ts","statementMap":{"0":{"start":{"line":16,"column":39},"end":{"line":71,"column":1}},"1":{"start":{"line":17,"column":19},"end":{"line":17,"column":35}},"2":{"start":{"line":18,"column":24},"end":{"line":18,"column":37}},"3":{"start":{"line":21,"column":17},"end":{"line":21,"column":60}},"4":{"start":{"line":21,"column":41},"end":{"line":21,"column":59}},"5":{"start":{"line":22,"column":24},"end":{"line":22,"column":74}},"6":{"start":{"line":22,"column":48},"end":{"line":22,"column":73}},"7":{"start":{"line":23,"column":26},"end":{"line":23,"column":78}},"8":{"start":{"line":23,"column":50},"end":{"line":23,"column":77}},"9":{"start":{"line":24,"column":22},"end":{"line":24,"column":69}},"10":{"start":{"line":24,"column":46},"end":{"line":24,"column":68}},"11":{"start":{"line":25,"column":29},"end":{"line":25,"column":82}},"12":{"start":{"line":25,"column":53},"end":{"line":25,"column":81}},"13":{"start":{"line":28,"column":2},"end":{"line":38,"column":34}},"14":{"start":{"line":29,"column":4},"end":{"line":37,"column":5}},"15":{"start":{"line":30,"column":6},"end":{"line":34,"column":7}},"16":{"start":{"line":31,"column":8},"end":{"line":31,"column":75}},"17":{"start":{"line":32,"column":8},"end":{"line":32,"column":37}},"18":{"start":{"line":33,"column":8},"end":{"line":33,"column":38}},"19":{"start":{"line":36,"column":6},"end":{"line":36,"column":58}},"20":{"start":{"line":41,"column":2},"end":{"line":45,"column":24}},"21":{"start":{"line":42,"column":4},"end":{"line":44,"column":5}},"22":{"start":{"line":43,"column":6},"end":{"line":43,"column":36}},"23":{"start":{"line":48,"column":2},"end":{"line":61,"column":73}},"24":{"start":{"line":49,"column":4},"end":{"line":60,"column":5}},"25":{"start":{"line":51,"column":6},"end":{"line":57,"column":7}},"26":{"start":{"line":52,"column":8},"end":{"line":52,"column":72}},"27":{"start":{"line":53,"column":8},"end":{"line":56,"column":12}},"28":{"start":{"line":59,"column":6},"end":{"line":59,"column":62}},"29":{"start":{"line":64,"column":2},"end":{"line":70,"column":4}}},"fnMap":{"0":{"name":"(anonymous_0)","decl":{"start":{"line":16,"column":39},"end":{"line":16,"column":40}},"loc":{"start":{"line":16,"column":45},"end":{"line":71,"column":1}},"line":16},"1":{"name":"(anonymous_1)","decl":{"start":{"line":21,"column":32},"end":{"line":21,"column":33}},"loc":{"start":{"line":21,"column":41},"end":{"line":21,"column":59}},"line":21},"2":{"name":"(anonymous_2)","decl":{"start":{"line":22,"column":39},"end":{"line":22,"column":40}},"loc":{"start":{"line":22,"column":48},"end":{"line":22,"column":73}},"line":22},"3":{"name":"(anonymous_3)","decl":{"start":{"line":23,"column":41},"end":{"line":23,"column":42}},"loc":{"start":{"line":23,"column":50},"end":{"line":23,"column":77}},"line":23},"4":{"name":"(anonymous_4)","decl":{"start":{"line":24,"column":37},"end":{"line":24,"column":38}},"loc":{"start":{"line":24,"column":46},"end":{"line":24,"column":68}},"line":24},"5":{"name":"(anonymous_5)","decl":{"start":{"line":25,"column":44},"end":{"line":25,"column":45}},"loc":{"start":{"line":25,"column":53},"end":{"line":25,"column":81}},"line":25},"6":{"name":"(anonymous_6)","decl":{"start":{"line":28,"column":12},"end":{"line":28,"column":13}},"loc":{"start":{"line":28,"column":18},"end":{"line":38,"column":3}},"line":28},"7":{"name":"(anonymous_7)","decl":{"start":{"line":41,"column":12},"end":{"line":41,"column":13}},"loc":{"start":{"line":41,"column":18},"end":{"line":45,"column":3}},"line":41},"8":{"name":"(anonymous_8)","decl":{"start":{"line":48,"column":12},"end":{"line":48,"column":13}},"loc":{"start":{"line":48,"column":18},"end":{"line":61,"column":3}},"line":48}},"branchMap":{"0":{"loc":{"start":{"line":30,"column":6},"end":{"line":34,"column":7}},"type":"if","locations":[{"start":{"line":30,"column":6},"end":{"line":34,"column":7}},{"start":{},"end":{}}],"line":30},"1":{"loc":{"start":{"line":30,"column":10},"end":{"line":30,"column":52}},"type":"binary-expr","locations":[{"start":{"line":30,"column":10},"end":{"line":30,"column":26}},{"start":{"line":30,"column":30},"end":{"line":30,"column":52}}],"line":30},"2":{"loc":{"start":{"line":42,"column":4},"end":{"line":44,"column":5}},"type":"if","locations":[{"start":{"line":42,"column":4},"end":{"line":44,"column":5}},{"start":{},"end":{}}],"line":42},"3":{"loc":{"start":{"line":51,"column":6},"end":{"line":57,"column":7}},"type":"if","locations":[{"start":{"line":51,"column":6},"end":{"line":57,"column":7}},{"start":{},"end":{}}],"line":51}},"s":{"0":0,"1":0,"2":0,"3":0,"4":0,"5":0,"6":0,"7":0,"8":0,"9":0,"10":0,"11":0,"12":0,"13":0,"14":0,"15":0,"16":0,"17":0,"18":0,"19":0,"20":0,"21":0,"22":0,"23":0,"24":0,"25":0,"26":0,"27":0,"28":0,"29":0},"f":{"0":0,"1":0,"2":0,"3":0,"4":0,"5":0,"6":0,"7":0,"8":0},"b":{"0":[0,0],"1":[0,0],"2":[0,0],"3":[0,0]}}
,"/Users/Richao/KandyWarz/candyWarz/src/hooks/useDailyStats.ts": {"path":"/Users/Richao/KandyWarz/candyWarz/src/hooks/useDailyStats.ts","statementMap":{"0":{"start":{"line":13,"column":29},"end":{"line":98,"column":1}},"1":{"start":{"line":14,"column":19},"end":{"line":14,"column":35}},"2":{"start":{"line":15,"column":26},"end":{"line":15,"column":67}},"3":{"start":{"line":15,"column":50},"end":{"line":15,"column":66}},"4":{"start":{"line":16,"column":22},"end":{"line":16,"column":55}},"5":{"start":{"line":18,"column":27},"end":{"line":20,"column":16}},"6":{"start":{"line":19,"column":4},"end":{"line":19,"column":35}},"7":{"start":{"line":22,"column":27},"end":{"line":24,"column":16}},"8":{"start":{"line":23,"column":4},"end":{"line":23,"column":33}},"9":{"start":{"line":26,"column":27},"end":{"line":28,"column":16}},"10":{"start":{"line":27,"column":4},"end":{"line":27,"column":40}},"11":{"start":{"line":30,"column":34},"end":{"line":32,"column":16}},"12":{"start":{"line":31,"column":4},"end":{"line":31,"column":50}},"13":{"start":{"line":34,"column":21},"end":{"line":36,"column":16}},"14":{"start":{"line":35,"column":4},"end":{"line":35,"column":32}},"15":{"start":{"line":38,"column":16},"end":{"line":40,"column":16}},"16":{"start":{"line":39,"column":4},"end":{"line":39,"column":32}},"17":{"start":{"line":42,"column":32},"end":{"line":44,"column":16}},"18":{"start":{"line":43,"column":4},"end":{"line":43,"column":32}},"19":{"start":{"line":46,"column":24},"end":{"line":57,"column":39}},"20":{"start":{"line":47,"column":23},"end":{"line":47,"column":100}},"21":{"start":{"line":48,"column":4},"end":{"line":48,"column":82}},"22":{"start":{"line":49,"column":19},"end":{"line":54,"column":5}},"23":{"start":{"line":55,"column":4},"end":{"line":55,"column":69}},"24":{"start":{"line":56,"column":4},"end":{"line":56,"column":18}},"25":{"start":{"line":59,"column":20},"end":{"line":61,"column":49}},"26":{"start":{"line":60,"column":4},"end":{"line":60,"column":105}},"27":{"start":{"line":63,"column":19},"end":{"line":65,"column":49}},"28":{"start":{"line":64,"column":4},"end":{"line":64,"column":109}},"29":{"start":{"line":67,"column":23},"end":{"line":69,"column":49}},"30":{"start":{"line":68,"column":4},"end":{"line":68,"column":117}},"31":{"start":{"line":71,"column":27},"end":{"line":74,"column":8}},"32":{"start":{"line":73,"column":4},"end":{"line":73,"column":57}},"33":{"start":{"line":76,"column":24},"end":{"line":78,"column":34}},"34":{"start":{"line":77,"column":4},"end":{"line":77,"column":63}},"35":{"start":{"line":77,"column":48},"end":{"line":77,"column":61}},"36":{"start":{"line":80,"column":2},"end":{"line":97,"column":4}}},"fnMap":{"0":{"name":"(anonymous_0)","decl":{"start":{"line":13,"column":29},"end":{"line":13,"column":30}},"loc":{"start":{"line":13,"column":35},"end":{"line":98,"column":1}},"line":13},"1":{"name":"(anonymous_1)","decl":{"start":{"line":15,"column":41},"end":{"line":15,"column":42}},"loc":{"start":{"line":15,"column":50},"end":{"line":15,"column":66}},"line":15},"2":{"name":"(anonymous_2)","decl":{"start":{"line":18,"column":39},"end":{"line":18,"column":40}},"loc":{"start":{"line":18,"column":57},"end":{"line":20,"column":3}},"line":18},"3":{"name":"(anonymous_3)","decl":{"start":{"line":22,"column":39},"end":{"line":22,"column":40}},"loc":{"start":{"line":22,"column":55},"end":{"line":24,"column":3}},"line":22},"4":{"name":"(anonymous_4)","decl":{"start":{"line":26,"column":39},"end":{"line":26,"column":40}},"loc":{"start":{"line":26,"column":55},"end":{"line":28,"column":3}},"line":26},"5":{"name":"(anonymous_5)","decl":{"start":{"line":30,"column":46},"end":{"line":30,"column":47}},"loc":{"start":{"line":30,"column":69},"end":{"line":32,"column":3}},"line":30},"6":{"name":"(anonymous_6)","decl":{"start":{"line":34,"column":33},"end":{"line":34,"column":34}},"loc":{"start":{"line":34,"column":39},"end":{"line":36,"column":3}},"line":34},"7":{"name":"(anonymous_7)","decl":{"start":{"line":38,"column":28},"end":{"line":38,"column":29}},"loc":{"start":{"line":38,"column":34},"end":{"line":40,"column":3}},"line":38},"8":{"name":"(anonymous_8)","decl":{"start":{"line":42,"column":44},"end":{"line":42,"column":45}},"loc":{"start":{"line":42,"column":50},"end":{"line":44,"column":3}},"line":42},"9":{"name":"(anonymous_9)","decl":{"start":{"line":46,"column":36},"end":{"line":46,"column":37}},"loc":{"start":{"line":46,"column":42},"end":{"line":57,"column":3}},"line":46},"10":{"name":"(anonymous_10)","decl":{"start":{"line":59,"column":32},"end":{"line":59,"column":33}},"loc":{"start":{"line":59,"column":52},"end":{"line":61,"column":3}},"line":59},"11":{"name":"(anonymous_11)","decl":{"start":{"line":63,"column":31},"end":{"line":63,"column":32}},"loc":{"start":{"line":63,"column":51},"end":{"line":65,"column":3}},"line":63},"12":{"name":"(anonymous_12)","decl":{"start":{"line":67,"column":35},"end":{"line":67,"column":36}},"loc":{"start":{"line":67,"column":57},"end":{"line":69,"column":3}},"line":67},"13":{"name":"(anonymous_13)","decl":{"start":{"line":71,"column":39},"end":{"line":71,"column":40}},"loc":{"start":{"line":71,"column":59},"end":{"line":74,"column":3}},"line":71},"14":{"name":"(anonymous_14)","decl":{"start":{"line":76,"column":36},"end":{"line":76,"column":37}},"loc":{"start":{"line":76,"column":53},"end":{"line":78,"column":3}},"line":76},"15":{"name":"(anonymous_15)","decl":{"start":{"line":77,"column":43},"end":{"line":77,"column":44}},"loc":{"start":{"line":77,"column":48},"end":{"line":77,"column":61}},"line":77}},"branchMap":{"0":{"loc":{"start":{"line":47,"column":23},"end":{"line":47,"column":100}},"type":"binary-expr","locations":[{"start":{"line":47,"column":23},"end":{"line":47,"column":54}},{"start":{"line":47,"column":58},"end":{"line":47,"column":100}}],"line":47},"1":{"loc":{"start":{"line":50,"column":14},"end":{"line":50,"column":36}},"type":"binary-expr","locations":[{"start":{"line":50,"column":14},"end":{"line":50,"column":31}},{"start":{"line":50,"column":35},"end":{"line":50,"column":36}}],"line":50},"2":{"loc":{"start":{"line":51,"column":13},"end":{"line":51,"column":37}},"type":"binary-expr","locations":[{"start":{"line":51,"column":13},"end":{"line":51,"column":32}},{"start":{"line":51,"column":36},"end":{"line":51,"column":37}}],"line":51},"3":{"loc":{"start":{"line":52,"column":19},"end":{"line":52,"column":46}},"type":"binary-expr","locations":[{"start":{"line":52,"column":19},"end":{"line":52,"column":41}},{"start":{"line":52,"column":45},"end":{"line":52,"column":46}}],"line":52},"4":{"loc":{"start":{"line":53,"column":16},"end":{"line":53,"column":38}},"type":"binary-expr","locations":[{"start":{"line":53,"column":16},"end":{"line":53,"column":33}},{"start":{"line":53,"column":37},"end":{"line":53,"column":38}}],"line":53},"5":{"loc":{"start":{"line":53,"column":43},"end":{"line":53,"column":67}},"type":"binary-expr","locations":[{"start":{"line":53,"column":43},"end":{"line":53,"column":62}},{"start":{"line":53,"column":66},"end":{"line":53,"column":67}}],"line":53},"6":{"loc":{"start":{"line":60,"column":46},"end":{"line":60,"column":90}},"type":"binary-expr","locations":[{"start":{"line":60,"column":46},"end":{"line":60,"column":85}},{"start":{"line":60,"column":89},"end":{"line":60,"column":90}}],"line":60},"7":{"loc":{"start":{"line":64,"column":48},"end":{"line":64,"column":94}},"type":"binary-expr","locations":[{"start":{"line":64,"column":48},"end":{"line":64,"column":89}},{"start":{"line":64,"column":93},"end":{"line":64,"column":94}}],"line":64},"8":{"loc":{"start":{"line":68,"column":51},"end":{"line":68,"column":100}},"type":"binary-expr","locations":[{"start":{"line":68,"column":51},"end":{"line":68,"column":95}},{"start":{"line":68,"column":99},"end":{"line":68,"column":100}}],"line":68}},"s":{"0":0,"1":0,"2":0,"3":0,"4":0,"5":0,"6":0,"7":0,"8":0,"9":0,"10":0,"11":0,"12":0,"13":0,"14":0,"15":0,"16":0,"17":0,"18":0,"19":0,"20":0,"21":0,"22":0,"23":0,"24":0,"25":0,"26":0,"27":0,"28":0,"29":0,"30":0,"31":0,"32":0,"33":0,"34":0,"35":0,"36":0},"f":{"0":0,"1":0,"2":0,"3":0,"4":0,"5":0,"6":0,"7":0,"8":0,"9":0,"10":0,"11":0,"12":0,"13":0,"14":0,"15":0},"b":{"0":[0,0],"1":[0,0],"2":[0,0],"3":[0,0],"4":[0,0],"5":[0,0],"6":[0,0],"7":[0,0],"8":[0,0]}}
,"/Users/Richao/KandyWarz/candyWarz/src/hooks/useDiamondHand.ts": {"path":"/Users/Richao/KandyWarz/candyWarz/src/hooks/useDiamondHand.ts","statementMap":{"0":{"start":{"line":9,"column":30},"end":{"line":48,"column":1}},"1":{"start":{"line":10,"column":26},"end":{"line":10,"column":35}},"2":{"start":{"line":11,"column":37},"end":{"line":11,"column":51}},"3":{"start":{"line":12,"column":21},"end":{"line":12,"column":32}},"4":{"start":{"line":13,"column":28},"end":{"line":13,"column":39}},"5":{"start":{"line":15,"column":38},"end":{"line":15,"column":59}},"6":{"start":{"line":18,"column":2},"end":{"line":23,"column":20}},"7":{"start":{"line":19,"column":4},"end":{"line":22,"column":5}},"8":{"start":{"line":20,"column":6},"end":{"line":20,"column":30}},"9":{"start":{"line":21,"column":6},"end":{"line":21,"column":33}},"10":{"start":{"line":25,"column":32},"end":{"line":40,"column":48}},"11":{"start":{"line":27,"column":29},"end":{"line":27,"column":74}},"12":{"start":{"line":28,"column":4},"end":{"line":28,"column":34}},"13":{"start":{"line":28,"column":27},"end":{"line":28,"column":34}},"14":{"start":{"line":31,"column":29},"end":{"line":31,"column":53}},"15":{"start":{"line":33,"column":4},"end":{"line":39,"column":5}},"16":{"start":{"line":35,"column":26},"end":{"line":35,"column":47}},"17":{"start":{"line":37,"column":6},"end":{"line":37,"column":28}},"18":{"start":{"line":38,"column":6},"end":{"line":38,"column":104}},"19":{"start":{"line":43,"column":21},"end":{"line":45,"column":3}},"20":{"start":{"line":47,"column":2},"end":{"line":47,"column":24}}},"fnMap":{"0":{"name":"(anonymous_0)","decl":{"start":{"line":9,"column":30},"end":{"line":9,"column":31}},"loc":{"start":{"line":9,"column":36},"end":{"line":48,"column":1}},"line":9},"1":{"name":"(anonymous_1)","decl":{"start":{"line":18,"column":12},"end":{"line":18,"column":13}},"loc":{"start":{"line":18,"column":18},"end":{"line":23,"column":3}},"line":18},"2":{"name":"(anonymous_2)","decl":{"start":{"line":25,"column":44},"end":{"line":25,"column":45}},"loc":{"start":{"line":25,"column":50},"end":{"line":40,"column":3}},"line":25},"3":{"name":"(anonymous_3)","decl":{"start":{"line":43,"column":21},"end":{"line":43,"column":22}},"loc":{"start":{"line":43,"column":27},"end":{"line":45,"column":3}},"line":43}},"branchMap":{"0":{"loc":{"start":{"line":19,"column":4},"end":{"line":22,"column":5}},"type":"if","locations":[{"start":{"line":19,"column":4},"end":{"line":22,"column":5}},{"start":{},"end":{}}],"line":19},"1":{"loc":{"start":{"line":19,"column":8},"end":{"line":19,"column":53}},"type":"binary-expr","locations":[{"start":{"line":19,"column":8},"end":{"line":19,"column":34}},{"start":{"line":19,"column":38},"end":{"line":19,"column":53}}],"line":19},"2":{"loc":{"start":{"line":28,"column":4},"end":{"line":28,"column":34}},"type":"if","locations":[{"start":{"line":28,"column":4},"end":{"line":28,"column":34}},{"start":{},"end":{}}],"line":28},"3":{"loc":{"start":{"line":33,"column":4},"end":{"line":39,"column":5}},"type":"if","locations":[{"start":{"line":33,"column":4},"end":{"line":39,"column":5}},{"start":{},"end":{}}],"line":33}},"s":{"0":0,"1":0,"2":0,"3":0,"4":0,"5":0,"6":0,"7":0,"8":0,"9":0,"10":0,"11":0,"12":0,"13":0,"14":0,"15":0,"16":0,"17":0,"18":0,"19":0,"20":0},"f":{"0":0,"1":0,"2":0,"3":0},"b":{"0":[0,0],"1":[0,0],"2":[0,0],"3":[0,0]}}
,"/Users/Richao/KandyWarz/candyWarz/src/hooks/useDroughtRelief.ts": {"path":"/Users/Richao/KandyWarz/candyWarz/src/hooks/useDroughtRelief.ts","statementMap":{"0":{"start":{"line":9,"column":32},"end":{"line":124,"column":1}},"1":{"start":{"line":10,"column":26},"end":{"line":10,"column":35}},"2":{"start":{"line":11,"column":21},"end":{"line":11,"column":32}},"3":{"start":{"line":12,"column":28},"end":{"line":12,"column":39}},"4":{"start":{"line":13,"column":29},"end":{"line":13,"column":77}},"5":{"start":{"line":16,"column":42},"end":{"line":16,"column":65}},"6":{"start":{"line":17,"column":38},"end":{"line":17,"column":59}},"7":{"start":{"line":20,"column":2},"end":{"line":28,"column":20}},"8":{"start":{"line":21,"column":4},"end":{"line":27,"column":5}},"9":{"start":{"line":23,"column":6},"end":{"line":23,"column":32}},"10":{"start":{"line":26,"column":6},"end":{"line":26,"column":33}},"11":{"start":{"line":30,"column":34},"end":{"line":61,"column":3}},"12":{"start":{"line":32,"column":4},"end":{"line":32,"column":31}},"13":{"start":{"line":32,"column":24},"end":{"line":32,"column":31}},"14":{"start":{"line":35,"column":31},"end":{"line":35,"column":78}},"15":{"start":{"line":36,"column":4},"end":{"line":36,"column":36}},"16":{"start":{"line":36,"column":29},"end":{"line":36,"column":36}},"17":{"start":{"line":39,"column":4},"end":{"line":60,"column":5}},"18":{"start":{"line":40,"column":31},"end":{"line":40,"column":53}},"19":{"start":{"line":41,"column":40},"end":{"line":41,"column":85}},"20":{"start":{"line":41,"column":75},"end":{"line":41,"column":84}},"21":{"start":{"line":43,"column":6},"end":{"line":59,"column":7}},"22":{"start":{"line":45,"column":28},"end":{"line":45,"column":46}},"23":{"start":{"line":47,"column":8},"end":{"line":58,"column":9}},"24":{"start":{"line":48,"column":10},"end":{"line":48,"column":32}},"25":{"start":{"line":49,"column":10},"end":{"line":49,"column":109}},"26":{"start":{"line":52,"column":10},"end":{"line":54,"column":19}},"27":{"start":{"line":53,"column":12},"end":{"line":53,"column":166}},"28":{"start":{"line":57,"column":10},"end":{"line":57,"column":30}},"29":{"start":{"line":64,"column":21},"end":{"line":84,"column":3}},"30":{"start":{"line":65,"column":4},"end":{"line":83,"column":7}},"31":{"start":{"line":66,"column":25},"end":{"line":66,"column":34}},"32":{"start":{"line":69,"column":6},"end":{"line":79,"column":7}},"33":{"start":{"line":71,"column":8},"end":{"line":73,"column":9}},"34":{"start":{"line":72,"column":10},"end":{"line":72,"column":33}},"35":{"start":{"line":75,"column":8},"end":{"line":75,"column":30}},"36":{"start":{"line":78,"column":8},"end":{"line":78,"column":39}},"37":{"start":{"line":82,"column":6},"end":{"line":82,"column":34}},"38":{"start":{"line":87,"column":33},"end":{"line":102,"column":3}},"39":{"start":{"line":88,"column":4},"end":{"line":101,"column":7}},"40":{"start":{"line":89,"column":25},"end":{"line":89,"column":34}},"41":{"start":{"line":92,"column":6},"end":{"line":94,"column":7}},"42":{"start":{"line":93,"column":8},"end":{"line":93,"column":31}},"43":{"start":{"line":97,"column":6},"end":{"line":97,"column":38}},"44":{"start":{"line":100,"column":6},"end":{"line":100,"column":34}},"45":{"start":{"line":105,"column":2},"end":{"line":121,"column":32}},"46":{"start":{"line":106,"column":4},"end":{"line":120,"column":5}},"47":{"start":{"line":108,"column":6},"end":{"line":119,"column":9}},"48":{"start":{"line":109,"column":27},"end":{"line":109,"column":36}},"49":{"start":{"line":112,"column":8},"end":{"line":116,"column":9}},"50":{"start":{"line":113,"column":10},"end":{"line":115,"column":11}},"51":{"start":{"line":114,"column":12},"end":{"line":114,"column":35}},"52":{"start":{"line":118,"column":8},"end":{"line":118,"column":36}},"53":{"start":{"line":123,"column":2},"end":{"line":123,"column":48}}},"fnMap":{"0":{"name":"(anonymous_0)","decl":{"start":{"line":9,"column":32},"end":{"line":9,"column":33}},"loc":{"start":{"line":9,"column":38},"end":{"line":124,"column":1}},"line":9},"1":{"name":"(anonymous_1)","decl":{"start":{"line":20,"column":12},"end":{"line":20,"column":13}},"loc":{"start":{"line":20,"column":18},"end":{"line":28,"column":3}},"line":20},"2":{"name":"(anonymous_2)","decl":{"start":{"line":30,"column":34},"end":{"line":30,"column":35}},"loc":{"start":{"line":30,"column":40},"end":{"line":61,"column":3}},"line":30},"3":{"name":"(anonymous_3)","decl":{"start":{"line":41,"column":63},"end":{"line":41,"column":64}},"loc":{"start":{"line":41,"column":75},"end":{"line":41,"column":84}},"line":41},"4":{"name":"(anonymous_4)","decl":{"start":{"line":52,"column":21},"end":{"line":52,"column":22}},"loc":{"start":{"line":52,"column":27},"end":{"line":54,"column":11}},"line":52},"5":{"name":"(anonymous_5)","decl":{"start":{"line":64,"column":21},"end":{"line":64,"column":22}},"loc":{"start":{"line":64,"column":27},"end":{"line":84,"column":3}},"line":64},"6":{"name":"(anonymous_6)","decl":{"start":{"line":65,"column":20},"end":{"line":65,"column":21}},"loc":{"start":{"line":65,"column":28},"end":{"line":83,"column":5}},"line":65},"7":{"name":"(anonymous_7)","decl":{"start":{"line":87,"column":33},"end":{"line":87,"column":34}},"loc":{"start":{"line":87,"column":39},"end":{"line":102,"column":3}},"line":87},"8":{"name":"(anonymous_8)","decl":{"start":{"line":88,"column":20},"end":{"line":88,"column":21}},"loc":{"start":{"line":88,"column":28},"end":{"line":101,"column":5}},"line":88},"9":{"name":"(anonymous_9)","decl":{"start":{"line":105,"column":12},"end":{"line":105,"column":13}},"loc":{"start":{"line":105,"column":18},"end":{"line":121,"column":3}},"line":105},"10":{"name":"(anonymous_10)","decl":{"start":{"line":108,"column":22},"end":{"line":108,"column":23}},"loc":{"start":{"line":108,"column":30},"end":{"line":119,"column":7}},"line":108}},"branchMap":{"0":{"loc":{"start":{"line":21,"column":4},"end":{"line":27,"column":5}},"type":"if","locations":[{"start":{"line":21,"column":4},"end":{"line":27,"column":5}},{"start":{},"end":{}}],"line":21},"1":{"loc":{"start":{"line":32,"column":4},"end":{"line":32,"column":31}},"type":"if","locations":[{"start":{"line":32,"column":4},"end":{"line":32,"column":31}},{"start":{},"end":{}}],"line":32},"2":{"loc":{"start":{"line":36,"column":4},"end":{"line":36,"column":36}},"type":"if","locations":[{"start":{"line":36,"column":4},"end":{"line":36,"column":36}},{"start":{},"end":{}}],"line":36},"3":{"loc":{"start":{"line":39,"column":4},"end":{"line":60,"column":5}},"type":"if","locations":[{"start":{"line":39,"column":4},"end":{"line":60,"column":5}},{"start":{},"end":{}}],"line":39},"4":{"loc":{"start":{"line":43,"column":6},"end":{"line":59,"column":7}},"type":"if","locations":[{"start":{"line":43,"column":6},"end":{"line":59,"column":7}},{"start":{},"end":{}}],"line":43},"5":{"loc":{"start":{"line":47,"column":8},"end":{"line":58,"column":9}},"type":"if","locations":[{"start":{"line":47,"column":8},"end":{"line":58,"column":9}},{"start":{},"end":{}}],"line":47},"6":{"loc":{"start":{"line":69,"column":6},"end":{"line":79,"column":7}},"type":"if","locations":[{"start":{"line":69,"column":6},"end":{"line":79,"column":7}},{"start":{"line":76,"column":13},"end":{"line":79,"column":7}}],"line":69},"7":{"loc":{"start":{"line":69,"column":10},"end":{"line":69,"column":72}},"type":"binary-expr","locations":[{"start":{"line":69,"column":10},"end":{"line":69,"column":33}},{"start":{"line":69,"column":37},"end":{"line":69,"column":72}}],"line":69},"8":{"loc":{"start":{"line":106,"column":4},"end":{"line":120,"column":5}},"type":"if","locations":[{"start":{"line":106,"column":4},"end":{"line":120,"column":5}},{"start":{},"end":{}}],"line":106},"9":{"loc":{"start":{"line":112,"column":8},"end":{"line":116,"column":9}},"type":"if","locations":[{"start":{"line":112,"column":8},"end":{"line":116,"column":9}},{"start":{},"end":{}}],"line":112}},"s":{"0":0,"1":0,"2":0,"3":0,"4":0,"5":0,"6":0,"7":0,"8":0,"9":0,"10":0,"11":0,"12":0,"13":0,"14":0,"15":0,"16":0,"17":0,"18":0,"19":0,"20":0,"21":0,"22":0,"23":0,"24":0,"25":0,"26":0,"27":0,"28":0,"29":0,"30":0,"31":0,"32":0,"33":0,"34":0,"35":0,"36":0,"37":0,"38":0,"39":0,"40":0,"41":0,"42":0,"43":0,"44":0,"45":0,"46":0,"47":0,"48":0,"49":0,"50":0,"51":0,"52":0,"53":0},"f":{"0":0,"1":0,"2":0,"3":0,"4":0,"5":0,"6":0,"7":0,"8":0,"9":0,"10":0},"b":{"0":[0,0],"1":[0,0],"2":[0,0],"3":[0,0],"4":[0,0],"5":[0,0],"6":[0,0],"7":[0,0],"8":[0,0],"9":[0,0]}}
,"/Users/Richao/KandyWarz/candyWarz/src/hooks/useEmptyInventoryBonus.ts": {"path":"/Users/Richao/KandyWarz/candyWarz/src/hooks/useEmptyInventoryBonus.ts","statementMap":{"0":{"start":{"line":10,"column":38},"end":{"line":37,"column":1}},"1":{"start":{"line":11,"column":26},"end":{"line":11,"column":35}},"2":{"start":{"line":12,"column":37},"end":{"line":12,"column":51}},"3":{"start":{"line":13,"column":21},"end":{"line":13,"column":32}},"4":{"start":{"line":14,"column":28},"end":{"line":14,"column":39}},"5":{"start":{"line":15,"column":30},"end":{"line":15,"column":79}},"6":{"start":{"line":17,"column":2},"end":{"line":36,"column":28}},"7":{"start":{"line":19,"column":4},"end":{"line":19,"column":34}},"8":{"start":{"line":19,"column":27},"end":{"line":19,"column":34}},"9":{"start":{"line":22,"column":30},"end":{"line":22,"column":80}},"10":{"start":{"line":23,"column":4},"end":{"line":23,"column":35}},"11":{"start":{"line":23,"column":28},"end":{"line":23,"column":35}},"12":{"start":{"line":26,"column":27},"end":{"line":26,"column":51}},"13":{"start":{"line":27,"column":4},"end":{"line":35,"column":5}},"14":{"start":{"line":29,"column":26},"end":{"line":29,"column":45}},"15":{"start":{"line":31,"column":6},"end":{"line":34,"column":7}},"16":{"start":{"line":32,"column":8},"end":{"line":32,"column":30}},"17":{"start":{"line":33,"column":8},"end":{"line":33,"column":102}}},"fnMap":{"0":{"name":"(anonymous_0)","decl":{"start":{"line":10,"column":38},"end":{"line":10,"column":39}},"loc":{"start":{"line":10,"column":44},"end":{"line":37,"column":1}},"line":10},"1":{"name":"(anonymous_1)","decl":{"start":{"line":17,"column":12},"end":{"line":17,"column":13}},"loc":{"start":{"line":17,"column":18},"end":{"line":36,"column":3}},"line":17}},"branchMap":{"0":{"loc":{"start":{"line":19,"column":4},"end":{"line":19,"column":34}},"type":"if","locations":[{"start":{"line":19,"column":4},"end":{"line":19,"column":34}},{"start":{},"end":{}}],"line":19},"1":{"loc":{"start":{"line":23,"column":4},"end":{"line":23,"column":35}},"type":"if","locations":[{"start":{"line":23,"column":4},"end":{"line":23,"column":35}},{"start":{},"end":{}}],"line":23},"2":{"loc":{"start":{"line":27,"column":4},"end":{"line":35,"column":5}},"type":"if","locations":[{"start":{"line":27,"column":4},"end":{"line":35,"column":5}},{"start":{},"end":{}}],"line":27},"3":{"loc":{"start":{"line":31,"column":6},"end":{"line":34,"column":7}},"type":"if","locations":[{"start":{"line":31,"column":6},"end":{"line":34,"column":7}},{"start":{},"end":{}}],"line":31}},"s":{"0":0,"1":0,"2":0,"3":0,"4":0,"5":0,"6":0,"7":0,"8":0,"9":0,"10":0,"11":0,"12":0,"13":0,"14":0,"15":0,"16":0,"17":0},"f":{"0":0,"1":0},"b":{"0":[0,0],"1":[0,0],"2":[0,0],"3":[0,0]}}
,"/Users/Richao/KandyWarz/candyWarz/src/hooks/useEventHandler.ts": {"path":"/Users/Richao/KandyWarz/candyWarz/src/hooks/useEventHandler.ts","statementMap":{"0":{"start":{"line":14,"column":31},"end":{"line":148,"column":1}},"1":{"start":{"line":15,"column":19},"end":{"line":15,"column":35}},"2":{"start":{"line":16,"column":28},"end":{"line":16,"column":73}},"3":{"start":{"line":16,"column":54},"end":{"line":16,"column":72}},"4":{"start":{"line":17,"column":34},"end":{"line":17,"column":45}},"5":{"start":{"line":18,"column":29},"end":{"line":18,"column":43}},"6":{"start":{"line":20,"column":22},"end":{"line":65,"column":3}},"7":{"start":{"line":22,"column":6},"end":{"line":27,"column":8}},"8":{"start":{"line":28,"column":6},"end":{"line":31,"column":8}},"9":{"start":{"line":34,"column":6},"end":{"line":55,"column":7}},"10":{"start":{"line":37,"column":10},"end":{"line":37,"column":61}},"11":{"start":{"line":38,"column":28},"end":{"line":38,"column":60}},"12":{"start":{"line":39,"column":8},"end":{"line":44,"column":10}},"13":{"start":{"line":45,"column":8},"end":{"line":45,"column":27}},"14":{"start":{"line":46,"column":13},"end":{"line":55,"column":7}},"15":{"start":{"line":48,"column":28},"end":{"line":48,"column":56}},"16":{"start":{"line":49,"column":8},"end":{"line":49,"column":54}},"17":{"start":{"line":50,"column":8},"end":{"line":50,"column":25}},"18":{"start":{"line":51,"column":13},"end":{"line":55,"column":7}},"19":{"start":{"line":53,"column":8},"end":{"line":53,"column":74}},"20":{"start":{"line":54,"column":8},"end":{"line":54,"column":25}},"21":{"start":{"line":57,"column":6},"end":{"line":60,"column":8}},"22":{"start":{"line":61,"column":6},"end":{"line":61,"column":43}},"23":{"start":{"line":62,"column":6},"end":{"line":62,"column":60}},"24":{"start":{"line":67,"column":21},"end":{"line":69,"column":16}},"25":{"start":{"line":68,"column":4},"end":{"line":68,"column":34}},"26":{"start":{"line":71,"column":23},"end":{"line":74,"column":16}},"27":{"start":{"line":72,"column":4},"end":{"line":72,"column":52}},"28":{"start":{"line":73,"column":4},"end":{"line":73,"column":34}},"29":{"start":{"line":76,"column":19},"end":{"line":106,"column":8}},"30":{"start":{"line":77,"column":4},"end":{"line":105,"column":5}},"31":{"start":{"line":79,"column":8},"end":{"line":86,"column":10}},"32":{"start":{"line":88,"column":8},"end":{"line":95,"column":10}},"33":{"start":{"line":97,"column":8},"end":{"line":104,"column":10}},"34":{"start":{"line":108,"column":24},"end":{"line":113,"column":3}},"35":{"start":{"line":110,"column":6},"end":{"line":110,"column":46}},"36":{"start":{"line":115,"column":26},"end":{"line":120,"column":3}},"37":{"start":{"line":117,"column":6},"end":{"line":117,"column":45}},"38":{"start":{"line":122,"column":23},"end":{"line":124,"column":16}},"39":{"start":{"line":123,"column":4},"end":{"line":123,"column":34}},"40":{"start":{"line":126,"column":16},"end":{"line":128,"column":16}},"41":{"start":{"line":127,"column":4},"end":{"line":127,"column":34}},"42":{"start":{"line":130,"column":25},"end":{"line":132,"column":38}},"43":{"start":{"line":131,"column":4},"end":{"line":131,"column":51}},"44":{"start":{"line":134,"column":2},"end":{"line":147,"column":4}}},"fnMap":{"0":{"name":"(anonymous_0)","decl":{"start":{"line":14,"column":31},"end":{"line":14,"column":32}},"loc":{"start":{"line":14,"column":37},"end":{"line":148,"column":1}},"line":14},"1":{"name":"(anonymous_1)","decl":{"start":{"line":16,"column":43},"end":{"line":16,"column":44}},"loc":{"start":{"line":16,"column":54},"end":{"line":16,"column":72}},"line":16},"2":{"name":"(anonymous_2)","decl":{"start":{"line":21,"column":4},"end":{"line":21,"column":5}},"loc":{"start":{"line":21,"column":24},"end":{"line":63,"column":5}},"line":21},"3":{"name":"(anonymous_3)","decl":{"start":{"line":67,"column":33},"end":{"line":67,"column":34}},"loc":{"start":{"line":67,"column":39},"end":{"line":69,"column":3}},"line":67},"4":{"name":"(anonymous_4)","decl":{"start":{"line":71,"column":35},"end":{"line":71,"column":36}},"loc":{"start":{"line":71,"column":41},"end":{"line":74,"column":3}},"line":71},"5":{"name":"(anonymous_5)","decl":{"start":{"line":76,"column":31},"end":{"line":76,"column":32}},"loc":{"start":{"line":76,"column":73},"end":{"line":106,"column":3}},"line":76},"6":{"name":"(anonymous_6)","decl":{"start":{"line":109,"column":4},"end":{"line":109,"column":5}},"loc":{"start":{"line":109,"column":31},"end":{"line":111,"column":5}},"line":109},"7":{"name":"(anonymous_7)","decl":{"start":{"line":116,"column":4},"end":{"line":116,"column":5}},"loc":{"start":{"line":116,"column":24},"end":{"line":118,"column":5}},"line":116},"8":{"name":"(anonymous_8)","decl":{"start":{"line":122,"column":35},"end":{"line":122,"column":36}},"loc":{"start":{"line":122,"column":41},"end":{"line":124,"column":3}},"line":122},"9":{"name":"(anonymous_9)","decl":{"start":{"line":126,"column":28},"end":{"line":126,"column":29}},"loc":{"start":{"line":126,"column":34},"end":{"line":128,"column":3}},"line":126},"10":{"name":"(anonymous_10)","decl":{"start":{"line":130,"column":37},"end":{"line":130,"column":38}},"loc":{"start":{"line":130,"column":43},"end":{"line":132,"column":3}},"line":130}},"branchMap":{"0":{"loc":{"start":{"line":34,"column":6},"end":{"line":55,"column":7}},"type":"if","locations":[{"start":{"line":34,"column":6},"end":{"line":55,"column":7}},{"start":{"line":46,"column":13},"end":{"line":55,"column":7}}],"line":34},"1":{"loc":{"start":{"line":37,"column":10},"end":{"line":37,"column":61}},"type":"binary-expr","locations":[{"start":{"line":37,"column":10},"end":{"line":37,"column":32}},{"start":{"line":37,"column":36},"end":{"line":37,"column":61}}],"line":37},"2":{"loc":{"start":{"line":46,"column":13},"end":{"line":55,"column":7}},"type":"if","locations":[{"start":{"line":46,"column":13},"end":{"line":55,"column":7}},{"start":{"line":51,"column":13},"end":{"line":55,"column":7}}],"line":46},"3":{"loc":{"start":{"line":48,"column":28},"end":{"line":48,"column":56}},"type":"binary-expr","locations":[{"start":{"line":48,"column":28},"end":{"line":48,"column":50}},{"start":{"line":48,"column":54},"end":{"line":48,"column":56}}],"line":48},"4":{"loc":{"start":{"line":51,"column":13},"end":{"line":55,"column":7}},"type":"if","locations":[{"start":{"line":51,"column":13},"end":{"line":55,"column":7}},{"start":{},"end":{}}],"line":51},"5":{"loc":{"start":{"line":77,"column":4},"end":{"line":105,"column":5}},"type":"switch","locations":[{"start":{"line":78,"column":6},"end":{"line":86,"column":10}},{"start":{"line":87,"column":6},"end":{"line":95,"column":10}},{"start":{"line":96,"column":6},"end":{"line":104,"column":10}}],"line":77}},"s":{"0":0,"1":0,"2":0,"3":0,"4":0,"5":0,"6":0,"7":0,"8":0,"9":0,"10":0,"11":0,"12":0,"13":0,"14":0,"15":0,"16":0,"17":0,"18":0,"19":0,"20":0,"21":0,"22":0,"23":0,"24":0,"25":0,"26":0,"27":0,"28":0,"29":0,"30":0,"31":0,"32":0,"33":0,"34":0,"35":0,"36":0,"37":0,"38":0,"39":0,"40":0,"41":0,"42":0,"43":0,"44":0},"f":{"0":0,"1":0,"2":0,"3":0,"4":0,"5":0,"6":0,"7":0,"8":0,"9":0,"10":0},"b":{"0":[0,0],"1":[0,0],"2":[0,0],"3":[0,0],"4":[0,0],"5":[0,0,0]}}
,"/Users/Richao/KandyWarz/candyWarz/src/hooks/useGame.ts": {"path":"/Users/Richao/KandyWarz/candyWarz/src/hooks/useGame.ts","statementMap":{"0":{"start":{"line":18,"column":23},"end":{"line":96,"column":1}},"1":{"start":{"line":19,"column":19},"end":{"line":19,"column":35}},"2":{"start":{"line":21,"column":14},"end":{"line":21,"column":39}},"3":{"start":{"line":22,"column":17},"end":{"line":22,"column":45}},"4":{"start":{"line":23,"column":22},"end":{"line":23,"column":69}},"5":{"start":{"line":23,"column":46},"end":{"line":23,"column":68}},"6":{"start":{"line":24,"column":26},"end":{"line":24,"column":77}},"7":{"start":{"line":24,"column":50},"end":{"line":24,"column":76}},"8":{"start":{"line":25,"column":25},"end":{"line":25,"column":75}},"9":{"start":{"line":25,"column":49},"end":{"line":25,"column":74}},"10":{"start":{"line":26,"column":28},"end":{"line":26,"column":81}},"11":{"start":{"line":26,"column":52},"end":{"line":26,"column":80}},"12":{"start":{"line":27,"column":25},"end":{"line":27,"column":75}},"13":{"start":{"line":27,"column":49},"end":{"line":27,"column":74}},"14":{"start":{"line":28,"column":24},"end":{"line":28,"column":73}},"15":{"start":{"line":28,"column":48},"end":{"line":28,"column":72}},"16":{"start":{"line":29,"column":26},"end":{"line":29,"column":77}},"17":{"start":{"line":29,"column":50},"end":{"line":29,"column":76}},"18":{"start":{"line":30,"column":24},"end":{"line":30,"column":73}},"19":{"start":{"line":30,"column":48},"end":{"line":30,"column":72}},"20":{"start":{"line":32,"column":32},"end":{"line":34,"column":16}},"21":{"start":{"line":33,"column":4},"end":{"line":33,"column":40}},"22":{"start":{"line":36,"column":33},"end":{"line":38,"column":16}},"23":{"start":{"line":37,"column":4},"end":{"line":37,"column":33}},"24":{"start":{"line":40,"column":28},"end":{"line":42,"column":16}},"25":{"start":{"line":41,"column":4},"end":{"line":41,"column":28}},"26":{"start":{"line":44,"column":26},"end":{"line":46,"column":16}},"27":{"start":{"line":45,"column":4},"end":{"line":45,"column":26}},"28":{"start":{"line":48,"column":39},"end":{"line":51,"column":16}},"29":{"start":{"line":49,"column":4},"end":{"line":49,"column":39}},"30":{"start":{"line":50,"column":4},"end":{"line":50,"column":16}},"31":{"start":{"line":53,"column":29},"end":{"line":56,"column":16}},"32":{"start":{"line":54,"column":4},"end":{"line":54,"column":41}},"33":{"start":{"line":55,"column":4},"end":{"line":55,"column":16}},"34":{"start":{"line":58,"column":35},"end":{"line":60,"column":16}},"35":{"start":{"line":59,"column":4},"end":{"line":59,"column":35}},"36":{"start":{"line":62,"column":34},"end":{"line":64,"column":16}},"37":{"start":{"line":63,"column":4},"end":{"line":63,"column":38}},"38":{"start":{"line":66,"column":34},"end":{"line":68,"column":16}},"39":{"start":{"line":67,"column":4},"end":{"line":67,"column":42}},"40":{"start":{"line":70,"column":33},"end":{"line":72,"column":16}},"41":{"start":{"line":71,"column":4},"end":{"line":71,"column":44}},"42":{"start":{"line":74,"column":2},"end":{"line":95,"column":4}}},"fnMap":{"0":{"name":"(anonymous_0)","decl":{"start":{"line":18,"column":23},"end":{"line":18,"column":24}},"loc":{"start":{"line":18,"column":29},"end":{"line":96,"column":1}},"line":18},"1":{"name":"(anonymous_1)","decl":{"start":{"line":23,"column":37},"end":{"line":23,"column":38}},"loc":{"start":{"line":23,"column":46},"end":{"line":23,"column":68}},"line":23},"2":{"name":"(anonymous_2)","decl":{"start":{"line":24,"column":41},"end":{"line":24,"column":42}},"loc":{"start":{"line":24,"column":50},"end":{"line":24,"column":76}},"line":24},"3":{"name":"(anonymous_3)","decl":{"start":{"line":25,"column":40},"end":{"line":25,"column":41}},"loc":{"start":{"line":25,"column":49},"end":{"line":25,"column":74}},"line":25},"4":{"name":"(anonymous_4)","decl":{"start":{"line":26,"column":43},"end":{"line":26,"column":44}},"loc":{"start":{"line":26,"column":52},"end":{"line":26,"column":80}},"line":26},"5":{"name":"(anonymous_5)","decl":{"start":{"line":27,"column":40},"end":{"line":27,"column":41}},"loc":{"start":{"line":27,"column":49},"end":{"line":27,"column":74}},"line":27},"6":{"name":"(anonymous_6)","decl":{"start":{"line":28,"column":39},"end":{"line":28,"column":40}},"loc":{"start":{"line":28,"column":48},"end":{"line":28,"column":72}},"line":28},"7":{"name":"(anonymous_7)","decl":{"start":{"line":29,"column":41},"end":{"line":29,"column":42}},"loc":{"start":{"line":29,"column":50},"end":{"line":29,"column":76}},"line":29},"8":{"name":"(anonymous_8)","decl":{"start":{"line":30,"column":39},"end":{"line":30,"column":40}},"loc":{"start":{"line":30,"column":48},"end":{"line":30,"column":72}},"line":30},"9":{"name":"(anonymous_9)","decl":{"start":{"line":32,"column":44},"end":{"line":32,"column":45}},"loc":{"start":{"line":32,"column":97},"end":{"line":34,"column":3}},"line":32},"10":{"name":"(anonymous_10)","decl":{"start":{"line":36,"column":45},"end":{"line":36,"column":46}},"loc":{"start":{"line":36,"column":51},"end":{"line":38,"column":3}},"line":36},"11":{"name":"(anonymous_11)","decl":{"start":{"line":40,"column":40},"end":{"line":40,"column":41}},"loc":{"start":{"line":40,"column":46},"end":{"line":42,"column":3}},"line":40},"12":{"name":"(anonymous_12)","decl":{"start":{"line":44,"column":38},"end":{"line":44,"column":39}},"loc":{"start":{"line":44,"column":44},"end":{"line":46,"column":3}},"line":44},"13":{"name":"(anonymous_13)","decl":{"start":{"line":48,"column":51},"end":{"line":48,"column":52}},"loc":{"start":{"line":48,"column":57},"end":{"line":51,"column":3}},"line":48},"14":{"name":"(anonymous_14)","decl":{"start":{"line":53,"column":41},"end":{"line":53,"column":42}},"loc":{"start":{"line":53,"column":67},"end":{"line":56,"column":3}},"line":53},"15":{"name":"(anonymous_15)","decl":{"start":{"line":58,"column":47},"end":{"line":58,"column":48}},"loc":{"start":{"line":58,"column":53},"end":{"line":60,"column":3}},"line":58},"16":{"name":"(anonymous_16)","decl":{"start":{"line":62,"column":46},"end":{"line":62,"column":47}},"loc":{"start":{"line":62,"column":83},"end":{"line":64,"column":3}},"line":62},"17":{"name":"(anonymous_17)","decl":{"start":{"line":66,"column":46},"end":{"line":66,"column":47}},"loc":{"start":{"line":66,"column":69},"end":{"line":68,"column":3}},"line":66},"18":{"name":"(anonymous_18)","decl":{"start":{"line":70,"column":45},"end":{"line":70,"column":46}},"loc":{"start":{"line":70,"column":71},"end":{"line":72,"column":3}},"line":70}},"branchMap":{},"s":{"0":0,"1":0,"2":0,"3":0,"4":0,"5":0,"6":0,"7":0,"8":0,"9":0,"10":0,"11":0,"12":0,"13":0,"14":0,"15":0,"16":0,"17":0,"18":0,"19":0,"20":0,"21":0,"22":0,"23":0,"24":0,"25":0,"26":0,"27":0,"28":0,"29":0,"30":0,"31":0,"32":0,"33":0,"34":0,"35":0,"36":0,"37":0,"38":0,"39":0,"40":0,"41":0,"42":0},"f":{"0":0,"1":0,"2":0,"3":0,"4":0,"5":0,"6":0,"7":0,"8":0,"9":0,"10":0,"11":0,"12":0,"13":0,"14":0,"15":0,"16":0,"17":0,"18":0},"b":{}}
,"/Users/Richao/KandyWarz/candyWarz/src/hooks/useHallPass.ts": {"path":"/Users/Richao/KandyWarz/candyWarz/src/hooks/useHallPass.ts","statementMap":{"0":{"start":{"line":15,"column":27},"end":{"line":225,"column":1}},"1":{"start":{"line":16,"column":19},"end":{"line":16,"column":35}},"2":{"start":{"line":17,"column":20},"end":{"line":17,"column":55}},"3":{"start":{"line":18,"column":25},"end":{"line":18,"column":65}},"4":{"start":{"line":19,"column":23},"end":{"line":19,"column":61}},"5":{"start":{"line":20,"column":26},"end":{"line":20,"column":71}},"6":{"start":{"line":21,"column":24},"end":{"line":21,"column":65}},"7":{"start":{"line":21,"column":50},"end":{"line":21,"column":64}},"8":{"start":{"line":32,"column":2},"end":{"line":34,"column":17}},"9":{"start":{"line":33,"column":4},"end":{"line":33,"column":37}},"10":{"start":{"line":36,"column":21},"end":{"line":41,"column":3}},"11":{"start":{"line":38,"column":6},"end":{"line":38,"column":43}},"12":{"start":{"line":43,"column":21},"end":{"line":48,"column":3}},"13":{"start":{"line":45,"column":6},"end":{"line":45,"column":39}},"14":{"start":{"line":50,"column":25},"end":{"line":52,"column":16}},"15":{"start":{"line":51,"column":4},"end":{"line":51,"column":39}},"16":{"start":{"line":54,"column":25},"end":{"line":59,"column":3}},"17":{"start":{"line":56,"column":6},"end":{"line":56,"column":60}},"18":{"start":{"line":62,"column":25},"end":{"line":68,"column":3}},"19":{"start":{"line":64,"column":21},"end":{"line":64,"column":71}},"20":{"start":{"line":64,"column":49},"end":{"line":64,"column":70}},"21":{"start":{"line":65,"column":6},"end":{"line":65,"column":32}},"22":{"start":{"line":70,"column":28},"end":{"line":72,"column":22}},"23":{"start":{"line":71,"column":4},"end":{"line":71,"column":46}},"24":{"start":{"line":74,"column":28},"end":{"line":76,"column":22}},"25":{"start":{"line":75,"column":4},"end":{"line":75,"column":45}},"26":{"start":{"line":78,"column":28},"end":{"line":80,"column":22}},"27":{"start":{"line":79,"column":4},"end":{"line":79,"column":45}},"28":{"start":{"line":82,"column":24},"end":{"line":84,"column":22}},"29":{"start":{"line":83,"column":4},"end":{"line":83,"column":41}},"30":{"start":{"line":86,"column":27},"end":{"line":93,"column":3}},"31":{"start":{"line":88,"column":6},"end":{"line":90,"column":8}},"32":{"start":{"line":89,"column":15},"end":{"line":89,"column":74}},"33":{"start":{"line":96,"column":30},"end":{"line":103,"column":3}},"34":{"start":{"line":99,"column":20},"end":{"line":99,"column":39}},"35":{"start":{"line":100,"column":6},"end":{"line":100,"column":79}},"36":{"start":{"line":105,"column":30},"end":{"line":113,"column":3}},"37":{"start":{"line":107,"column":20},"end":{"line":107,"column":39}},"38":{"start":{"line":108,"column":6},"end":{"line":110,"column":24}},"39":{"start":{"line":115,"column":30},"end":{"line":121,"column":3}},"40":{"start":{"line":117,"column":20},"end":{"line":117,"column":39}},"41":{"start":{"line":118,"column":6},"end":{"line":118,"column":35}},"42":{"start":{"line":124,"column":34},"end":{"line":194,"column":3}},"43":{"start":{"line":140,"column":35},"end":{"line":140,"column":37}},"44":{"start":{"line":143,"column":6},"end":{"line":184,"column":9}},"45":{"start":{"line":144,"column":8},"end":{"line":144,"column":36}},"46":{"start":{"line":144,"column":29},"end":{"line":144,"column":36}},"47":{"start":{"line":146,"column":8},"end":{"line":183,"column":9}},"48":{"start":{"line":148,"column":12},"end":{"line":148,"column":69}},"49":{"start":{"line":148,"column":44},"end":{"line":148,"column":69}},"50":{"start":{"line":149,"column":12},"end":{"line":149,"column":18}},"51":{"start":{"line":151,"column":12},"end":{"line":151,"column":69}},"52":{"start":{"line":151,"column":44},"end":{"line":151,"column":69}},"53":{"start":{"line":152,"column":12},"end":{"line":152,"column":18}},"54":{"start":{"line":154,"column":12},"end":{"line":154,"column":74}},"55":{"start":{"line":154,"column":49},"end":{"line":154,"column":74}},"56":{"start":{"line":155,"column":12},"end":{"line":155,"column":18}},"57":{"start":{"line":157,"column":12},"end":{"line":157,"column":69}},"58":{"start":{"line":157,"column":44},"end":{"line":157,"column":69}},"59":{"start":{"line":158,"column":12},"end":{"line":158,"column":18}},"60":{"start":{"line":160,"column":12},"end":{"line":161,"column":39}},"61":{"start":{"line":161,"column":14},"end":{"line":161,"column":39}},"62":{"start":{"line":162,"column":12},"end":{"line":162,"column":18}},"63":{"start":{"line":164,"column":12},"end":{"line":164,"column":70}},"64":{"start":{"line":164,"column":45},"end":{"line":164,"column":70}},"65":{"start":{"line":165,"column":12},"end":{"line":165,"column":18}},"66":{"start":{"line":167,"column":12},"end":{"line":171,"column":39}},"67":{"start":{"line":171,"column":14},"end":{"line":171,"column":39}},"68":{"start":{"line":172,"column":12},"end":{"line":172,"column":18}},"69":{"start":{"line":174,"column":12},"end":{"line":174,"column":61}},"70":{"start":{"line":174,"column":36},"end":{"line":174,"column":61}},"71":{"start":{"line":175,"column":12},"end":{"line":175,"column":18}},"72":{"start":{"line":177,"column":12},"end":{"line":178,"column":39}},"73":{"start":{"line":178,"column":14},"end":{"line":178,"column":39}},"74":{"start":{"line":179,"column":12},"end":{"line":179,"column":18}},"75":{"start":{"line":181,"column":12},"end":{"line":181,"column":68}},"76":{"start":{"line":181,"column":43},"end":{"line":181,"column":68}},"77":{"start":{"line":182,"column":12},"end":{"line":182,"column":18}},"78":{"start":{"line":187,"column":6},"end":{"line":189,"column":9}},"79":{"start":{"line":188,"column":8},"end":{"line":188,"column":45}},"80":{"start":{"line":191,"column":6},"end":{"line":191,"column":24}},"81":{"start":{"line":196,"column":2},"end":{"line":224,"column":4}}},"fnMap":{"0":{"name":"(anonymous_0)","decl":{"start":{"line":15,"column":27},"end":{"line":15,"column":28}},"loc":{"start":{"line":15,"column":33},"end":{"line":225,"column":1}},"line":15},"1":{"name":"(anonymous_1)","decl":{"start":{"line":21,"column":39},"end":{"line":21,"column":40}},"loc":{"start":{"line":21,"column":50},"end":{"line":21,"column":64}},"line":21},"2":{"name":"(anonymous_2)","decl":{"start":{"line":32,"column":12},"end":{"line":32,"column":13}},"loc":{"start":{"line":32,"column":18},"end":{"line":34,"column":3}},"line":32},"3":{"name":"(anonymous_3)","decl":{"start":{"line":37,"column":4},"end":{"line":37,"column":5}},"loc":{"start":{"line":37,"column":24},"end":{"line":39,"column":5}},"line":37},"4":{"name":"(anonymous_4)","decl":{"start":{"line":44,"column":4},"end":{"line":44,"column":5}},"loc":{"start":{"line":44,"column":31},"end":{"line":46,"column":5}},"line":44},"5":{"name":"(anonymous_5)","decl":{"start":{"line":50,"column":37},"end":{"line":50,"column":38}},"loc":{"start":{"line":50,"column":43},"end":{"line":52,"column":3}},"line":50},"6":{"name":"(anonymous_6)","decl":{"start":{"line":55,"column":4},"end":{"line":55,"column":5}},"loc":{"start":{"line":55,"column":24},"end":{"line":57,"column":5}},"line":55},"7":{"name":"(anonymous_7)","decl":{"start":{"line":63,"column":4},"end":{"line":63,"column":5}},"loc":{"start":{"line":63,"column":52},"end":{"line":66,"column":5}},"line":63},"8":{"name":"(anonymous_8)","decl":{"start":{"line":64,"column":42},"end":{"line":64,"column":43}},"loc":{"start":{"line":64,"column":49},"end":{"line":64,"column":70}},"line":64},"9":{"name":"(anonymous_9)","decl":{"start":{"line":70,"column":40},"end":{"line":70,"column":41}},"loc":{"start":{"line":70,"column":54},"end":{"line":72,"column":3}},"line":70},"10":{"name":"(anonymous_10)","decl":{"start":{"line":74,"column":40},"end":{"line":74,"column":41}},"loc":{"start":{"line":74,"column":54},"end":{"line":76,"column":3}},"line":74},"11":{"name":"(anonymous_11)","decl":{"start":{"line":78,"column":40},"end":{"line":78,"column":41}},"loc":{"start":{"line":78,"column":54},"end":{"line":80,"column":3}},"line":78},"12":{"name":"(anonymous_12)","decl":{"start":{"line":82,"column":36},"end":{"line":82,"column":37}},"loc":{"start":{"line":82,"column":50},"end":{"line":84,"column":3}},"line":82},"13":{"name":"(anonymous_13)","decl":{"start":{"line":87,"column":4},"end":{"line":87,"column":5}},"loc":{"start":{"line":87,"column":38},"end":{"line":91,"column":5}},"line":87},"14":{"name":"(anonymous_14)","decl":{"start":{"line":89,"column":8},"end":{"line":89,"column":9}},"loc":{"start":{"line":89,"column":15},"end":{"line":89,"column":74}},"line":89},"15":{"name":"(anonymous_15)","decl":{"start":{"line":97,"column":4},"end":{"line":97,"column":5}},"loc":{"start":{"line":97,"column":35},"end":{"line":101,"column":5}},"line":97},"16":{"name":"(anonymous_16)","decl":{"start":{"line":106,"column":4},"end":{"line":106,"column":5}},"loc":{"start":{"line":106,"column":39},"end":{"line":111,"column":5}},"line":106},"17":{"name":"(anonymous_17)","decl":{"start":{"line":116,"column":4},"end":{"line":116,"column":5}},"loc":{"start":{"line":116,"column":39},"end":{"line":119,"column":5}},"line":116},"18":{"name":"(anonymous_18)","decl":{"start":{"line":125,"column":4},"end":{"line":125,"column":5}},"loc":{"start":{"line":139,"column":9},"end":{"line":192,"column":5}},"line":139},"19":{"name":"(anonymous_19)","decl":{"start":{"line":143,"column":24},"end":{"line":143,"column":25}},"loc":{"start":{"line":143,"column":34},"end":{"line":184,"column":7}},"line":143},"20":{"name":"(anonymous_20)","decl":{"start":{"line":187,"column":25},"end":{"line":187,"column":26}},"loc":{"start":{"line":187,"column":37},"end":{"line":189,"column":7}},"line":187}},"branchMap":{"0":{"loc":{"start":{"line":65,"column":13},"end":{"line":65,"column":31}},"type":"binary-expr","locations":[{"start":{"line":65,"column":13},"end":{"line":65,"column":26}},{"start":{"line":65,"column":30},"end":{"line":65,"column":31}}],"line":65},"1":{"loc":{"start":{"line":89,"column":15},"end":{"line":89,"column":74}},"type":"binary-expr","locations":[{"start":{"line":89,"column":15},"end":{"line":89,"column":35}},{"start":{"line":89,"column":39},"end":{"line":89,"column":74}}],"line":89},"2":{"loc":{"start":{"line":100,"column":13},"end":{"line":100,"column":78}},"type":"cond-expr","locations":[{"start":{"line":100,"column":25},"end":{"line":100,"column":66}},{"start":{"line":100,"column":69},"end":{"line":100,"column":78}}],"line":100},"3":{"loc":{"start":{"line":108,"column":13},"end":{"line":110,"column":23}},"type":"cond-expr","locations":[{"start":{"line":109,"column":10},"end":{"line":109,"column":55}},{"start":{"line":110,"column":10},"end":{"line":110,"column":23}}],"line":108},"4":{"loc":{"start":{"line":144,"column":8},"end":{"line":144,"column":36}},"type":"if","locations":[{"start":{"line":144,"column":8},"end":{"line":144,"column":36}},{"start":{},"end":{}}],"line":144},"5":{"loc":{"start":{"line":146,"column":8},"end":{"line":183,"column":9}},"type":"switch","locations":[{"start":{"line":147,"column":10},"end":{"line":149,"column":18}},{"start":{"line":150,"column":10},"end":{"line":152,"column":18}},{"start":{"line":153,"column":10},"end":{"line":155,"column":18}},{"start":{"line":156,"column":10},"end":{"line":158,"column":18}},{"start":{"line":159,"column":10},"end":{"line":162,"column":18}},{"start":{"line":163,"column":10},"end":{"line":165,"column":18}},{"start":{"line":166,"column":10},"end":{"line":172,"column":18}},{"start":{"line":173,"column":10},"end":{"line":175,"column":18}},{"start":{"line":176,"column":10},"end":{"line":179,"column":18}},{"start":{"line":180,"column":10},"end":{"line":182,"column":18}}],"line":146},"6":{"loc":{"start":{"line":148,"column":12},"end":{"line":148,"column":69}},"type":"if","locations":[{"start":{"line":148,"column":12},"end":{"line":148,"column":69}},{"start":{},"end":{}}],"line":148},"7":{"loc":{"start":{"line":151,"column":12},"end":{"line":151,"column":69}},"type":"if","locations":[{"start":{"line":151,"column":12},"end":{"line":151,"column":69}},{"start":{},"end":{}}],"line":151},"8":{"loc":{"start":{"line":154,"column":12},"end":{"line":154,"column":74}},"type":"if","locations":[{"start":{"line":154,"column":12},"end":{"line":154,"column":74}},{"start":{},"end":{}}],"line":154},"9":{"loc":{"start":{"line":157,"column":12},"end":{"line":157,"column":69}},"type":"if","locations":[{"start":{"line":157,"column":12},"end":{"line":157,"column":69}},{"start":{},"end":{}}],"line":157},"10":{"loc":{"start":{"line":160,"column":12},"end":{"line":161,"column":39}},"type":"if","locations":[{"start":{"line":160,"column":12},"end":{"line":161,"column":39}},{"start":{},"end":{}}],"line":160},"11":{"loc":{"start":{"line":164,"column":12},"end":{"line":164,"column":70}},"type":"if","locations":[{"start":{"line":164,"column":12},"end":{"line":164,"column":70}},{"start":{},"end":{}}],"line":164},"12":{"loc":{"start":{"line":167,"column":12},"end":{"line":171,"column":39}},"type":"if","locations":[{"start":{"line":167,"column":12},"end":{"line":171,"column":39}},{"start":{},"end":{}}],"line":167},"13":{"loc":{"start":{"line":168,"column":14},"end":{"line":169,"column":55}},"type":"binary-expr","locations":[{"start":{"line":168,"column":14},"end":{"line":168,"column":38}},{"start":{"line":169,"column":14},"end":{"line":169,"column":55}}],"line":168},"14":{"loc":{"start":{"line":174,"column":12},"end":{"line":174,"column":61}},"type":"if","locations":[{"start":{"line":174,"column":12},"end":{"line":174,"column":61}},{"start":{},"end":{}}],"line":174},"15":{"loc":{"start":{"line":177,"column":12},"end":{"line":178,"column":39}},"type":"if","locations":[{"start":{"line":177,"column":12},"end":{"line":178,"column":39}},{"start":{},"end":{}}],"line":177},"16":{"loc":{"start":{"line":177,"column":16},"end":{"line":177,"column":74}},"type":"binary-expr","locations":[{"start":{"line":177,"column":16},"end":{"line":177,"column":40}},{"start":{"line":177,"column":44},"end":{"line":177,"column":74}}],"line":177},"17":{"loc":{"start":{"line":181,"column":12},"end":{"line":181,"column":68}},"type":"if","locations":[{"start":{"line":181,"column":12},"end":{"line":181,"column":68}},{"start":{},"end":{}}],"line":181}},"s":{"0":0,"1":0,"2":0,"3":0,"4":0,"5":0,"6":0,"7":0,"8":0,"9":0,"10":0,"11":0,"12":0,"13":0,"14":0,"15":0,"16":0,"17":0,"18":0,"19":0,"20":0,"21":0,"22":0,"23":0,"24":0,"25":0,"26":0,"27":0,"28":0,"29":0,"30":0,"31":0,"32":0,"33":0,"34":0,"35":0,"36":0,"37":0,"38":0,"39":0,"40":0,"41":0,"42":0,"43":0,"44":0,"45":0,"46":0,"47":0,"48":0,"49":0,"50":0,"51":0,"52":0,"53":0,"54":0,"55":0,"56":0,"57":0,"58":0,"59":0,"60":0,"61":0,"62":0,"63":0,"64":0,"65":0,"66":0,"67":0,"68":0,"69":0,"70":0,"71":0,"72":0,"73":0,"74":0,"75":0,"76":0,"77":0,"78":0,"79":0,"80":0,"81":0},"f":{"0":0,"1":0,"2":0,"3":0,"4":0,"5":0,"6":0,"7":0,"8":0,"9":0,"10":0,"11":0,"12":0,"13":0,"14":0,"15":0,"16":0,"17":0,"18":0,"19":0,"20":0},"b":{"0":[0,0],"1":[0,0],"2":[0,0],"3":[0,0],"4":[0,0],"5":[0,0,0,0,0,0,0,0,0,0],"6":[0,0],"7":[0,0],"8":[0,0],"9":[0,0],"10":[0,0],"11":[0,0],"12":[0,0],"13":[0,0],"14":[0,0],"15":[0,0],"16":[0,0],"17":[0,0]}}
,"/Users/Richao/KandyWarz/candyWarz/src/hooks/useHomeMadeBonus.ts": {"path":"/Users/Richao/KandyWarz/candyWarz/src/hooks/useHomeMadeBonus.ts","statementMap":{"0":{"start":{"line":8,"column":32},"end":{"line":46,"column":1}},"1":{"start":{"line":9,"column":31},"end":{"line":9,"column":40}},"2":{"start":{"line":10,"column":37},"end":{"line":10,"column":51}},"3":{"start":{"line":11,"column":21},"end":{"line":11,"column":32}},"4":{"start":{"line":12,"column":28},"end":{"line":12,"column":39}},"5":{"start":{"line":14,"column":32},"end":{"line":14,"column":45}},"6":{"start":{"line":17,"column":2},"end":{"line":26,"column":25}},"7":{"start":{"line":19,"column":28},"end":{"line":19,"column":43}},"8":{"start":{"line":20,"column":26},"end":{"line":20,"column":66}},"9":{"start":{"line":22,"column":4},"end":{"line":25,"column":5}},"10":{"start":{"line":23,"column":6},"end":{"line":23,"column":27}},"11":{"start":{"line":24,"column":6},"end":{"line":24,"column":22}},"12":{"start":{"line":28,"column":29},"end":{"line":43,"column":3}},"13":{"start":{"line":30,"column":26},"end":{"line":30,"column":68}},"14":{"start":{"line":31,"column":4},"end":{"line":31,"column":31}},"15":{"start":{"line":31,"column":24},"end":{"line":31,"column":31}},"16":{"start":{"line":34,"column":29},"end":{"line":34,"column":53}},"17":{"start":{"line":36,"column":4},"end":{"line":42,"column":5}},"18":{"start":{"line":38,"column":26},"end":{"line":38,"column":47}},"19":{"start":{"line":40,"column":6},"end":{"line":40,"column":28}},"20":{"start":{"line":41,"column":6},"end":{"line":41,"column":108}},"21":{"start":{"line":45,"column":2},"end":{"line":45,"column":12}}},"fnMap":{"0":{"name":"(anonymous_0)","decl":{"start":{"line":8,"column":32},"end":{"line":8,"column":33}},"loc":{"start":{"line":8,"column":38},"end":{"line":46,"column":1}},"line":8},"1":{"name":"(anonymous_1)","decl":{"start":{"line":17,"column":12},"end":{"line":17,"column":13}},"loc":{"start":{"line":17,"column":18},"end":{"line":26,"column":3}},"line":17},"2":{"name":"(anonymous_2)","decl":{"start":{"line":28,"column":29},"end":{"line":28,"column":30}},"loc":{"start":{"line":28,"column":35},"end":{"line":43,"column":3}},"line":28}},"branchMap":{"0":{"loc":{"start":{"line":20,"column":26},"end":{"line":20,"column":66}},"type":"binary-expr","locations":[{"start":{"line":20,"column":26},"end":{"line":20,"column":47}},{"start":{"line":20,"column":51},"end":{"line":20,"column":66}}],"line":20},"1":{"loc":{"start":{"line":22,"column":4},"end":{"line":25,"column":5}},"type":"if","locations":[{"start":{"line":22,"column":4},"end":{"line":25,"column":5}},{"start":{},"end":{}}],"line":22},"2":{"loc":{"start":{"line":31,"column":4},"end":{"line":31,"column":31}},"type":"if","locations":[{"start":{"line":31,"column":4},"end":{"line":31,"column":31}},{"start":{},"end":{}}],"line":31},"3":{"loc":{"start":{"line":36,"column":4},"end":{"line":42,"column":5}},"type":"if","locations":[{"start":{"line":36,"column":4},"end":{"line":42,"column":5}},{"start":{},"end":{}}],"line":36}},"s":{"0":0,"1":0,"2":0,"3":0,"4":0,"5":0,"6":0,"7":0,"8":0,"9":0,"10":0,"11":0,"12":0,"13":0,"14":0,"15":0,"16":0,"17":0,"18":0,"19":0,"20":0,"21":0},"f":{"0":0,"1":0,"2":0},"b":{"0":[0,0],"1":[0,0],"2":[0,0],"3":[0,0]}}
,"/Users/Richao/KandyWarz/candyWarz/src/hooks/useInventory.ts": {"path":"/Users/Richao/KandyWarz/candyWarz/src/hooks/useInventory.ts","statementMap":{"0":{"start":{"line":16,"column":28},"end":{"line":129,"column":1}},"1":{"start":{"line":17,"column":19},"end":{"line":17,"column":35}},"2":{"start":{"line":19,"column":20},"end":{"line":19,"column":70}},"3":{"start":{"line":19,"column":44},"end":{"line":19,"column":69}},"4":{"start":{"line":20,"column":23},"end":{"line":20,"column":76}},"5":{"start":{"line":20,"column":47},"end":{"line":20,"column":75}},"6":{"start":{"line":21,"column":25},"end":{"line":21,"column":61}},"7":{"start":{"line":22,"column":26},"end":{"line":22,"column":63}},"8":{"start":{"line":25,"column":25},"end":{"line":28,"column":16}},"9":{"start":{"line":26,"column":4},"end":{"line":26,"column":60}},"10":{"start":{"line":27,"column":4},"end":{"line":27,"column":16}},"11":{"start":{"line":30,"column":30},"end":{"line":33,"column":16}},"12":{"start":{"line":31,"column":4},"end":{"line":31,"column":50}},"13":{"start":{"line":32,"column":4},"end":{"line":32,"column":16}},"14":{"start":{"line":35,"column":27},"end":{"line":44,"column":16}},"15":{"start":{"line":41,"column":4},"end":{"line":41,"column":68}},"16":{"start":{"line":42,"column":4},"end":{"line":42,"column":93}},"17":{"start":{"line":43,"column":4},"end":{"line":43,"column":16}},"18":{"start":{"line":46,"column":33},"end":{"line":48,"column":16}},"19":{"start":{"line":47,"column":4},"end":{"line":47,"column":31}},"20":{"start":{"line":50,"column":34},"end":{"line":60,"column":27}},"21":{"start":{"line":51,"column":27},"end":{"line":51,"column":28}},"22":{"start":{"line":52,"column":4},"end":{"line":58,"column":7}},"23":{"start":{"line":53,"column":31},"end":{"line":53,"column":67}},"24":{"start":{"line":54,"column":6},"end":{"line":54,"column":43}},"25":{"start":{"line":55,"column":6},"end":{"line":57,"column":7}},"26":{"start":{"line":56,"column":8},"end":{"line":56,"column":75}},"27":{"start":{"line":59,"column":4},"end":{"line":59,"column":28}},"28":{"start":{"line":62,"column":33},"end":{"line":64,"column":22}},"29":{"start":{"line":63,"column":4},"end":{"line":63,"column":26}},"30":{"start":{"line":67,"column":33},"end":{"line":67,"column":77}},"31":{"start":{"line":68,"column":21},"end":{"line":68,"column":57}},"32":{"start":{"line":68,"column":45},"end":{"line":68,"column":56}},"33":{"start":{"line":69,"column":26},"end":{"line":69,"column":71}},"34":{"start":{"line":72,"column":2},"end":{"line":77,"column":45}},"35":{"start":{"line":73,"column":4},"end":{"line":76,"column":5}},"36":{"start":{"line":74,"column":6},"end":{"line":74,"column":75}},"37":{"start":{"line":75,"column":6},"end":{"line":75,"column":36}},"38":{"start":{"line":79,"column":28},"end":{"line":83,"column":47}},"39":{"start":{"line":81,"column":23},"end":{"line":81,"column":97}},"40":{"start":{"line":82,"column":4},"end":{"line":82,"column":22}},"41":{"start":{"line":86,"column":25},"end":{"line":88,"column":16}},"42":{"start":{"line":87,"column":4},"end":{"line":87,"column":30}},"43":{"start":{"line":90,"column":28},"end":{"line":92,"column":16}},"44":{"start":{"line":91,"column":4},"end":{"line":91,"column":53}},"45":{"start":{"line":94,"column":31},"end":{"line":96,"column":16}},"46":{"start":{"line":95,"column":4},"end":{"line":95,"column":31}},"47":{"start":{"line":98,"column":32},"end":{"line":100,"column":16}},"48":{"start":{"line":99,"column":4},"end":{"line":99,"column":35}},"49":{"start":{"line":102,"column":31},"end":{"line":104,"column":16}},"50":{"start":{"line":103,"column":4},"end":{"line":103,"column":31}},"51":{"start":{"line":106,"column":2},"end":{"line":128,"column":4}}},"fnMap":{"0":{"name":"(anonymous_0)","decl":{"start":{"line":16,"column":28},"end":{"line":16,"column":29}},"loc":{"start":{"line":16,"column":34},"end":{"line":129,"column":1}},"line":16},"1":{"name":"(anonymous_1)","decl":{"start":{"line":19,"column":35},"end":{"line":19,"column":36}},"loc":{"start":{"line":19,"column":44},"end":{"line":19,"column":69}},"line":19},"2":{"name":"(anonymous_2)","decl":{"start":{"line":20,"column":38},"end":{"line":20,"column":39}},"loc":{"start":{"line":20,"column":47},"end":{"line":20,"column":75}},"line":20},"3":{"name":"(anonymous_3)","decl":{"start":{"line":25,"column":37},"end":{"line":25,"column":38}},"loc":{"start":{"line":25,"column":97},"end":{"line":28,"column":3}},"line":25},"4":{"name":"(anonymous_4)","decl":{"start":{"line":30,"column":42},"end":{"line":30,"column":43}},"loc":{"start":{"line":30,"column":87},"end":{"line":33,"column":3}},"line":30},"5":{"name":"(anonymous_5)","decl":{"start":{"line":35,"column":39},"end":{"line":35,"column":40}},"loc":{"start":{"line":40,"column":16},"end":{"line":44,"column":3}},"line":40},"6":{"name":"(anonymous_6)","decl":{"start":{"line":46,"column":45},"end":{"line":46,"column":46}},"loc":{"start":{"line":46,"column":51},"end":{"line":48,"column":3}},"line":46},"7":{"name":"(anonymous_7)","decl":{"start":{"line":50,"column":46},"end":{"line":50,"column":47}},"loc":{"start":{"line":50,"column":60},"end":{"line":60,"column":3}},"line":50},"8":{"name":"(anonymous_8)","decl":{"start":{"line":52,"column":22},"end":{"line":52,"column":23}},"loc":{"start":{"line":52,"column":30},"end":{"line":58,"column":5}},"line":52},"9":{"name":"(anonymous_9)","decl":{"start":{"line":62,"column":45},"end":{"line":62,"column":46}},"loc":{"start":{"line":62,"column":59},"end":{"line":64,"column":3}},"line":62},"10":{"name":"(anonymous_10)","decl":{"start":{"line":68,"column":36},"end":{"line":68,"column":37}},"loc":{"start":{"line":68,"column":45},"end":{"line":68,"column":56}},"line":68},"11":{"name":"(anonymous_11)","decl":{"start":{"line":72,"column":12},"end":{"line":72,"column":13}},"loc":{"start":{"line":72,"column":18},"end":{"line":77,"column":3}},"line":72},"12":{"name":"(anonymous_12)","decl":{"start":{"line":79,"column":40},"end":{"line":79,"column":41}},"loc":{"start":{"line":79,"column":54},"end":{"line":83,"column":3}},"line":79},"13":{"name":"(anonymous_13)","decl":{"start":{"line":86,"column":37},"end":{"line":86,"column":38}},"loc":{"start":{"line":86,"column":53},"end":{"line":88,"column":3}},"line":86},"14":{"name":"(anonymous_14)","decl":{"start":{"line":90,"column":40},"end":{"line":90,"column":41}},"loc":{"start":{"line":90,"column":80},"end":{"line":92,"column":3}},"line":90},"15":{"name":"(anonymous_15)","decl":{"start":{"line":94,"column":43},"end":{"line":94,"column":44}},"loc":{"start":{"line":94,"column":49},"end":{"line":96,"column":3}},"line":94},"16":{"name":"(anonymous_16)","decl":{"start":{"line":98,"column":44},"end":{"line":98,"column":45}},"loc":{"start":{"line":98,"column":61},"end":{"line":100,"column":3}},"line":98},"17":{"name":"(anonymous_17)","decl":{"start":{"line":102,"column":43},"end":{"line":102,"column":44}},"loc":{"start":{"line":102,"column":49},"end":{"line":104,"column":3}},"line":102}},"branchMap":{"0":{"loc":{"start":{"line":53,"column":43},"end":{"line":53,"column":61}},"type":"binary-expr","locations":[{"start":{"line":53,"column":43},"end":{"line":53,"column":56}},{"start":{"line":53,"column":60},"end":{"line":53,"column":61}}],"line":53},"1":{"loc":{"start":{"line":55,"column":6},"end":{"line":57,"column":7}},"type":"if","locations":[{"start":{"line":55,"column":6},"end":{"line":57,"column":7}},{"start":{},"end":{}}],"line":55},"2":{"loc":{"start":{"line":73,"column":4},"end":{"line":76,"column":5}},"type":"if","locations":[{"start":{"line":73,"column":4},"end":{"line":76,"column":5}},{"start":{},"end":{}}],"line":73}},"s":{"0":0,"1":0,"2":0,"3":0,"4":0,"5":0,"6":0,"7":0,"8":0,"9":0,"10":0,"11":0,"12":0,"13":0,"14":0,"15":0,"16":0,"17":0,"18":0,"19":0,"20":0,"21":0,"22":0,"23":0,"24":0,"25":0,"26":0,"27":0,"28":0,"29":0,"30":0,"31":0,"32":0,"33":0,"34":0,"35":0,"36":0,"37":0,"38":0,"39":0,"40":0,"41":0,"42":0,"43":0,"44":0,"45":0,"46":0,"47":0,"48":0,"49":0,"50":0,"51":0},"f":{"0":0,"1":0,"2":0,"3":0,"4":0,"5":0,"6":0,"7":0,"8":0,"9":0,"10":0,"11":0,"12":0,"13":0,"14":0,"15":0,"16":0,"17":0},"b":{"0":[0,0],"1":[0,0],"2":[0,0]}}
[...]
25":{"start":{"line":54,"column":2},"end":{"line":84,"column":3}},"26":{"start":{"line":56,"column":29},"end":{"line":63,"column":5}},"27":{"start":{"line":64,"column":4},"end":{"line":64,"column":53}},"28":{"start":{"line":65,"column":4},"end":{"line":65,"column":91}},"29":{"start":{"line":68,"column":4},"end":{"line":68,"column":30}},"30":{"start":{"line":69,"column":4},"end":{"line":69,"column":69}},"31":{"start":{"line":72,"column":22},"end":{"line":72,"column":73}},"32":{"start":{"line":73,"column":4},"end":{"line":78,"column":5}},"33":{"start":{"line":74,"column":6},"end":{"line":74,"column":78}},"34":{"start":{"line":75,"column":6},"end":{"line":75,"column":61}},"35":{"start":{"line":77,"column":6},"end":{"line":77,"column":52}},"36":{"start":{"line":80,"column":4},"end":{"line":80,"column":16}},"37":{"start":{"line":82,"column":4},"end":{"line":82,"column":64}},"38":{"start":{"line":83,"column":4},"end":{"line":83,"column":17}},"39":{"start":{"line":87,"column":32},"end":{"line":96,"column":1}},"40":{"start":{"line":88,"column":2},"end":{"line":95,"column":3}},"41":{"start":{"line":89,"column":4},"end":{"line":89,"column":64}},"42":{"start":{"line":90,"column":4},"end":{"line":90,"column":54}},"43":{"start":{"line":91,"column":4},"end":{"line":91,"column":16}},"44":{"start":{"line":93,"column":4},"end":{"line":93,"column":59}},"45":{"start":{"line":94,"column":4},"end":{"line":94,"column":17}},"46":{"start":{"line":99,"column":29},"end":{"line":100,"column":59}},"47":{"start":{"line":100,"column":2},"end":{"line":100,"column":59}},"48":{"start":{"line":102,"column":29},"end":{"line":103,"column":62}},"49":{"start":{"line":103,"column":2},"end":{"line":103,"column":62}},"50":{"start":{"line":105,"column":29},"end":{"line":106,"column":45}},"51":{"start":{"line":106,"column":2},"end":{"line":106,"column":45}},"52":{"start":{"line":108,"column":29},"end":{"line":109,"column":52}},"53":{"start":{"line":109,"column":2},"end":{"line":109,"column":52}},"54":{"start":{"line":111,"column":26},"end":{"line":112,"column":39}},"55":{"start":{"line":112,"column":2},"end":{"line":112,"column":39}},"56":{"start":{"line":114,"column":26},"end":{"line":115,"column":46}},"57":{"start":{"line":115,"column":2},"end":{"line":115,"column":46}},"58":{"start":{"line":117,"column":26},"end":{"line":118,"column":39}},"59":{"start":{"line":118,"column":2},"end":{"line":118,"column":39}},"60":{"start":{"line":120,"column":26},"end":{"line":121,"column":46}},"61":{"start":{"line":121,"column":2},"end":{"line":121,"column":46}},"62":{"start":{"line":123,"column":24},"end":{"line":124,"column":35}},"63":{"start":{"line":124,"column":2},"end":{"line":124,"column":35}},"64":{"start":{"line":126,"column":24},"end":{"line":127,"column":42}},"65":{"start":{"line":127,"column":2},"end":{"line":127,"column":42}},"66":{"start":{"line":129,"column":35},"end":{"line":130,"column":61}},"67":{"start":{"line":130,"column":2},"end":{"line":130,"column":61}},"68":{"start":{"line":132,"column":35},"end":{"line":135,"column":1}},"69":{"start":{"line":133,"column":17},"end":{"line":133,"column":66}},"70":{"start":{"line":134,"column":2},"end":{"line":134,"column":25}},"71":{"start":{"line":137,"column":28},"end":{"line":138,"column":44}},"72":{"start":{"line":138,"column":2},"end":{"line":138,"column":44}},"73":{"start":{"line":140,"column":28},"end":{"line":141,"column":40}},"74":{"start":{"line":141,"column":2},"end":{"line":141,"column":40}},"75":{"start":{"line":143,"column":36},"end":{"line":144,"column":55}},"76":{"start":{"line":144,"column":2},"end":{"line":144,"column":55}},"77":{"start":{"line":146,"column":36},"end":{"line":147,"column":50}},"78":{"start":{"line":147,"column":2},"end":{"line":147,"column":50}},"79":{"start":{"line":149,"column":33},"end":{"line":150,"column":47}},"80":{"start":{"line":150,"column":2},"end":{"line":150,"column":47}},"81":{"start":{"line":152,"column":43},"end":{"line":158,"column":1}},"82":{"start":{"line":153,"column":22},"end":{"line":153,"column":74}},"83":{"start":{"line":154,"column":2},"end":{"line":156,"column":3}},"84":{"start":{"line":155,"column":4},"end":{"line":155,"column":51}},"85":{"start":{"line":157,"column":2},"end":{"line":157,"column":21}}},"fnMap":{"0":{"name":"(anonymous_0)","decl":{"start":{"line":17,"column":24},"end":{"line":17,"column":25}},"loc":{"start":{"line":17,"column":76},"end":{"line":26,"column":1}},"line":17},"1":{"name":"(anonymous_1)","decl":{"start":{"line":28,"column":24},"end":{"line":28,"column":25}},"loc":{"start":{"line":28,"column":79},"end":{"line":40,"column":1}},"line":28},"2":{"name":"(anonymous_2)","decl":{"start":{"line":42,"column":25},"end":{"line":42,"column":26}},"loc":{"start":{"line":42,"column":66},"end":{"line":51,"column":1}},"line":42},"3":{"name":"(anonymous_3)","decl":{"start":{"line":53,"column":33},"end":{"line":53,"column":34}},"loc":{"start":{"line":53,"column":63},"end":{"line":85,"column":1}},"line":53},"4":{"name":"(anonymous_4)","decl":{"start":{"line":87,"column":32},"end":{"line":87,"column":33}},"loc":{"start":{"line":87,"column":62},"end":{"line":96,"column":1}},"line":87},"5":{"name":"(anonymous_5)","decl":{"start":{"line":99,"column":29},"end":{"line":99,"column":30}},"loc":{"start":{"line":100,"column":2},"end":{"line":100,"column":59}},"line":100},"6":{"name":"(anonymous_6)","decl":{"start":{"line":102,"column":29},"end":{"line":102,"column":30}},"loc":{"start":{"line":103,"column":2},"end":{"line":103,"column":62}},"line":103},"7":{"name":"(anonymous_7)","decl":{"start":{"line":105,"column":29},"end":{"line":105,"column":30}},"loc":{"start":{"line":106,"column":2},"end":{"line":106,"column":45}},"line":106},"8":{"name":"(anonymous_8)","decl":{"start":{"line":108,"column":29},"end":{"line":108,"column":30}},"loc":{"start":{"line":109,"column":2},"end":{"line":109,"column":52}},"line":109},"9":{"name":"(anonymous_9)","decl":{"start":{"line":111,"column":26},"end":{"line":111,"column":27}},"loc":{"start":{"line":112,"column":2},"end":{"line":112,"column":39}},"line":112},"10":{"name":"(anonymous_10)","decl":{"start":{"line":114,"column":26},"end":{"line":114,"column":27}},"loc":{"start":{"line":115,"column":2},"end":{"line":115,"column":46}},"line":115},"11":{"name":"(anonymous_11)","decl":{"start":{"line":117,"column":26},"end":{"line":117,"column":27}},"loc":{"start":{"line":118,"column":2},"end":{"line":118,"column":39}},"line":118},"12":{"name":"(anonymous_12)","decl":{"start":{"line":120,"column":26},"end":{"line":120,"column":27}},"loc":{"start":{"line":121,"column":2},"end":{"line":121,"column":46}},"line":121},"13":{"name":"(anonymous_13)","decl":{"start":{"line":123,"column":24},"end":{"line":123,"column":25}},"loc":{"start":{"line":124,"column":2},"end":{"line":124,"column":35}},"line":124},"14":{"name":"(anonymous_14)","decl":{"start":{"line":126,"column":24},"end":{"line":126,"column":25}},"loc":{"start":{"line":127,"column":2},"end":{"line":127,"column":42}},"line":127},"15":{"name":"(anonymous_15)","decl":{"start":{"line":129,"column":35},"end":{"line":129,"column":36}},"loc":{"start":{"line":130,"column":2},"end":{"line":130,"column":61}},"line":130},"16":{"name":"(anonymous_16)","decl":{"start":{"line":132,"column":35},"end":{"line":132,"column":36}},"loc":{"start":{"line":132,"column":69},"end":{"line":135,"column":1}},"line":132},"17":{"name":"(anonymous_17)","decl":{"start":{"line":137,"column":28},"end":{"line":137,"column":29}},"loc":{"start":{"line":138,"column":2},"end":{"line":138,"column":44}},"line":138},"18":{"name":"(anonymous_18)","decl":{"start":{"line":140,"column":28},"end":{"line":140,"column":29}},"loc":{"start":{"line":141,"column":2},"end":{"line":141,"column":40}},"line":141},"19":{"name":"(anonymous_19)","decl":{"start":{"line":143,"column":36},"end":{"line":143,"column":37}},"loc":{"start":{"line":144,"column":2},"end":{"line":144,"column":55}},"line":144},"20":{"name":"(anonymous_20)","decl":{"start":{"line":146,"column":36},"end":{"line":146,"column":37}},"loc":{"start":{"line":147,"column":2},"end":{"line":147,"column":50}},"line":147},"21":{"name":"(anonymous_21)","decl":{"start":{"line":149,"column":33},"end":{"line":149,"column":34}},"loc":{"start":{"line":150,"column":2},"end":{"line":150,"column":47}},"line":150},"22":{"name":"(anonymous_22)","decl":{"start":{"line":152,"column":43},"end":{"line":152,"column":44}},"loc":{"start":{"line":152,"column":73},"end":{"line":158,"column":1}},"line":152}},"branchMap":{"0":{"loc":{"start":{"line":31,"column":4},"end":{"line":34,"column":5}},"type":"if","locations":[{"start":{"line":31,"column":4},"end":{"line":34,"column":5}},{"start":{},"end":{}}],"line":31},"1":{"loc":{"start":{"line":73,"column":4},"end":{"line":78,"column":5}},"type":"if","locations":[{"start":{"line":73,"column":4},"end":{"line":78,"column":5}},{"start":{"line":76,"column":11},"end":{"line":78,"column":5}}],"line":73},"2":{"loc":{"start":{"line":100,"column":11},"end":{"line":100,"column":47}},"type":"binary-expr","locations":[{"start":{"line":100,"column":11},"end":{"line":100,"column":20}},{"start":{"line":100,"column":24},"end":{"line":100,"column":47}}],"line":100},"3":{"loc":{"start":{"line":103,"column":11},"end":{"line":103,"column":47}},"type":"binary-expr","locations":[{"start":{"line":103,"column":11},"end":{"line":103,"column":20}},{"start":{"line":103,"column":24},"end":{"line":103,"column":47}}],"line":103},"4":{"loc":{"start":{"line":154,"column":2},"end":{"line":156,"column":3}},"type":"if","locations":[{"start":{"line":154,"column":2},"end":{"line":156,"column":3}},{"start":{},"end":{}}],"line":154}},"s":{"0":0,"1":0,"2":0,"3":0,"4":0,"5":0,"6":0,"7":0,"8":0,"9":0,"10":0,"11":0,"12":0,"13":0,"14":0,"15":0,"16":0,"17":0,"18":0,"19":0,"20":0,"21":0,"22":0,"23":0,"24":0,"25":0,"26":0,"27":0,"28":0,"29":0,"30":0,"31":0,"32":0,"33":0,"34":0,"35":0,"36":0,"37":0,"38":0,"39":0,"40":0,"41":0,"42":0,"43":0,"44":0,"45":0,"46":0,"47":0,"48":0,"49":0,"50":0,"51":0,"52":0,"53":0,"54":0,"55":0,"56":0,"57":0,"58":0,"59":0,"60":0,"61":0,"62":0,"63":0,"64":0,"65":0,"66":0,"67":0,"68":0,"69":0,"70":0,"71":0,"72":0,"73":0,"74":0,"75":0,"76":0,"77":0,"78":0,"79":0,"80":0,"81":0,"82":0,"83":0,"84":0,"85":0},"f":{"0":0,"1":0,"2":0,"3":0,"4":0,"5":0,"6":0,"7":0,"8":0,"9":0,"10":0,"11":0,"12":0,"13":0,"14":0,"15":0,"16":0,"17":0,"18":0,"19":0,"20":0,"21":0,"22":0},"b":{"0":[0,0],"1":[0,0],"2":[0,0],"3":[0,0],"4":[0,0]}}
,"/Users/Richao/KandyWarz/candyWarz/src/utils/responsive.ts": {"path":"/Users/Richao/KandyWarz/candyWarz/src/utils/responsive.ts","statementMap":{"0":{"start":{"line":4,"column":35},"end":{"line":7,"column":1}},"1":{"start":{"line":5,"column":28},"end":{"line":5,"column":52}},"2":{"start":{"line":6,"column":2},"end":{"line":6,"column":27}},"3":{"start":{"line":10,"column":33},"end":{"line":18,"column":1}},"4":{"start":{"line":11,"column":21},"end":{"line":11,"column":42}},"5":{"start":{"line":13,"column":2},"end":{"line":13,"column":42}},"6":{"start":{"line":13,"column":21},"end":{"line":13,"column":42}},"7":{"start":{"line":14,"column":2},"end":{"line":14,"column":36}},"8":{"start":{"line":14,"column":21},"end":{"line":14,"column":36}},"9":{"start":{"line":15,"column":2},"end":{"line":15,"column":37}},"10":{"start":{"line":15,"column":21},"end":{"line":15,"column":37}},"11":{"start":{"line":16,"column":2},"end":{"line":16,"column":36}},"12":{"start":{"line":16,"column":21},"end":{"line":16,"column":36}},"13":{"start":{"line":17,"column":2},"end":{"line":17,"column":23}},"14":{"start":{"line":21,"column":34},"end":{"line":21,"column":77}},"15":{"start":{"line":21,"column":40},"end":{"line":21,"column":77}},"16":{"start":{"line":22,"column":29},"end":{"line":22,"column":89}},"17":{"start":{"line":22,"column":35},"end":{"line":22,"column":89}},"18":{"start":{"line":23,"column":30},"end":{"line":23,"column":68}},"19":{"start":{"line":23,"column":36},"end":{"line":23,"column":68}},"20":{"start":{"line":24,"column":29},"end":{"line":24,"column":89}},"21":{"start":{"line":24,"column":35},"end":{"line":24,"column":89}},"22":{"start":{"line":27,"column":34},"end":{"line":42,"column":1}},"23":{"start":{"line":33,"column":19},"end":{"line":33,"column":38}},"24":{"start":{"line":34,"column":2},"end":{"line":41,"column":3}},"25":{"start":{"line":35,"column":24},"end":{"line":35,"column":47}},"26":{"start":{"line":36,"column":18},"end":{"line":36,"column":36}},"27":{"start":{"line":37,"column":19},"end":{"line":37,"column":38}},"28":{"start":{"line":40,"column":13},"end":{"line":40,"column":31}},"29":{"start":{"line":45,"column":33},"end":{"line":75,"column":1}},"30":{"start":{"line":47,"column":26},"end":{"line":47,"column":59}},"31":{"start":{"line":48,"column":32},"end":{"line":48,"column":66}},"32":{"start":{"line":51,"column":22},"end":{"line":51,"column":54}},"33":{"start":{"line":52,"column":23},"end":{"line":52,"column":56}},"34":{"start":{"line":55,"column":23},"end":{"line":55,"column":56}},"35":{"start":{"line":56,"column":24},"end":{"line":56,"column":57}},"36":{"start":{"line":59,"column":22},"end":{"line":59,"column":53}},"37":{"start":{"line":60,"column":23},"end":{"line":60,"column":55}},"38":{"start":{"line":61,"column":19},"end":{"line":61,"column":51}},"39":{"start":{"line":64,"column":19},"end":{"line":64,"column":53}},"40":{"start":{"line":65,"column":22},"end":{"line":65,"column":56}},"41":{"start":{"line":66,"column":18},"end":{"line":66,"column":52}},"42":{"start":{"line":67,"column":24},"end":{"line":67,"column":58}},"43":{"start":{"line":70,"column":21},"end":{"line":70,"column":54}},"44":{"start":{"line":71,"column":21},"end":{"line":71,"column":53}},"45":{"start":{"line":74,"column":23},"end":{"line":74,"column":62}}},"fnMap":{"0":{"name":"(anonymous_0)","decl":{"start":{"line":4,"column":35},"end":{"line":4,"column":36}},"loc":{"start":{"line":4,"column":41},"end":{"line":7,"column":1}},"line":4},"1":{"name":"(anonymous_1)","decl":{"start":{"line":10,"column":33},"end":{"line":10,"column":34}},"loc":{"start":{"line":10,"column":39},"end":{"line":18,"column":1}},"line":10},"2":{"name":"(anonymous_2)","decl":{"start":{"line":21,"column":34},"end":{"line":21,"column":35}},"loc":{"start":{"line":21,"column":40},"end":{"line":21,"column":77}},"line":21},"3":{"name":"(anonymous_3)","decl":{"start":{"line":22,"column":29},"end":{"line":22,"column":30}},"loc":{"start":{"line":22,"column":35},"end":{"line":22,"column":89}},"line":22},"4":{"name":"(anonymous_4)","decl":{"start":{"line":23,"column":30},"end":{"line":23,"column":31}},"loc":{"start":{"line":23,"column":36},"end":{"line":23,"column":68}},"line":23},"5":{"name":"(anonymous_5)","decl":{"start":{"line":24,"column":29},"end":{"line":24,"column":30}},"loc":{"start":{"line":24,"column":35},"end":{"line":24,"column":89}},"line":24},"6":{"name":"(anonymous_6)","decl":{"start":{"line":27,"column":34},"end":{"line":27,"column":35}},"loc":{"start":{"line":32,"column":5},"end":{"line":42,"column":1}},"line":32},"7":{"name":"(anonymous_7)","decl":{"start":{"line":47,"column":20},"end":{"line":47,"column":21}},"loc":{"start":{"line":47,"column":26},"end":{"line":47,"column":59}},"line":47},"8":{"name":"(anonymous_8)","decl":{"start":{"line":48,"column":26},"end":{"line":48,"column":27}},"loc":{"start":{"line":48,"column":32},"end":{"line":48,"column":66}},"line":48},"9":{"name":"(anonymous_9)","decl":{"start":{"line":51,"column":16},"end":{"line":51,"column":17}},"loc":{"start":{"line":51,"column":22},"end":{"line":51,"column":54}},"line":51},"10":{"name":"(anonymous_10)","decl":{"start":{"line":52,"column":17},"end":{"line":52,"column":18}},"loc":{"start":{"line":52,"column":23},"end":{"line":52,"column":56}},"line":52},"11":{"name":"(anonymous_11)","decl":{"start":{"line":55,"column":17},"end":{"line":55,"column":18}},"loc":{"start":{"line":55,"column":23},"end":{"line":55,"column":56}},"line":55},"12":{"name":"(anonymous_12)","decl":{"start":{"line":56,"column":18},"end":{"line":56,"column":19}},"loc":{"start":{"line":56,"column":24},"end":{"line":56,"column":57}},"line":56},"13":{"name":"(anonymous_13)","decl":{"start":{"line":59,"column":16},"end":{"line":59,"column":17}},"loc":{"start":{"line":59,"column":22},"end":{"line":59,"column":53}},"line":59},"14":{"name":"(anonymous_14)","decl":{"start":{"line":60,"column":17},"end":{"line":60,"column":18}},"loc":{"start":{"line":60,"column":23},"end":{"line":60,"column":55}},"line":60},"15":{"name":"(anonymous_15)","decl":{"start":{"line":61,"column":13},"end":{"line":61,"column":14}},"loc":{"start":{"line":61,"column":19},"end":{"line":61,"column":51}},"line":61},"16":{"name":"(anonymous_16)","decl":{"start":{"line":64,"column":13},"end":{"line":64,"column":14}},"loc":{"start":{"line":64,"column":19},"end":{"line":64,"column":53}},"line":64},"17":{"name":"(anonymous_17)","decl":{"start":{"line":65,"column":16},"end":{"line":65,"column":17}},"loc":{"start":{"line":65,"column":22},"end":{"line":65,"column":56}},"line":65},"18":{"name":"(anonymous_18)","decl":{"start":{"line":66,"column":12},"end":{"line":66,"column":13}},"loc":{"start":{"line":66,"column":18},"end":{"line":66,"column":52}},"line":66},"19":{"name":"(anonymous_19)","decl":{"start":{"line":67,"column":18},"end":{"line":67,"column":19}},"loc":{"start":{"line":67,"column":24},"end":{"line":67,"column":58}},"line":67},"20":{"name":"(anonymous_20)","decl":{"start":{"line":70,"column":15},"end":{"line":70,"column":16}},"loc":{"start":{"line":70,"column":21},"end":{"line":70,"column":54}},"line":70},"21":{"name":"(anonymous_21)","decl":{"start":{"line":71,"column":15},"end":{"line":71,"column":16}},"loc":{"start":{"line":71,"column":21},"end":{"line":71,"column":53}},"line":71},"22":{"name":"(anonymous_22)","decl":{"start":{"line":74,"column":17},"end":{"line":74,"column":18}},"loc":{"start":{"line":74,"column":23},"end":{"line":74,"column":62}},"line":74}},"branchMap":{"0":{"loc":{"start":{"line":13,"column":2},"end":{"line":13,"column":42}},"type":"if","locations":[{"start":{"line":13,"column":2},"end":{"line":13,"column":42}},{"start":{},"end":{}}],"line":13},"1":{"loc":{"start":{"line":14,"column":2},"end":{"line":14,"column":36}},"type":"if","locations":[{"start":{"line":14,"column":2},"end":{"line":14,"column":36}},{"start":{},"end":{}}],"line":14},"2":{"loc":{"start":{"line":15,"column":2},"end":{"line":15,"column":37}},"type":"if","locations":[{"start":{"line":15,"column":2},"end":{"line":15,"column":37}},{"start":{},"end":{}}],"line":15},"3":{"loc":{"start":{"line":16,"column":2},"end":{"line":16,"column":36}},"type":"if","locations":[{"start":{"line":16,"column":2},"end":{"line":16,"column":36}},{"start":{},"end":{}}],"line":16},"4":{"loc":{"start":{"line":34,"column":2},"end":{"line":41,"column":3}},"type":"switch","locations":[{"start":{"line":35,"column":4},"end":{"line":35,"column":47}},{"start":{"line":36,"column":4},"end":{"line":36,"column":36}},{"start":{"line":37,"column":4},"end":{"line":37,"column":38}},{"start":{"line":38,"column":4},"end":{"line":38,"column":17}},{"start":{"line":39,"column":4},"end":{"line":39,"column":23}},{"start":{"line":40,"column":4},"end":{"line":40,"column":31}}],"line":34},"5":{"loc":{"start":{"line":74,"column":23},"end":{"line":74,"column":62}},"type":"binary-expr","locations":[{"start":{"line":74,"column":23},"end":{"line":74,"column":43}},{"start":{"line":74,"column":47},"end":{"line":74,"column":62}}],"line":74}},"s":{"0":0,"1":0,"2":0,"3":0,"4":0,"5":0,"6":0,"7":0,"8":0,"9":0,"10":0,"11":0,"12":0,"13":0,"14":0,"15":0,"16":0,"17":0,"18":0,"19":0,"20":0,"21":0,"22":0,"23":0,"24":0,"25":0,"26":0,"27":0,"28":0,"29":0,"30":0,"31":0,"32":0,"33":0,"34":0,"35":0,"36":0,"37":0,"38":0,"39":0,"40":0,"41":0,"42":0,"43":0,"44":0,"45":0},"f":{"0":0,"1":0,"2":0,"3":0,"4":0,"5":0,"6":0,"7":0,"8":0,"9":0,"10":0,"11":0,"12":0,"13":0,"14":0,"15":0,"16":0,"17":0,"18":0,"19":0,"20":0,"21":0,"22":0},"b":{"0":[0,0],"1":[0,0],"2":[0,0],"3":[0,0],"4":[0,0,0,0,0,0],"5":[0,0]}}
}
